
  ___  ____  ____  ____  ____ ®
 /__    /   ____/   /   ____/      18.0
___/   /   /___/   /   /___/       MP—Parallel Edition

 Statistics and Data Science       Copyright 1985-2023 StataCorp LLC
                                   StataCorp
                                   4905 Lakeway Drive
                                   College Station, Texas 77845 USA
                                   800-STATA-PC        https://www.stata.com
                                   979-696-4600        stata@stata.com

Stata license: 5-user 8-core network perpetual
Serial number: 501806372583
  Licensed to: Econ Department
               Cornell University, Ithaca, NY

Notes:
      1. Stata is running in batch mode.
      2. Unicode is supported; see help unicode_advice.
      3. More than 2 billion observations are allowed; see help obs_advice.
      4. Maximum number of variables is set to 5,000 but can be increased;
          see help set_maxvar.

. do master_LOOP1.do /logs/slurm_LOOP1.log 

. // Poaching Project
. // Created by: Fabiano Dal-Ri
. // (fd237@cornell.edu; dalri.fabiano@gmail.com)
. // Date created: April 2024
. 
. // Purpose: Master file for the "Poaching" project
. 
. *--------------------------*
. * SET UP
. *--------------------------*
. 
.         // working directory
.         cd "/home/ecco_rais/data/interwrk/daniela_group"
/home/ecco_rais/data/interwrk/daniela_group

.         
.         // clearing session
.         clear all

.         macro drop _all

. 
.         // default color scheme
.         set scheme s1color

.         
.         // globals -- input files
.         
.         global RAIS_Clean       "RAIS/output/data/identified/RAIS_Clean"

.         global AKM              "akm/output/data"

.         global JointMovements   "displacement/output/data/JointMovements"

.         global Owners           "fabiano/jmp/output/data/Owners"

.         global Firms_Panel      "fabiano/jmp/output/data/Firms_Panel"   

.         
.         // globals -- paths in this folder
.         
.         global input            "poaching/input"

.         global prepare          "poaching/programs/prepare"

.         global analysis         "poaching/programs/analysis"

.         global auxiliary        "poaching/programs/auxiliary"

.         global data             "poaching/output/data"

.         global results          "poaching/output/results"

.         global temp             "poaching/temp"

.         
.         // globals -- analysis
.         
.         global evt_vars evt_l9 evt_l8 evt_l7 evt_l6 evt_l5 evt_l4 evt_zero ev
> t_l2 evt_l1 ///
>               evt_f0 evt_f1 evt_f2 evt_f3 evt_f4 evt_f5 evt_f6 evt_f7 evt_f8 
> evt_f9 evt_f10 evt_f11 evt_f12     

.         
. *-----------------------------------------*
. * POPULATING INPUT FOLDER
. *-----------------------------------------*
. 
.         // "auxiliary" folder:
.         // -- ipca_brazil.dta: taken from other projects; no raw files availa
> ble anymore
.         // -- minwage_brazil.dta: taken from other projects; no raw files ava
> ilable anymore
.         // -- georegions.dta: taken from Fabiano's JMP
.         
. *-----------------------------------------*
. * PREPARE
. *-----------------------------------------*
. 
. // PART I: organizing RAIS data 
. 
.         // create a monthly RAIS panel
.         *do "${prepare}/rais_m"
.         
. // PART II: constructing auxiliary data sets
. 
.         // calculate average number of employees
.         *do "${prepare}/plantsize_m"
.         
.         // calculate wage growth variables at the plant-level
.         *do "${prepare}/wagegrowth_m"
.         
.         // calculate industry growth (employment)
.         *do "${prepare}/industrygrowth_m" // IN PROGRESS
.         
.         // calculate positive employment dummy variable
.         *do "${prepare}/posemp_m"
.                         
.         // identify joing movements
.         *do "${prepare}/jointmvt"
. 
. // PART III: constructing intermediate data sets
. 
.         // identifying poaching events
.         *do "${prepare}/202503_evt_m"
.                 
.                 // identifying the main poached individual
.                 *do "${prepare}/202503_mainpc"
.                 
.                 // identifying event types
.                 *do "${prepare}/202503_evttype"
.         
.         // constructing worker-level panel with coworkers of the poached indi
> viduals
.         *do "${prepare}/202503_cowork_panel_m"
.         
.         // constructing event-level panel with poaching plants (destination p
> lants)
.         *do "${prepare}/202503_evt_panel_m"
.         
.         // constructing worker-level data set with poaching firms in t=0
.         *do "${prepare}/202503_dest_panel_m"
.         
.         // event-level data set
.         *do "${prepare}/202503_poach_ind"
.         do "${prepare}/202503_poach_ind_LOOP1"

. // Poaching Project
. // Created by: Fabiano Dal-Ri
. // (fd237@cornell.edu; dalri.fabiano@gmail.com)
. // Date created: August 2024
. 
. // Purpose: Create data set with poached individuals only
. 
. *--------------------------*
. * BUILD
. *--------------------------*
. 
. // variables from cowork_panel_m
. 
.         // this panel will be constructed separately for each cohort
.         foreach ym of numlist 601/611 { 
  2. 
.         use "${data}/202503_cowork_panel_m/202503_o_cw_`ym'", clear
  3.         
.         // creating alternative raided workers variable -- MOVE THIS TO COWOR
> K_PANEL_M_SPV, EVENTUALLY
.         // reassigning poached individuals who are not the main one as raided
>  individuals
.         
.                 gen raidpc = (raid == 1 | (ym_rel == 0 & pc_individual == 1 &
>  main_individual == 0))
  4.                 
.                 gen raidpc_individual = (raid_individual == 1 | (pc_individua
> l == 1 & main_individual == 0))
  5.                         
.         // organizing variables we want to keep
.         
.                 // cnae_o, cnae_d
.                 
.                 tostring cnae20_class, gen(cnae20_class_str) format(%05.0f)
  6.                 gen cnae20_2d = substr(cnae20_class_str, 1, 2)
  7.                 destring cnae20_2d, force replace
  8.                 
.                 gen cnae_o_temp = cnae20_2d if ym_rel == -12
  9.                 egen cnae_o = max(cnae_o_temp), by(eventid)
 10.                 
.                 gen cnae_d_temp = cnae20_2d if ym_rel == 0
 11.                 egen cnae_d = max(cnae_d_temp), by(eventid)
 12.                 
.                 drop cnae20_class_str cnae20_2d cnae_o_temp cnae_d_temp
 13.                 
.                 // o_avg_worker_naive_fe
.                 
.                 gen o_avg_worker_naive_fe_temp = worker_naive_fe if ym_rel ==
>  -12
 14.                 egen o_avg_worker_naive_fe = mean(o_avg_worker_naive_fe_te
> mp), by(eventid)
 15.                 
.                 drop o_avg_worker_naive_fe_temp
 16.                 
.                 // o_avg_worker_akm_fe
.                 
.                 gen o_avg_worker_akm_fe_temp = worker_akm_fe if ym_rel == -12
 17.                 egen o_avg_worker_akm_fe = mean(o_avg_worker_akm_fe_temp),
>  by(eventid)
 18.                 
.                 drop o_avg_worker_akm_fe_temp
 19.                 
.                 // o_size
.         
.                 gen o_size_temp = 1 if ym_rel == -12
 20.                 egen o_size = sum(o_size_temp), by(eventid)
 21.                 
.                 drop o_size_temp
 22.                 
.                 // pc_age
.                 
.                 gen pc_age_temp = age if ym_rel == -12 & pc_individual == 1
 23.                 egen pc_age = mean(pc_age_temp), by(eventid)
 24.                 
.                 drop pc_age_temp
 25.                 
.                         // pc_age
.                 
.                         gen main_age_temp = age if ym_rel == -12 & main_indiv
> idual == 1
 26.                         egen main_age = mean(main_age_temp), by(eventid)
 27.                 
.                         drop main_age_temp
 28.                 
.                 // pc_exp
.                 
.                 gen pc_exp_temp = age - educ_years - 6 if ym_rel == -12 & pc_
> individual == 1
 29.                 
.                         // note: in some cases, this is negative or zero
.                         // issue: young people with too many education years
.                         // in these cases, we assign pc_exp = 1 (they were em
> ployed, after all)
.                         replace pc_exp_temp = 1 if pc_exp <= 0
 30.                         
.                 egen pc_exp = mean(pc_exp_temp), by(eventid)
 31.                 
.                 drop pc_exp_temp
 32.                 
.                         // main_exp
.                 
.                         gen main_exp_temp = age - educ_years - 6 if ym_rel ==
>  -12 & main_individual == 1
 33.                 
.                                 // note: in some cases, this is negative or z
> ero
.                                 // issue: young people with too many educatio
> n years
.                                 // in these cases, we assign main_exp = 1 (th
> ey were employed, after all)
.                                 replace main_exp_temp = 1 if main_exp <= 0
 34.                                 
.                         egen main_exp = mean(main_exp_temp), by(eventid)
 35.                         
.                         drop main_exp_temp
 36.                 
.                 // pc_worker_naive_fe
.                 
.                 gen pc_worker_naive_fe_temp = worker_naive_fe if ym_rel == -1
> 2 & pc_individual == 1
 37.                 egen pc_worker_naive_fe = mean(pc_worker_naive_fe_temp), b
> y(eventid)
 38.                 
.                 drop pc_worker_naive_fe_temp
 39.                 
.                         // main_worker_naive_fe
.                 
.                         gen main_worker_naive_fe_temp = worker_naive_fe if ym
> _rel == -12 & main_individual == 1
 40.                         egen main_worker_naive_fe = mean(main_worker_naive
> _fe_temp), by(eventid)
 41.                 
.                         drop main_worker_naive_fe_temp
 42.                         
.                 // pc_worker_akm_fe
.                 
.                 gen pc_worker_akm_fe_temp = worker_akm_fe if ym_rel == -12 & 
> pc_individual == 1
 43.                 egen pc_worker_akm_fe = mean(pc_worker_akm_fe_temp), by(ev
> entid)
 44.                 
.                 drop pc_worker_akm_fe_temp
 45.                 
.                         // main_worker_akm_fe
.                 
.                         gen main_worker_akm_fe_temp = worker_akm_fe if ym_rel
>  == -12 & main_individual == 1
 46.                         egen main_worker_akm_fe = mean(main_worker_akm_fe_
> temp), by(eventid)
 47.                 
.                         drop main_worker_akm_fe_temp    
 48.         
.                 // pc_wage_d
.                 
.                 gen pc_wage_d_temp = wage_real_ln if ym_rel == 0 & pc_individ
> ual == 1
 49.                 egen pc_wage_d = mean(pc_wage_d_temp), by(eventid)
 50.                 
.                 drop pc_wage_d_temp
 51.                 
.                         // main_wage_d
.                 
.                         gen main_wage_d_temp = wage_real_ln if ym_rel == 0 & 
> main_individual == 1
 52.                         egen main_wage_d = mean(main_wage_d_temp), by(even
> tid)
 53.                         
.                         drop main_wage_d_temp
 54.                 
.                 // pc_wage_d_lvl
.                 
.                 gen pc_wage_d_lvl_temp = wage_real if ym_rel == 0 & pc_indivi
> dual == 1
 55.                 egen pc_wage_d_lvl = mean(pc_wage_d_lvl_temp), by(eventid)
 56.                 
.                 drop pc_wage_d_lvl_temp
 57.                 
.                         // main_wage_d_lvl
.                 
.                         gen main_wage_d_lvl_temp = wage_real if ym_rel == 0 &
>  main_individual == 1
 58.                         egen main_wage_d_lvl = mean(main_wage_d_lvl_temp),
>  by(eventid)
 59.                         
.                         drop main_wage_d_lvl_temp
 60.                         
.                 // pc_wage_o_l1
.                 
.                 gen pc_wage_o_l1_temp = wage_real_ln if ym_rel == -1 & pc_ind
> ividual == 1
 61.                 egen pc_wage_o_l1 = mean(pc_wage_o_l1_temp), by(eventid)
 62.                 
.                 drop pc_wage_o_l1_temp
 63.                 
.                         // pc_wage_o_l1
.                 
.                         gen main_wage_o_l1_temp = wage_real_ln if ym_rel == -
> 1 & main_individual == 1
 64.                         egen main_wage_o_l1 = mean(main_wage_o_l1_temp), b
> y(eventid)
 65.                         
.                         drop main_wage_o_l1_temp
 66.                         
.                 // pc_wage_o_l1_lvl
.                 
.                 gen pc_wage_o_l1_lvl_temp = wage_real if ym_rel == -1 & pc_in
> dividual == 1
 67.                 egen pc_wage_o_l1_lvl = mean(pc_wage_o_l1_lvl_temp), by(ev
> entid)
 68.                 
.                 drop pc_wage_o_l1_lvl_temp
 69.                 
.                         // main_wage_o_l1_lvl
.                 
.                         gen main_wage_o_l1_lvl_temp = wage_real if ym_rel == 
> -1 & main_individual == 1
 70.                         egen main_wage_o_l1_lvl = mean(main_wage_o_l1_lvl_
> temp), by(eventid)
 71.                         
.                         drop main_wage_o_l1_lvl_temp
 72.                         
.                 // rd_coworker_naive_fe
.                 
.                 gen rd_coworker_naive_fe_temp = worker_naive_fe if ym_rel == 
> -12 & raid_individual == 1
 73.                 egen rd_coworker_naive_fe = mean(rd_coworker_naive_fe_temp
> ), by(eventid)
 74.                 
.                 drop rd_coworker_naive_fe_temp
 75.                 
.                         // rdpc_coworker_naive_fe
.                 
.                         gen rdpc_coworker_naive_fe_temp = worker_naive_fe if 
> ym_rel == -12 & raidpc_individual == 1
 76.                         egen rdpc_coworker_naive_fe = mean(rdpc_coworker_n
> aive_fe_temp), by(eventid)
 77.                         
.                         drop rdpc_coworker_naive_fe_temp
 78. 
.                 // rd_coworker_akm_fe
.                 
.                 gen rd_coworker_akm_fe_temp = worker_akm_fe if ym_rel == -12 
> & raid_individual == 1
 79.                 egen rd_coworker_akm_fe = mean(rd_coworker_akm_fe_temp), b
> y(eventid)
 80.                 
.                 drop rd_coworker_akm_fe_temp
 81.                 
.                         // rdpc_coworker_akm_fe
.                 
.                         gen rdpc_coworker_akm_fe_temp = worker_akm_fe if ym_r
> el == -12 & raidpc_individual == 1
 82.                         egen rdpc_coworker_akm_fe = mean(rdpc_coworker_akm
> _fe_temp), by(eventid)
 83.                         
.                         drop rdpc_coworker_akm_fe_temp  
 84.                         
.                 // rd_coworker_n
.                 
.                 gen rd_coworker_n_temp = 1 if ym_rel == -12 & raid_individual
>  == 1
 85.                 egen rd_coworker_n = sum(rd_coworker_n_temp), by(eventid)
 86.                 
.                 drop rd_coworker_n_temp
 87.                 
.                         // rdpc_coworker_n
.                 
.                         gen rdpc_coworker_n_temp = 1 if ym_rel == -12 & raidp
> c_individual == 1
 88.                         egen rdpc_coworker_n = sum(rdpc_coworker_n_temp), 
> by(eventid)
 89.                 
.                         drop rdpc_coworker_n_temp
 90.                 
.                 // rd_coworker_wage_o_lvl
.                 
.                 gen rd_coworker_wage_o_lvl_temp = wage_real if ym_rel == -12 
> & raid_individual == 1
 91.                 egen rd_coworker_wage_o_lvl = mean(rd_coworker_wage_o_lvl_
> temp), by(eventid)
 92.                 
.                 drop rd_coworker_wage_o_lvl_temp
 93.                 
.                         // rdpc_coworker_wage_o_lvl
.                         
.                         gen rdpc_coworker_wage_o_lvl_temp = wage_real if ym_r
> el == -12 & raidpc_individual == 1
 94.                         egen rdpc_coworker_wage_o_lvl = mean(rdpc_coworker
> _wage_o_lvl_temp), by(eventid)
 95.                         
.                         drop rdpc_coworker_wage_o_lvl_temp
 96.                 
.                 // rd_coworker_wage_d_lvl
.                 
.                 gen rd_coworker_wage_d_lvl_temp = wage_real if raid == 1 & ra
> id_individual == 1
 97.                 egen rd_coworker_wage_d_lvl = mean(rd_coworker_wage_d_lvl_
> temp), by(eventid)
 98.                 
.                 drop rd_coworker_wage_d_lvl_temp
 99.                 
.                         // rdpc_coworker_wage_d_lvl
.                 
.                         gen rdpc_coworker_wage_d_lvl_temp = wage_real if raid
> pc == 1 & raidpc_individual == 1
100.                         egen rdpc_coworker_wage_d_lvl = mean(rdpc_coworker
> _wage_d_lvl_temp), by(eventid)
101.                         
.                         drop rdpc_coworker_wage_d_lvl_temp
102.                         
.         // keeping the variables we need
.         keep eventid cnae_d cnae_o o_avg_worker_naive_fe o_avg_worker_akm_fe 
> o_size pc_age main_age pc_exp main_exp ///
>                 pc_worker_naive_fe pc_worker_akm_fe main_worker_naive_fe main
> _worker_akm_fe ///
>                 pc_wage_d main_wage_d pc_wage_d_lvl main_wage_d_lvl pc_wage_o
> _l1 ///
>                 main_wage_o_l1 pc_wage_o_l1_lvl main_wage_o_l1_lvl rd_coworke
> r_naive_fe rd_coworker_akm_fe ///
>                 rdpc_coworker_naive_fe rdpc_coworker_akm_fe ///
>                 rd_coworker_n rdpc_coworker_n rd_coworker_wage_d_lvl rdpc_cow
> orker_wage_d_lvl ///
>                 rd_coworker_wage_o_lvl rdpc_coworker_wage_o_lvl
103.         
.         // keeping one observation per event
.         egen unique = tag(eventid)
104.         keep if unique == 1
105.         drop unique
106.         
.         // save temporary file
.         save "${temp}/from_cowork_panel_m_`ym'", replace
107.         
.         }
cnae20_class_str generated as str5
cnae20_2d: all characters numeric; replaced as byte
(8023240 missing values generated)
(45,135,240 missing values generated)
(45,507,945 missing values generated)
(45,553,175 missing values generated)
(45,297,511 missing values generated)
(45,135,240 missing values generated)
(47,011,370 missing values generated)
(47,011,997 missing values generated)
(47,011,370 missing values generated)
(50 real changes made)
(47,011,997 missing values generated)
(49 real changes made)
(47,012,333 missing values generated)
(9,306,550 missing values generated)
(47,012,849 missing values generated)
(9,524,925 missing values generated)
(47,011,802 missing values generated)
(3,736,275 missing values generated)
(47,012,396 missing values generated)
(3,769,775 missing values generated)
(47,011,370 missing values generated)
(47,011,997 missing values generated)
(47,011,370 missing values generated)
(47,011,997 missing values generated)
(47,011,370 missing values generated)
(47,011,997 missing values generated)
(47,011,370 missing values generated)
(47,011,997 missing values generated)
(47,006,320 missing values generated)
(22,480,725 missing values generated)
(47,005,804 missing values generated)
(22,026,900 missing values generated)
(47,004,535 missing values generated)
(20,806,900 missing values generated)
(47,003,941 missing values generated)
(20,352,175 missing values generated)
(47,003,250 missing values generated)
(47,002,623 missing values generated)
(47,003,250 missing values generated)
(20,274,300 missing values generated)
(47,002,623 missing values generated)
(19,734,125 missing values generated)
(47,003,250 missing values generated)
(20,274,300 missing values generated)
(47,002,623 missing values generated)
(19,734,125 missing values generated)
(47,011,997 observations deleted)
file poaching/temp/from_cowork_panel_m_601.dta saved
cnae20_class_str generated as str5
cnae20_2d: all characters numeric; replaced as byte
(10165352 missing values generated)
(55,863,240 missing values generated)
(56,330,557 missing values generated)
(56,425,382 missing values generated)
(56,105,313 missing values generated)
(55,863,240 missing values generated)
(58,185,054 missing values generated)
(58,185,696 missing values generated)
(58,185,054 missing values generated)
(72 real changes made)
(58,185,696 missing values generated)
(69 real changes made)
(58,186,411 missing values generated)
(12,786,600 missing values generated)
(58,186,925 missing values generated)
(13,018,350 missing values generated)
(58,185,666 missing values generated)
(5,943,275 missing values generated)
(58,186,268 missing values generated)
(6,070,475 missing values generated)
(58,185,054 missing values generated)
(58,185,696 missing values generated)
(58,185,054 missing values generated)
(58,185,696 missing values generated)
(58,185,054 missing values generated)
(58,185,696 missing values generated)
(58,185,054 missing values generated)
(58,185,696 missing values generated)
(58,181,067 missing values generated)
(29,989,375 missing values generated)
(58,180,553 missing values generated)
(29,557,950 missing values generated)
(58,179,009 missing values generated)
(27,999,050 missing values generated)
(58,178,407 missing values generated)
(27,542,450 missing values generated)
(58,177,157 missing values generated)
(58,176,515 missing values generated)
(58,177,157 missing values generated)
(26,856,125 missing values generated)
(58,176,515 missing values generated)
(26,382,575 missing values generated)
(58,177,157 missing values generated)
(26,856,125 missing values generated)
(58,176,515 missing values generated)
(26,382,575 missing values generated)
(58,185,696 observations deleted)
file poaching/temp/from_cowork_panel_m_602.dta saved
cnae20_class_str generated as str5
cnae20_2d: all characters numeric; replaced as byte
(9530471 missing values generated)
(53,996,424 missing values generated)
(54,429,801 missing values generated)
(54,546,100 missing values generated)
(3,600 missing values generated)
(54,253,115 missing values generated)
(3,600 missing values generated)
(53,996,424 missing values generated)
(56,240,533 missing values generated)
(56,241,480 missing values generated)
(56,240,533 missing values generated)
(71 real changes made)
(56,241,480 missing values generated)
(68 real changes made)
(56,241,901 missing values generated)
(12,538,325 missing values generated)
(56,242,631 missing values generated)
(13,124,375 missing values generated)
(56,241,145 missing values generated)
(5,417,550 missing values generated)
(56,242,014 missing values generated)
(5,559,375 missing values generated)
(56,240,533 missing values generated)
(56,241,480 missing values generated)
(56,240,533 missing values generated)
(56,241,480 missing values generated)
(56,240,533 missing values generated)
(56,241,480 missing values generated)
(56,240,533 missing values generated)
(56,241,480 missing values generated)
(56,235,888 missing values generated)
(27,470,700 missing values generated)
(56,235,158 missing values generated)
(27,145,625 missing values generated)
(56,233,596 missing values generated)
(26,297,225 missing values generated)
(56,232,727 missing values generated)
(26,008,550 missing values generated)
(56,231,425 missing values generated)
(56,230,478 missing values generated)
(56,231,425 missing values generated)
(24,851,150 missing values generated)
(56,230,478 missing values generated)
(24,548,800 missing values generated)
(56,231,425 missing values generated)
(24,851,150 missing values generated)
(56,230,478 missing values generated)
(24,548,800 missing values generated)
(56,241,480 observations deleted)
file poaching/temp/from_cowork_panel_m_603.dta saved
cnae20_class_str generated as str5
cnae20_2d: all characters numeric; replaced as byte
(10078618 missing values generated)
(57,261,480 missing values generated)
(57,711,618 missing values generated)
(57,871,104 missing values generated)
(57,560,965 missing values generated)
(57,261,480 missing values generated)
(59,641,561 missing values generated)
(59,642,356 missing values generated)
(59,641,561 missing values generated)
(108 real changes made)
(59,642,356 missing values generated)
(106 real changes made)
(59,642,965 missing values generated)
(13,903,775 missing values generated)
(59,643,613 missing values generated)
(14,133,425 missing values generated)
(59,642,250 missing values generated)
(7,375,425 missing values generated)
(59,642,988 missing values generated)
(7,392,725 missing values generated)
(59,641,561 missing values generated)
(59,642,356 missing values generated)
(59,641,561 missing values generated)
(59,642,356 missing values generated)
(59,641,561 missing values generated)
(59,642,356 missing values generated)
(59,641,561 missing values generated)
(59,642,356 missing values generated)
(59,636,375 missing values generated)
(27,658,575 missing values generated)
(59,635,727 missing values generated)
(27,343,350 missing values generated)
(59,634,229 missing values generated)
(25,990,875 missing values generated)
(59,633,491 missing values generated)
(25,672,625 missing values generated)
(59,631,869 missing values generated)
(59,631,074 missing values generated)
(59,631,869 missing values generated)
(25,006,000 missing values generated)
(59,631,074 missing values generated)
(24,610,350 missing values generated)
(59,631,869 missing values generated)
(25,006,000 missing values generated)
(59,631,074 missing values generated)
(24,610,350 missing values generated)
(59,642,356 observations deleted)
file poaching/temp/from_cowork_panel_m_604.dta saved
cnae20_class_str generated as str5
cnae20_2d: all characters numeric; replaced as byte
(10245375 missing values generated)
(57,652,440 missing values generated)
(58,107,292 missing values generated)
(58,277,466 missing values generated)
(57,969,038 missing values generated)
(57,652,440 missing values generated)
(60,049,024 missing values generated)
(60,049,723 missing values generated)
(60,049,024 missing values generated)
(75 real changes made)
(60,049,723 missing values generated)
(74 real changes made)
(60,050,347 missing values generated)
(13,312,450 missing values generated)
(60,050,912 missing values generated)
(13,900,775 missing values generated)
(60,049,677 missing values generated)
(6,488,400 missing values generated)
(60,050,321 missing values generated)
(6,641,150 missing values generated)
(60,049,024 missing values generated)
(60,049,723 missing values generated)
(60,049,024 missing values generated)
(60,049,723 missing values generated)
(60,049,024 missing values generated)
(60,049,723 missing values generated)
(60,049,024 missing values generated)
(60,049,723 missing values generated)
(60,044,088 missing values generated)
(28,847,825 missing values generated)
(60,043,523 missing values generated)
(28,603,775 missing values generated)
(60,041,952 missing values generated)
(27,308,575 missing values generated)
(60,041,308 missing values generated)
(27,128,350 missing values generated)
(60,039,601 missing values generated)
(60,038,902 missing values generated)
(60,039,601 missing values generated)
(26,353,325 missing values generated)
(60,038,902 missing values generated)
(26,179,200 missing values generated)
(60,039,601 missing values generated)
(26,353,325 missing values generated)
(60,038,902 missing values generated)
(26,179,200 missing values generated)
(60,049,723 observations deleted)
file poaching/temp/from_cowork_panel_m_605.dta saved
cnae20_class_str generated as str5
cnae20_2d: all characters numeric; replaced as byte
(10071876 missing values generated)
(57,295,416 missing values generated)
(57,738,770 missing values generated)
(57,941,167 missing values generated)
(57,630,860 missing values generated)
(57,295,416 missing values generated)
(59,677,001 missing values generated)
(59,677,900 missing values generated)
(59,677,001 missing values generated)
(76 real changes made)
(59,677,900 missing values generated)
(74 real changes made)
(59,678,441 missing values generated)
(14,135,050 missing values generated)
(59,679,170 missing values generated)
(14,526,200 missing values generated)
(59,677,761 missing values generated)
(6,606,425 missing values generated)
(59,678,580 missing values generated)
(6,779,775 missing values generated)
(59,677,001 missing values generated)
(59,677,900 missing values generated)
(59,677,001 missing values generated)
(59,677,900 missing values generated)
(59,677,001 missing values generated)
(59,677,900 missing values generated)
(59,677,001 missing values generated)
(59,677,900 missing values generated)
(59,672,184 missing values generated)
(28,940,525 missing values generated)
(59,671,455 missing values generated)
(28,559,700 missing values generated)
(59,670,084 missing values generated)
(27,771,225 missing values generated)
(59,669,265 missing values generated)
(27,380,675 missing values generated)
(59,667,732 missing values generated)
(59,666,833 missing values generated)
(59,667,732 missing values generated)
(26,333,975 missing values generated)
(59,666,833 missing values generated)
(25,964,950 missing values generated)
(59,667,732 missing values generated)
(26,333,975 missing values generated)
(59,666,833 missing values generated)
(25,964,950 missing values generated)
(59,677,900 observations deleted)
file poaching/temp/from_cowork_panel_m_606.dta saved
cnae20_class_str generated as str5
cnae20_2d: all characters numeric; replaced as byte
(10629960 missing values generated)
(58,736,208 missing values generated)
(59,197,243 missing values generated)
(59,415,734 missing values generated)
(59,096,766 missing values generated)
(58,736,208 missing values generated)
(61,177,469 missing values generated)
(61,178,436 missing values generated)
(61,177,469 missing values generated)
(122 real changes made)
(61,178,436 missing values generated)
(117 real changes made)
(61,179,090 missing values generated)
(15,546,300 missing values generated)
(61,179,843 missing values generated)
(15,771,475 missing values generated)
(61,178,347 missing values generated)
(7,543,625 missing values generated)
(61,179,217 missing values generated)
(7,593,075 missing values generated)
(61,177,469 missing values generated)
(61,178,436 missing values generated)
(61,177,469 missing values generated)
(61,178,436 missing values generated)
(61,177,469 missing values generated)
(61,178,436 missing values generated)
(61,177,469 missing values generated)
(61,178,436 missing values generated)
(61,171,923 missing values generated)
(28,920,125 missing values generated)
(61,171,170 missing values generated)
(28,608,225 missing values generated)
(61,169,357 missing values generated)
(27,138,875 missing values generated)
(61,168,487 missing values generated)
(26,849,475 missing values generated)
(61,166,458 missing values generated)
(61,165,491 missing values generated)
(61,166,458 missing values generated)
(25,580,100 missing values generated)
(61,165,491 missing values generated)
(25,251,675 missing values generated)
(61,166,458 missing values generated)
(25,580,100 missing values generated)
(61,165,491 missing values generated)
(25,251,675 missing values generated)
(61,178,436 observations deleted)
file poaching/temp/from_cowork_panel_m_607.dta saved
cnae20_class_str generated as str5
cnae20_2d: all characters numeric; replaced as byte
(10354343 missing values generated)
(57,972,936 missing values generated)
(58,419,086 missing values generated)
(58,629,436 missing values generated)
(58,331,720 missing values generated)
(57,972,936 missing values generated)
(60,382,320 missing values generated)
(60,383,428 missing values generated)
(60,382,320 missing values generated)
(122 real changes made)
(60,383,428 missing values generated)
(117 real changes made)
(60,384,006 missing values generated)
(16,411,800 missing values generated)
(60,384,887 missing values generated)
(17,000,600 missing values generated)
(60,383,249 missing values generated)
(9,096,500 missing values generated)
(60,384,255 missing values generated)
(9,270,100 missing values generated)
(60,382,320 missing values generated)
(60,383,428 missing values generated)
(60,382,320 missing values generated)
(60,383,428 missing values generated)
(60,382,320 missing values generated)
(60,383,428 missing values generated)
(60,382,320 missing values generated)
(60,383,428 missing values generated)
(60,377,972 missing values generated)
(29,901,975 missing values generated)
(60,377,091 missing values generated)
(29,450,850 missing values generated)
(60,375,620 missing values generated)
(28,457,575 missing values generated)
(60,374,614 missing values generated)
(27,896,850 missing values generated)
(60,372,644 missing values generated)
(60,371,536 missing values generated)
(60,372,644 missing values generated)
(27,039,925 missing values generated)
(60,371,536 missing values generated)
(26,558,550 missing values generated)
(60,372,644 missing values generated)
(27,039,925 missing values generated)
(60,371,536 missing values generated)
(26,558,550 missing values generated)
(60,383,428 observations deleted)
file poaching/temp/from_cowork_panel_m_608.dta saved
cnae20_class_str generated as str5
cnae20_2d: all characters numeric; replaced as byte
(10551939 missing values generated)
(57,814,632 missing values generated)
(58,263,064 missing values generated)
(58,509,396 missing values generated)
(58,206,651 missing values generated)
(57,814,632 missing values generated)
(60,217,730 missing values generated)
(60,218,631 missing values generated)
(60,217,730 missing values generated)
(133 real changes made)
(60,218,631 missing values generated)
(127 real changes made)
(60,219,378 missing values generated)
(15,385,450 missing values generated)
(60,220,098 missing values generated)
(16,095,175 missing values generated)
(60,218,658 missing values generated)
(9,067,850 missing values generated)
(60,219,465 missing values generated)
(9,253,225 missing values generated)
(60,217,730 missing values generated)
(60,218,631 missing values generated)
(60,217,730 missing values generated)
(60,218,631 missing values generated)
(60,217,730 missing values generated)
(60,218,631 missing values generated)
(60,217,730 missing values generated)
(60,218,631 missing values generated)
(60,210,812 missing values generated)
(27,980,825 missing values generated)
(60,210,092 missing values generated)
(27,542,050 missing values generated)
(60,208,243 missing values generated)
(26,643,175 missing values generated)
(60,207,436 missing values generated)
(26,194,025 missing values generated)
(60,204,468 missing values generated)
(60,203,567 missing values generated)
(60,204,468 missing values generated)
(24,725,075 missing values generated)
(60,203,567 missing values generated)
(24,268,300 missing values generated)
(60,204,468 missing values generated)
(24,725,075 missing values generated)
(60,203,567 missing values generated)
(24,268,300 missing values generated)
(60,218,631 observations deleted)
file poaching/temp/from_cowork_panel_m_609.dta saved
cnae20_class_str generated as str5
cnae20_2d: all characters numeric; replaced as byte
(10651142 missing values generated)
(56,385,432 missing values generated)
(56,839,073 missing values generated)
(57,086,793 missing values generated)
(56,787,308 missing values generated)
(56,385,432 missing values generated)
(58,729,116 missing values generated)
(58,729,899 missing values generated)
(58,729,116 missing values generated)
(134 real changes made)
(58,729,899 missing values generated)
(129 real changes made)
(58,730,802 missing values generated)
(16,298,775 missing values generated)
(58,731,370 missing values generated)
(16,920,475 missing values generated)
(58,730,050 missing values generated)
(8,814,700 missing values generated)
(58,730,724 missing values generated)
(9,163,350 missing values generated)
(58,729,116 missing values generated)
(58,729,899 missing values generated)
(58,729,116 missing values generated)
(58,729,899 missing values generated)
(58,729,116 missing values generated)
(58,729,899 missing values generated)
(58,729,116 missing values generated)
(58,729,899 missing values generated)
(58,723,258 missing values generated)
(29,644,950 missing values generated)
(58,722,690 missing values generated)
(29,410,900 missing values generated)
(58,720,832 missing values generated)
(27,855,575 missing values generated)
(58,720,158 missing values generated)
(27,609,500 missing values generated)
(58,717,549 missing values generated)
(58,716,766 missing values generated)
(58,717,549 missing values generated)
(25,867,350 missing values generated)
(58,716,766 missing values generated)
(25,607,100 missing values generated)
(58,717,549 missing values generated)
(25,867,350 missing values generated)
(58,716,766 missing values generated)
(25,607,100 missing values generated)
(58,729,899 observations deleted)
file poaching/temp/from_cowork_panel_m_610.dta saved
cnae20_class_str generated as str5
cnae20_2d: all characters numeric; replaced as byte
(8684412 missing values generated)
(47,891,808 missing values generated)
(48,270,086 missing values generated)
(48,484,167 missing values generated)
(48,235,271 missing values generated)
(47,891,808 missing values generated)
(49,882,362 missing values generated)
(49,883,418 missing values generated)
(49,882,362 missing values generated)
(103 real changes made)
(49,883,418 missing values generated)
(102 real changes made)
(49,883,752 missing values generated)
(15,169,700 missing values generated)
(49,884,599 missing values generated)
(15,587,400 missing values generated)
(49,883,144 missing values generated)
(8,127,525 missing values generated)
(49,884,100 missing values generated)
(8,312,225 missing values generated)
(49,882,362 missing values generated)
(49,883,418 missing values generated)
(49,882,362 missing values generated)
(49,883,418 missing values generated)
(49,882,362 missing values generated)
(49,883,418 missing values generated)
(49,882,362 missing values generated)
(49,883,418 missing values generated)
(49,878,428 missing values generated)
(23,892,325 missing values generated)
(49,877,581 missing values generated)
(23,716,300 missing values generated)
(49,876,537 missing values generated)
(22,869,975 missing values generated)
(49,875,581 missing values generated)
(22,703,600 missing values generated)
(49,873,700 missing values generated)
(49,872,644 missing values generated)
(49,873,700 missing values generated)
(21,176,875 missing values generated)
(49,872,644 missing values generated)
(21,016,325 missing values generated)
(49,873,700 missing values generated)
(21,176,875 missing values generated)
(49,872,644 missing values generated)
(21,016,325 missing values generated)
(49,883,418 observations deleted)
file poaching/temp/from_cowork_panel_m_611.dta saved

.         
.         /*
>         
>         // appending monthly files
> 
>         clear 
>                 
>         foreach ym of numlist 601/611 613/623 625/635 637/647 649/659 661/671
>  673/683 { 
>                 
>                 append using "${temp}/from_cowork_panel_m_`ym'"
>         
>         }
>         
>         save "${temp}/from_cowork_panel_m", replace
>         
>         */
. 
. // variables from dest_panel_m
.         
.         // this panel will be constructed separately for each cohort
.         foreach ym of numlist 601/611 { 
  2. 
.         use "${data}/202503_dest_panel_m/202503_dest_panel_m_`ym'", clear
  3.         
.         sort eventid ym cpf
  4.         gen pc_ym = `ym'
  5.         gen ym_rel = ym - pc_ym
  6.         
.         // organizing variables we want to keep
.         
.                 // d_avg_worker_naive_fe
.                 
.                 gen d_avg_worker_naive_fe_temp = worker_naive_fe if ym_rel ==
>  0
  7.                 egen d_avg_worker_naive_fe = mean(d_avg_worker_naive_fe_te
> mp), by(eventid)
  8.                 
.                 drop d_avg_worker_naive_fe_temp
  9.                 
.                 // d_avg_worker_akm_fe
.                 
.                 gen d_avg_worker_akm_fe_temp = worker_akm_fe if ym_rel == 0
 10.                 egen d_avg_worker_akm_fe = mean(d_avg_worker_akm_fe_temp),
>  by(eventid)
 11.                 
.                 drop d_avg_worker_akm_fe_temp
 12.                 
.                 // d_size
.                 
.                 gen d_size_temp = 1 if ym_rel == 0
 13.                 egen d_size = sum(d_size_temp), by(eventid)
 14.         
.                 drop d_size_temp
 15.                 
.         // keeping the variables we need
.         keep eventid d_avg_worker_naive_fe d_avg_worker_akm_fe d_size
 16.         
.         // keeping one observation per event
.         egen unique = tag(eventid)
 17.         keep if unique == 1
 18.         drop unique
 19.         
.         // save temporary file
.         save "${temp}/from_dest_panel_m_`ym'", replace
 20.                 
.         }
(53,164,930 missing values generated)
(52,929,412 missing values generated)
(52,588,886 missing values generated)
(54,799,779 observations deleted)
(file poaching/temp/from_dest_panel_m_601.dta not found)
file poaching/temp/from_dest_panel_m_601.dta saved
(66,366,220 missing values generated)
(66,069,418 missing values generated)
(65,604,668 missing values generated)
(68,384,588 observations deleted)
(file poaching/temp/from_dest_panel_m_602.dta not found)
file poaching/temp/from_dest_panel_m_602.dta saved
(63,971,097 missing values generated)
(63,687,449 missing values generated)
(63,230,076 missing values generated)
(65,926,378 observations deleted)
(file poaching/temp/from_dest_panel_m_603.dta not found)
file poaching/temp/from_dest_panel_m_603.dta saved
(67,376,843 missing values generated)
(67,077,675 missing values generated)
(66,586,881 missing values generated)
(69,414,334 observations deleted)
(file poaching/temp/from_dest_panel_m_604.dta not found)
file poaching/temp/from_dest_panel_m_604.dta saved
(64,935,770 missing values generated)
(64,646,156 missing values generated)
(64,161,904 missing values generated)
(66,894,224 observations deleted)
(file poaching/temp/from_dest_panel_m_605.dta not found)
file poaching/temp/from_dest_panel_m_605.dta saved
(64,342,284 missing values generated)
(64,055,276 missing values generated)
(63,566,523 missing values generated)
(66,280,631 observations deleted)
(file poaching/temp/from_dest_panel_m_606.dta not found)
file poaching/temp/from_dest_panel_m_606.dta saved
(67,649,416 missing values generated)
(67,350,111 missing values generated)
(66,828,025 missing values generated)
(69,679,546 observations deleted)
(file poaching/temp/from_dest_panel_m_607.dta not found)
file poaching/temp/from_dest_panel_m_607.dta saved
(68,505,042 missing values generated)
(68,203,420 missing values generated)
(67,652,844 missing values generated)
(70,540,451 observations deleted)
(file poaching/temp/from_dest_panel_m_608.dta not found)
file poaching/temp/from_dest_panel_m_608.dta saved
(67,635,535 missing values generated)
(67,334,297 missing values generated)
(66,771,186 missing values generated)
(69,623,815 observations deleted)
(file poaching/temp/from_dest_panel_m_609.dta not found)
file poaching/temp/from_dest_panel_m_609.dta saved
(64,682,309 missing values generated)
(64,401,373 missing values generated)
(63,862,959 missing values generated)
(66,581,345 observations deleted)
(file poaching/temp/from_dest_panel_m_610.dta not found)
file poaching/temp/from_dest_panel_m_610.dta saved
(55,677,035 missing values generated)
(55,441,746 missing values generated)
(55,005,096 missing values generated)
(57,299,855 observations deleted)
(file poaching/temp/from_dest_panel_m_611.dta not found)
file poaching/temp/from_dest_panel_m_611.dta saved

.         
.         // appending monthly files
.         
.         /*
>         
>         clear
>                 
>         foreach ym of numlist 601/611 613/623 625/635 637/647 649/659 661/671
>  673/683 { 
>                 
>                 append using "${temp}/from_dest_panel_m_`ym'"
>         
>         }
>         
>         save "${temp}/from_dest_panel_m", replace
>         
>         */
.                         
. // variables from evt_panel_m
. 
.         /* // ISSO AQUI JÁ FOI RODADO!!!!!!!!!!!
>         
>         use "${data}/202503_evt_panel_m", clear
>         
>         // organizing variables we want to keep
>         
>                 // d_growth -- NOTE::: LATER, LET'S USE THE PLANT SIZE DATA S
> ET
>                         
>                 gen d_wkr_l12_temp = d_wkr if ym_rel == -12
>                 egen d_wkr_l12 = max(d_wkr_l12_temp), by(eventid)
>                 drop d_wkr_l12_temp
>                         
>                 gen d_wkr_l1_temp = d_wkr if ym_rel == -1
>                 egen d_wkr_l1 = max(d_wkr_l1_temp), by(eventid)
>                 drop d_wkr_l1_temp
>                         
>                 gen d_growth = d_wkr_l1 / d_wkr_l12 - 1
>                 
>                 // d_hire_total
>                 
>                 gen d_hire_total_temp = d_hire if ym_rel >= 0
>                 egen d_hire_total = sum(d_hire_total_temp), by(eventid)
>                 
>                 drop d_hire_total_temp
>                 
>         // keeping the variables we need
>         keep eventid d_growth d_hire_total
>         
>         // keeping one observation per event
>         egen unique = tag(eventid)
>         keep if unique == 1
>         drop unique
>         
>         // save temporary file
>         save "${temp}/from_evt_panel_m", replace 
>         
>         */
.         
. // constructing the panel directly
. 
.         // LATER -- THIS SHOULD BE PRETTY STRAIGHTFORWARD WHEN THE ABOVE IS C
> OMPLETE
.         
.         /*
> 
>         foreach e in spv dir emp {
> 
>         use "${data}/evt_m_`e'", clear 
>         
>         // dropping unnecessary variable
>         drop pc_`e'
>         
>         // period restriction
>         keep if pc_ym >= ym(2010,1)
>         
>         // merging with the previous data sets
>         merge 1:1 event_id using "${temp}/from_cowork_panel_m_`e'", nogen
>         merge 1:1 event_id using "${temp}/from_dest_panel_m_`e'", nogen
>         merge 1:1 event_id using "${temp}/from_evt_panel_m_`e'", nogen
>         
>         // merging with firm FE --- UPDATE THIS USING THE NEW AKM EFFECTS!
>         
>                 // origin
>                         
>                 tostring o_plant, generate(plant_id) format(%014.0f)
>                 gen firm_id = substr(plant_id, 1, 8)
>                 destring firm_id, force replace
>                         
>                 merge m:1 firm_id using "${AKM}/AKM_2003_2008_Firm", keep(mas
> ter match) nogen
>                 rename fe_firm fe_firm_o
>                         
>                 drop firm_id plant_id
>                 
>                 // destination
>                 
>                 tostring d_plant, generate(plant_id) format(%014.0f)
>                 gen firm_id = substr(plant_id, 1, 8)
>                 destring firm_id, force replace
>                         
>                 merge m:1 firm_id using "${AKM}/AKM_2003_2008_Firm", keep(mas
> ter match) nogen
>                 rename fe_firm fe_firm_d
>                         
>                 drop firm_id plant_id
>                 
>         // creating additional variables
>         
>                 // d_size_ln
>                 gen d_size_ln = ln(d_size)
>                 
>                 // pc_exp_ln
>                 gen pc_exp_ln = ln(pc_exp)
>                 
>                 // rd_coworker_n_ln
>                 gen rd_coworker_n_ln = ln(rd_coworker_n)
>                 
>                 // ratio_cw_new_hire
>                 gen ratio_cw_new_hire = rd_coworker_n / d_hire
>                 
>         // labeling variables
>         
>         cap la var cnae_d                       "CNAE of destination firm"
>         cap la var cnae_o                       "CNAE of origin firm"
>         cap la var d_avg_fe_worker              "Avg. worker AKM FE at dest. 
> firm at -0" 
>         cap la var d_growth                     "Destination firm growth rate
>  between -12 and -1"            
>         cap la var d_hire                       "Number of hires at dest. fir
> m after 0" 
>         cap la var d_plant                      "Destination plant ID"
>         cap la var d_size                       "Size of destination firm"   
>    
>         cap la var d_size_ln                    "Ln of size of destination fi
> rm"  
>         cap la var event_id                     "Event ID"
>         cap la var fe_firm_d                    "Destination firm AKM FE"    
>         cap la var fe_firm_o                    "Origin firm AKM FE"     
>         cap la var o_avg_fe_worker              "Avg. worker AKM FE at origin
>  firm at -12"
>         cap la var o_plant                      "Origin plant ID"
>         cap la var o_size                       "Size of origin firm"       
>         cap la var pc_age                       "Age of poached individual"  
>      
>         cap la var pc_exp                       "Poached individual experienc
> e"       
>         cap la var pc_exp_ln                    "Ln of experience of poached 
> individual"   
>         cap la var pc_fe                        "AKM FE of poached individual
> "       
>         cap la var pc_wage_d                    "Ln wage of poached individua
> l at dest. firm"
>         cap la var pc_wage_d_lvl                "Wage of poached individual a
> t dest. firm (level)"
>         cap la var pc_wage_o_l1                 "Ln wage of poached individua
> l at origin firm in -1"  
>         cap la var pc_wage_o_l1_lvl             "Wage of poached individual a
> t origin firm in -1 (level)"
>         cap la var pc_ym                        "Poaching cohort"
>         cap la var ratio_cw_new_hire            "Destination firm (# raided w
> orkers / # new hires)"             
>         cap la var rd_coworker_fe               "Avg. AKM FE of raided cowork
> ers"   
>         cap la var rd_coworker_n                "Number of raided coworkers"
>         cap la var rd_coworker_n_ln             "Ln of number of raided cowor
> kers"      
>         cap la var rd_coworker_wage_d_lvl       "Wage of raided coworker at d
> est. firm (level)" 
>         cap la var rd_coworker_wage_o_lvl       "Wage of raided coworker at o
> rigin firm (level)" 
>         
>         // saving
>         save "${data}/202503_poach_ind_`e'", replace
>         
>         }
>                 
> *--------------------------*
> * EXIT
> *--------------------------*
> 
> // REMOVE TEMP FILES!!!! 
>         

end of do-file

.         *do "${prepare}/202503_poach_ind_LOOP2"
.         *do "${prepare}/202503_poach_ind_LOOP3"
.         *do "${prepare}/202503_poach_ind_LOOP4"
.         *do "${prepare}/202503_poach_ind_LOOP5"
.         *do "${prepare}/202503_poach_ind_LOOP6"
.         *do "${prepare}/202503_poach_ind_LOOP7"
.         
.         // identifying event types (using destination occupation)
.         *do "${prepare}/evt_type_m"
.         
.         // imposing sample selection restrictions to the analysis
.         *do "${prepare}/sample_selection"
.         
. // PART IV: constructing main data sets
. 
.         *do "${prepare}/202503_poaching_evt"
. 
. *-----------------------------------------*
. * ANALYSIS (FINAL) - FELIPE: USE THIS
. *-----------------------------------------*
. 
. // MAIN ANALYSIS
. 
.         // imposing restrictions and listing the events we want
.         *do "${analysis}/eventlist"     
.         
.         // exhibits
.         *do "${analysis}/final_sumstats"
.         *do "${analysis}/final_pred1"
.         *do "${analysis}/final_pred2"
.         *do "${analysis}/final_pred3"
.         *do "${analysis}/final_pred4"
.         *do "${analysis}/final_pred5"
.         *do "${analysis}/final_pred6"
.         *do "${analysis}/final_pred7"
.         *do "${analysis}/final_alternatives"
.         
.         // other analyses
.         *do "${analysis}/final_preddelta"
.         
. // TESTING OTHER HYPOTHESES
. 
.         // hypothesis: managers are the owners of the destination firm (spino
> ffs)
.         *do "${analysis}/test_spinoffs"
.         
.         // hypothesis: tenure overlap + strength of information 
.         *do "${analysis}/summary_tenureoverlap"
.         
. // ROBUSTNESS: RESULTS WITHOUT RECLASSIFICATIONS        
. 
.         // imposing restrictions and listing the events we want
.         *do "${analysis}/eventlist_noreclass"
.         
.         // organing exhibits before submission
.         *do "${analysis}/final_pred1_noreclass"
.         *do "${analysis}/final_pred2_noreclass"
.         *do "${analysis}/final_pred3_noreclass"
.         *do "${analysis}/final_pred4_noreclass"
.         *do "${analysis}/final_pred5_noreclass"
.         *do "${analysis}/final_pred6_noreclass"
.         *do "${analysis}/final_pred7_noreclass"
.         *do "${analysis}/final_alternatives_noreclass"
. 
. // ROBUSTNESS: TABLES WITH 0 RAIDES
. 
.         *do "${analysis}/final_pred4_zero"
.         *do "${analysis}/final_pred5_zero"
.         *do "${analysis}/final_alternatives_zero"
.         
.         *do "${analysis}/final_pred4_zeroonly"
.         *do "${analysis}/final_pred5_zeroonly"
.         *do "${analysis}/final_alternatives_zeroonly"
. 
. *-----------------------------------------*
. * ANALYSIS (202503 WORK) -- FABIANO'S STUFF
. *-----------------------------------------*
. 
. // MAIN ANALYSIS
. 
.         // imposing restrictions and listing the events we want
.         *do "${analysis}/eventlist"     
.         
.         // exhibits
.         *do "${analysis}/202503_sumstats"
.         *do "${analysis}/202503_pred1"
.         *do "${analysis}/202503_pred2"
.         *do "${analysis}/final_pred3"
.         *do "${analysis}/202503_pred4"
.         *do "${analysis}/202503_pred5"
.         *do "${analysis}/202503_pred6"
.         *do "${analysis}/final_pred7"
.         *do "${analysis}/final_alternatives"
.         
.         // other analyses
.         *do "${analysis}/final_preddelta"
.         
. // TESTING OTHER HYPOTHESES
. 
.         // hypothesis: managers are the owners of the destination firm (spino
> ffs)
.         *do "${analysis}/test_spinoffs"
.         
.         // hypothesis: tenure overlap + strength of information 
.         *do "${analysis}/summary_tenureoverlap"
.         
. // ROBUSTNESS: RESULTS WITHOUT RECLASSIFICATIONS        
. 
.         // imposing restrictions and listing the events we want
.         *do "${analysis}/eventlist_noreclass"
.         
.         // organing exhibits before submission
.         *do "${analysis}/final_pred1_noreclass"
.         *do "${analysis}/final_pred2_noreclass"
.         *do "${analysis}/final_pred3_noreclass"
.         *do "${analysis}/final_pred4_noreclass"
.         *do "${analysis}/final_pred5_noreclass"
.         *do "${analysis}/final_pred6_noreclass"
.         *do "${analysis}/final_pred7_noreclass"
.         *do "${analysis}/final_alternatives_noreclass"
. 
. // ROBUSTNESS: TABLES WITH 0 RAIDES
. 
.         *do "${analysis}/final_pred4_zero"
.         *do "${analysis}/final_pred5_zero"
.         *do "${analysis}/final_alternatives_zero"
.         
.         *do "${analysis}/final_pred4_zeroonly"
.         *do "${analysis}/final_pred5_zeroonly"
.         *do "${analysis}/final_alternatives_zeroonly"
. 
. 
. 
. 
. 
.         
. 
. 
. 
.         
. 
. *****************************************************************************
> **
. /* ARCHIVE
> 
> *--------------------------- mar 27 2025 archive ----------------------------
> ---
> 
>         // Figure 1: 
>         
>                 // baseline graph
>                 do "${analysis}/es_baseline"
>         
>                 // understanding baseline (raw averages)
>                 do "${analysis}/es_baseline_raw" // FD NOTE: I haven't organi
> zed this yet
>         
>         // Figure 2: 
>         
>                 // quality of new hires
>                 do "${analysis}/quality_dest_hire"
>         
>         // Table 1:
>         
>                 // summary statistics
>                 do "${analysis}/summary_statistics"
>         
>         // Table 2
>         
>                 // information available
>                 do "${analysis}/table2"
>                 
>         // Table 3
>         
>                 // information is needed
>                 do "${analysis}/table3"
>                 
>         // Destination growth
>         
>                 // # of hires and # total employess
>                 do "${analysis}/destgrowth"
>                 
>         // Trying something different: overlap between spv-spv and emp-emp
>         do "${analysis}/overlap"
>         
>         // Review why there are missing values
>         do "${auxiliary}/review_missing_variables"
>         
>         // Check if some variables are created correctly
>         do "${auxiliary}/vars_dont_look_right"
>         
>         // Check creation of variables for which we nly had the log
>         do "${auxiliary}/check_vars_in_levels"
> 
> *--------------------------- nov 19 2024 archive ----------------------------
> ---
> 
>         // Figure 3: 
>         
>                 // CDF quality at origin
>                 do "${analysis}/quality_origin"
>         
>                 // reg quality at origin
>                 do "${analysis}/reg_quality_origin"
>                 
>                 // generating CDF for subset of events that have at least 1 r
> aided worker and at least 1 moveable worker
>                 do "${analysis}/quality_origin_sel_evts"
>                 
>         // Table 2:
>         
>                 // v1
>                 do "${analysis}/table2"
>         
>                 // v2: include ind. and event time FE
>                 do "${analysis}/table2_v2"
> 
>         // Table 3:
>         
>                 // v1
>                 do "${analysis}/table3"
>         
>                 // v2: include ind. and event time FE
>                 do "${analysis}/table3_v2"
>                 
> *-------------------------- other archive -----------------------------------
> --
> 
> 
>         // firm-level event study: baseline figures with raw averages
>         *do "${analysis}/es_raw_firm"
>         
>         // firm-level event study: analysis using regressions
>         *do "${analysis}/es_reg_firm"
>         
>                 // heterogeneity: by type of movement (to dir, to spv, to emp
> )
>                 *do "${analysis}/es_reg_firm_type"
>                 
>                 // heterogeneity: by origin firm size
>                 *do "${analysis}/es_reg_firm_originsize"
>                 
>                 // heterogeneity: by destination firm size
>                 *do "${analysis}/es_reg_firm_destinationsize"
>                 
>                 // heterogeneity: by region (same or different)
>                 *do "${analysis}/es_reg_firm_region"
>         
>         // hires-level "event study" -- ?? -- tentative analysis so far 
>         *do "${analysis}/es_reg_hires"
>         
>         // table: wage regressions
>         
>                 // testing information hypothesis
>                 *do "${analysis}/reg_wage_info"         
> 
> *------------------------------ monthly rs ----------------------------------
> ---
> 
>         // prepare
> 
>                 // organizing full RAIS (monthly panel)
>                 do "programs/prepare/archive_20240708/rais_m_rs"
>                 
>                 // identifying poaching events
>                 do "programs/prepare/archive_20240708/evt_m_rs"
>                 
>                 // constructing worker-level data set with poaching events in
>  t=0
>                 do "programs/prepare/archive_20240708/evt_work_m_rs"
>                 
>                 // constructing worker-level panel with coworkers only
>                 do "programs/prepare/archive_20240708/cowork_panel_m_rs"
>                 
>                 // constructing event-level panel with poaching plants (d_pla
> nts)
>                 do "programs/prepare/archive_20240708/evt_panel_m_rs"
>                 
>                 // auxiliary data set: wages for coworkers
>                 do "programs/prepare/archive_20240708/wage_real_ln_cw"
>                 
>         // analysis
>         
>                 // sample selection (imposing additional criteria on the even
> ts)
>                 do "programs/analysis/archive_20240708/sample_selection"
> 
>                 // summary stats
>                 do "programs/analysis/archive_20240708/sumstats"
>         
>                 // firm-level event study
>                 do "programs/analysis/archive_20240708/es_firm_dir"
>         
>                 // wage distribution: before vs. after poaching
>                 do "programs/analysis/archive_20240708/wage_dist_dir"
>         
>                 // wage regression: poached workers only; correlation with "i
> nformation"
>                 do "programs/analysis/archive_20240708/wage_corrinfo_dir"
>         
>                 // wage regression: comparison with similar retained workers
>                 do "programs/analysis/archive_20240708/wage_xretained_dir"
> 
> 
> *------------------------------- quarterly ----------------------------------
> ---
> 
>         // organizing quarterly panel
>         do "programs/prepare/archive_20240430/RAIS_Quarterly_RS"
>         
>         // identifying poaching events
>         do "programs/prepare/archive_20240430/PoachingEvents_Quarterly_RS"
>         
>                 // Daniela's version
>                 do "programs/prepare/archive_20240430/evtdefine"
>         
>         // constructing the panel with coworkers
>         do "programs/prepare/archive_20240430/CoWorkers_Panel_Quarterly_RS"
>         
>                 // Daniela's version
>                 do "programs/prepare/archive_20240430/coworker_panel_q_rs"
>         
>         // creating the panel with poaching firms
>         do "programs/prepare/archive_20240430/PoachingEvents_Panel_Quarterly_
> RS"
>         
>                 // Daniela's version
>                 do "programs/prepare/archive_20240430/events_panel_rs" 
>                 

end of do-file
