
  ___  ____  ____  ____  ____ ®
 /__    /   ____/   /   ____/      18.0
___/   /   /___/   /   /___/       MP—Parallel Edition

 Statistics and Data Science       Copyright 1985-2023 StataCorp LLC
                                   StataCorp
                                   4905 Lakeway Drive
                                   College Station, Texas 77845 USA
                                   800-STATA-PC        https://www.stata.com
                                   979-696-4600        stata@stata.com

Stata license: 5-user 8-core network perpetual
Serial number: 501806372583
  Licensed to: Econ Department
               Cornell University, Ithaca, NY

Notes:
      1. Stata is running in batch mode.
      2. Unicode is supported; see help unicode_advice.
      3. More than 2 billion observations are allowed; see help obs_advice.
      4. Maximum number of variables is set to 5,000 but can be increased;
          see help set_maxvar.

. do master_LOOP2.do /logs/slurm_LOOP2.log 

. // Poaching Project
. // Created by: Fabiano Dal-Ri
. // (fd237@cornell.edu; dalri.fabiano@gmail.com)
. // Date created: April 2024
. 
. // Purpose: Master file for the "Poaching" project
. 
. *--------------------------*
. * SET UP
. *--------------------------*
. 
.         // working directory
.         cd "/home/ecco_rais/data/interwrk/daniela_group"
/home/ecco_rais/data/interwrk/daniela_group

.         
.         // clearing session
.         clear all

.         macro drop _all

. 
.         // default color scheme
.         set scheme s1color

.         
.         // globals -- input files
.         
.         global RAIS_Clean       "RAIS/output/data/identified/RAIS_Clean"

.         global AKM              "akm/output/data"

.         global JointMovements   "displacement/output/data/JointMovements"

.         global Owners           "fabiano/jmp/output/data/Owners"

.         global Firms_Panel      "fabiano/jmp/output/data/Firms_Panel"   

.         
.         // globals -- paths in this folder
.         
.         global input            "poaching/input"

.         global prepare          "poaching/programs/prepare"

.         global analysis         "poaching/programs/analysis"

.         global auxiliary        "poaching/programs/auxiliary"

.         global data             "poaching/output/data"

.         global results          "poaching/output/results"

.         global temp             "poaching/temp"

.         
.         // globals -- analysis
.         
.         global evt_vars evt_l9 evt_l8 evt_l7 evt_l6 evt_l5 evt_l4 evt_zero ev
> t_l2 evt_l1 ///
>               evt_f0 evt_f1 evt_f2 evt_f3 evt_f4 evt_f5 evt_f6 evt_f7 evt_f8 
> evt_f9 evt_f10 evt_f11 evt_f12     

.         
. *-----------------------------------------*
. * POPULATING INPUT FOLDER
. *-----------------------------------------*
. 
.         // "auxiliary" folder:
.         // -- ipca_brazil.dta: taken from other projects; no raw files availa
> ble anymore
.         // -- minwage_brazil.dta: taken from other projects; no raw files ava
> ilable anymore
.         // -- georegions.dta: taken from Fabiano's JMP
.         
. *-----------------------------------------*
. * PREPARE
. *-----------------------------------------*
. 
. // PART I: organizing RAIS data 
. 
.         // create a monthly RAIS panel
.         *do "${prepare}/rais_m"
.         
. // PART II: constructing auxiliary data sets
. 
.         // calculate average number of employees
.         *do "${prepare}/plantsize_m"
.         
.         // calculate wage growth variables at the plant-level
.         *do "${prepare}/wagegrowth_m"
.         
.         // calculate industry growth (employment)
.         *do "${prepare}/industrygrowth_m" // IN PROGRESS
.         
.         // calculate positive employment dummy variable
.         *do "${prepare}/posemp_m"
.                         
.         // identify joing movements
.         *do "${prepare}/jointmvt"
. 
. // PART III: constructing intermediate data sets
. 
.         // identifying poaching events
.         *do "${prepare}/202503_evt_m"
.                 
.                 // identifying the main poached individual
.                 *do "${prepare}/202503_mainpc"
.                 
.                 // identifying event types
.                 *do "${prepare}/202503_evttype"
.         
.         // constructing worker-level panel with coworkers of the poached indi
> viduals
.         *do "${prepare}/202503_cowork_panel_m"
.         
.         // constructing event-level panel with poaching plants (destination p
> lants)
.         *do "${prepare}/202503_evt_panel_m"
.         
.         // constructing worker-level data set with poaching firms in t=0
.         *do "${prepare}/202503_dest_panel_m"
.         
.         // event-level data set
.         *do "${prepare}/202503_poach_ind"
.         *do "${prepare}/202503_poach_ind_LOOP1"
.         do "${prepare}/202503_poach_ind_LOOP2"

. // Poaching Project
. // Created by: Fabiano Dal-Ri
. // (fd237@cornell.edu; dalri.fabiano@gmail.com)
. // Date created: August 2024
. 
. // Purpose: Create data set with poached individuals only
. 
. *--------------------------*
. * BUILD
. *--------------------------*
. 
. // variables from cowork_panel_m
. 
.         // this panel will be constructed separately for each cohort
.         foreach ym of numlist 613/623 { 
  2. 
.         use "${data}/202503_cowork_panel_m/202503_o_cw_`ym'", clear
  3.         
.         // creating alternative raided workers variable -- MOVE THIS TO COWOR
> K_PANEL_M_SPV, EVENTUALLY
.         // reassigning poached individuals who are not the main one as raided
>  individuals
.         
.                 gen raidpc = (raid == 1 | (ym_rel == 0 & pc_individual == 1 &
>  main_individual == 0))
  4.                 
.                 gen raidpc_individual = (raid_individual == 1 | (pc_individua
> l == 1 & main_individual == 0))
  5.                         
.         // organizing variables we want to keep
.         
.                 // cnae_o, cnae_d
.                 
.                 tostring cnae20_class, gen(cnae20_class_str) format(%05.0f)
  6.                 gen cnae20_2d = substr(cnae20_class_str, 1, 2)
  7.                 destring cnae20_2d, force replace
  8.                 
.                 gen cnae_o_temp = cnae20_2d if ym_rel == -12
  9.                 egen cnae_o = max(cnae_o_temp), by(eventid)
 10.                 
.                 gen cnae_d_temp = cnae20_2d if ym_rel == 0
 11.                 egen cnae_d = max(cnae_d_temp), by(eventid)
 12.                 
.                 drop cnae20_class_str cnae20_2d cnae_o_temp cnae_d_temp
 13.                 
.                 // o_avg_worker_naive_fe
.                 
.                 gen o_avg_worker_naive_fe_temp = worker_naive_fe if ym_rel ==
>  -12
 14.                 egen o_avg_worker_naive_fe = mean(o_avg_worker_naive_fe_te
> mp), by(eventid)
 15.                 
.                 drop o_avg_worker_naive_fe_temp
 16.                 
.                 // o_avg_worker_akm_fe
.                 
.                 gen o_avg_worker_akm_fe_temp = worker_akm_fe if ym_rel == -12
 17.                 egen o_avg_worker_akm_fe = mean(o_avg_worker_akm_fe_temp),
>  by(eventid)
 18.                 
.                 drop o_avg_worker_akm_fe_temp
 19.                 
.                 // o_size
.         
.                 gen o_size_temp = 1 if ym_rel == -12
 20.                 egen o_size = sum(o_size_temp), by(eventid)
 21.                 
.                 drop o_size_temp
 22.                 
.                 // pc_age
.                 
.                 gen pc_age_temp = age if ym_rel == -12 & pc_individual == 1
 23.                 egen pc_age = mean(pc_age_temp), by(eventid)
 24.                 
.                 drop pc_age_temp
 25.                 
.                         // pc_age
.                 
.                         gen main_age_temp = age if ym_rel == -12 & main_indiv
> idual == 1
 26.                         egen main_age = mean(main_age_temp), by(eventid)
 27.                 
.                         drop main_age_temp
 28.                 
.                 // pc_exp
.                 
.                 gen pc_exp_temp = age - educ_years - 6 if ym_rel == -12 & pc_
> individual == 1
 29.                 
.                         // note: in some cases, this is negative or zero
.                         // issue: young people with too many education years
.                         // in these cases, we assign pc_exp = 1 (they were em
> ployed, after all)
.                         replace pc_exp_temp = 1 if pc_exp <= 0
 30.                         
.                 egen pc_exp = mean(pc_exp_temp), by(eventid)
 31.                 
.                 drop pc_exp_temp
 32.                 
.                         // main_exp
.                 
.                         gen main_exp_temp = age - educ_years - 6 if ym_rel ==
>  -12 & main_individual == 1
 33.                 
.                                 // note: in some cases, this is negative or z
> ero
.                                 // issue: young people with too many educatio
> n years
.                                 // in these cases, we assign main_exp = 1 (th
> ey were employed, after all)
.                                 replace main_exp_temp = 1 if main_exp <= 0
 34.                                 
.                         egen main_exp = mean(main_exp_temp), by(eventid)
 35.                         
.                         drop main_exp_temp
 36.                 
.                 // pc_worker_naive_fe
.                 
.                 gen pc_worker_naive_fe_temp = worker_naive_fe if ym_rel == -1
> 2 & pc_individual == 1
 37.                 egen pc_worker_naive_fe = mean(pc_worker_naive_fe_temp), b
> y(eventid)
 38.                 
.                 drop pc_worker_naive_fe_temp
 39.                 
.                         // main_worker_naive_fe
.                 
.                         gen main_worker_naive_fe_temp = worker_naive_fe if ym
> _rel == -12 & main_individual == 1
 40.                         egen main_worker_naive_fe = mean(main_worker_naive
> _fe_temp), by(eventid)
 41.                 
.                         drop main_worker_naive_fe_temp
 42.                         
.                 // pc_worker_akm_fe
.                 
.                 gen pc_worker_akm_fe_temp = worker_akm_fe if ym_rel == -12 & 
> pc_individual == 1
 43.                 egen pc_worker_akm_fe = mean(pc_worker_akm_fe_temp), by(ev
> entid)
 44.                 
.                 drop pc_worker_akm_fe_temp
 45.                 
.                         // main_worker_akm_fe
.                 
.                         gen main_worker_akm_fe_temp = worker_akm_fe if ym_rel
>  == -12 & main_individual == 1
 46.                         egen main_worker_akm_fe = mean(main_worker_akm_fe_
> temp), by(eventid)
 47.                 
.                         drop main_worker_akm_fe_temp    
 48.         
.                 // pc_wage_d
.                 
.                 gen pc_wage_d_temp = wage_real_ln if ym_rel == 0 & pc_individ
> ual == 1
 49.                 egen pc_wage_d = mean(pc_wage_d_temp), by(eventid)
 50.                 
.                 drop pc_wage_d_temp
 51.                 
.                         // main_wage_d
.                 
.                         gen main_wage_d_temp = wage_real_ln if ym_rel == 0 & 
> main_individual == 1
 52.                         egen main_wage_d = mean(main_wage_d_temp), by(even
> tid)
 53.                         
.                         drop main_wage_d_temp
 54.                 
.                 // pc_wage_d_lvl
.                 
.                 gen pc_wage_d_lvl_temp = wage_real if ym_rel == 0 & pc_indivi
> dual == 1
 55.                 egen pc_wage_d_lvl = mean(pc_wage_d_lvl_temp), by(eventid)
 56.                 
.                 drop pc_wage_d_lvl_temp
 57.                 
.                         // main_wage_d_lvl
.                 
.                         gen main_wage_d_lvl_temp = wage_real if ym_rel == 0 &
>  main_individual == 1
 58.                         egen main_wage_d_lvl = mean(main_wage_d_lvl_temp),
>  by(eventid)
 59.                         
.                         drop main_wage_d_lvl_temp
 60.                         
.                 // pc_wage_o_l1
.                 
.                 gen pc_wage_o_l1_temp = wage_real_ln if ym_rel == -1 & pc_ind
> ividual == 1
 61.                 egen pc_wage_o_l1 = mean(pc_wage_o_l1_temp), by(eventid)
 62.                 
.                 drop pc_wage_o_l1_temp
 63.                 
.                         // pc_wage_o_l1
.                 
.                         gen main_wage_o_l1_temp = wage_real_ln if ym_rel == -
> 1 & main_individual == 1
 64.                         egen main_wage_o_l1 = mean(main_wage_o_l1_temp), b
> y(eventid)
 65.                         
.                         drop main_wage_o_l1_temp
 66.                         
.                 // pc_wage_o_l1_lvl
.                 
.                 gen pc_wage_o_l1_lvl_temp = wage_real if ym_rel == -1 & pc_in
> dividual == 1
 67.                 egen pc_wage_o_l1_lvl = mean(pc_wage_o_l1_lvl_temp), by(ev
> entid)
 68.                 
.                 drop pc_wage_o_l1_lvl_temp
 69.                 
.                         // main_wage_o_l1_lvl
.                 
.                         gen main_wage_o_l1_lvl_temp = wage_real if ym_rel == 
> -1 & main_individual == 1
 70.                         egen main_wage_o_l1_lvl = mean(main_wage_o_l1_lvl_
> temp), by(eventid)
 71.                         
.                         drop main_wage_o_l1_lvl_temp
 72.                         
.                 // rd_coworker_naive_fe
.                 
.                 gen rd_coworker_naive_fe_temp = worker_naive_fe if ym_rel == 
> -12 & raid_individual == 1
 73.                 egen rd_coworker_naive_fe = mean(rd_coworker_naive_fe_temp
> ), by(eventid)
 74.                 
.                 drop rd_coworker_naive_fe_temp
 75.                 
.                         // rdpc_coworker_naive_fe
.                 
.                         gen rdpc_coworker_naive_fe_temp = worker_naive_fe if 
> ym_rel == -12 & raidpc_individual == 1
 76.                         egen rdpc_coworker_naive_fe = mean(rdpc_coworker_n
> aive_fe_temp), by(eventid)
 77.                         
.                         drop rdpc_coworker_naive_fe_temp
 78. 
.                 // rd_coworker_akm_fe
.                 
.                 gen rd_coworker_akm_fe_temp = worker_akm_fe if ym_rel == -12 
> & raid_individual == 1
 79.                 egen rd_coworker_akm_fe = mean(rd_coworker_akm_fe_temp), b
> y(eventid)
 80.                 
.                 drop rd_coworker_akm_fe_temp
 81.                 
.                         // rdpc_coworker_akm_fe
.                 
.                         gen rdpc_coworker_akm_fe_temp = worker_akm_fe if ym_r
> el == -12 & raidpc_individual == 1
 82.                         egen rdpc_coworker_akm_fe = mean(rdpc_coworker_akm
> _fe_temp), by(eventid)
 83.                         
.                         drop rdpc_coworker_akm_fe_temp  
 84.                         
.                 // rd_coworker_n
.                 
.                 gen rd_coworker_n_temp = 1 if ym_rel == -12 & raid_individual
>  == 1
 85.                 egen rd_coworker_n = sum(rd_coworker_n_temp), by(eventid)
 86.                 
.                 drop rd_coworker_n_temp
 87.                 
.                         // rdpc_coworker_n
.                 
.                         gen rdpc_coworker_n_temp = 1 if ym_rel == -12 & raidp
> c_individual == 1
 88.                         egen rdpc_coworker_n = sum(rdpc_coworker_n_temp), 
> by(eventid)
 89.                 
.                         drop rdpc_coworker_n_temp
 90.                 
.                 // rd_coworker_wage_o_lvl
.                 
.                 gen rd_coworker_wage_o_lvl_temp = wage_real if ym_rel == -12 
> & raid_individual == 1
 91.                 egen rd_coworker_wage_o_lvl = mean(rd_coworker_wage_o_lvl_
> temp), by(eventid)
 92.                 
.                 drop rd_coworker_wage_o_lvl_temp
 93.                 
.                         // rdpc_coworker_wage_o_lvl
.                         
.                         gen rdpc_coworker_wage_o_lvl_temp = wage_real if ym_r
> el == -12 & raidpc_individual == 1
 94.                         egen rdpc_coworker_wage_o_lvl = mean(rdpc_coworker
> _wage_o_lvl_temp), by(eventid)
 95.                         
.                         drop rdpc_coworker_wage_o_lvl_temp
 96.                 
.                 // rd_coworker_wage_d_lvl
.                 
.                 gen rd_coworker_wage_d_lvl_temp = wage_real if raid == 1 & ra
> id_individual == 1
 97.                 egen rd_coworker_wage_d_lvl = mean(rd_coworker_wage_d_lvl_
> temp), by(eventid)
 98.                 
.                 drop rd_coworker_wage_d_lvl_temp
 99.                 
.                         // rdpc_coworker_wage_d_lvl
.                 
.                         gen rdpc_coworker_wage_d_lvl_temp = wage_real if raid
> pc == 1 & raidpc_individual == 1
100.                         egen rdpc_coworker_wage_d_lvl = mean(rdpc_coworker
> _wage_d_lvl_temp), by(eventid)
101.                         
.                         drop rdpc_coworker_wage_d_lvl_temp
102.                         
.         // keeping the variables we need
.         keep eventid cnae_d cnae_o o_avg_worker_naive_fe o_avg_worker_akm_fe 
> o_size pc_age main_age pc_exp main_exp ///
>                 pc_worker_naive_fe pc_worker_akm_fe main_worker_naive_fe main
> _worker_akm_fe ///
>                 pc_wage_d main_wage_d pc_wage_d_lvl main_wage_d_lvl pc_wage_o
> _l1 ///
>                 main_wage_o_l1 pc_wage_o_l1_lvl main_wage_o_l1_lvl rd_coworke
> r_naive_fe rd_coworker_akm_fe ///
>                 rdpc_coworker_naive_fe rdpc_coworker_akm_fe ///
>                 rd_coworker_n rdpc_coworker_n rd_coworker_wage_d_lvl rdpc_cow
> orker_wage_d_lvl ///
>                 rd_coworker_wage_o_lvl rdpc_coworker_wage_o_lvl
103.         
.         // keeping one observation per event
.         egen unique = tag(eventid)
104.         keep if unique == 1
105.         drop unique
106.         
.         // save temporary file
.         save "${temp}/from_cowork_panel_m_`ym'", replace
107.         
.         }
cnae20_class_str generated as str5
cnae20_2d: all characters numeric; replaced as byte
(10636325 missing values generated)
(60,645,888 missing values generated)
(61,131,424 missing values generated)
(61,428,644 missing values generated)
(61,118,201 missing values generated)
(60,645,888 missing values generated)
(63,166,379 missing values generated)
(63,167,219 missing values generated)
(63,166,379 missing values generated)
(79 real changes made)
(63,167,219 missing values generated)
(76 real changes made)
(63,168,400 missing values generated)
(18,632,175 missing values generated)
(63,169,031 missing values generated)
(19,092,700 missing values generated)
(63,167,590 missing values generated)
(11,803,350 missing values generated)
(63,168,324 missing values generated)
(12,048,075 missing values generated)
(63,166,379 missing values generated)
(63,167,219 missing values generated)
(63,166,379 missing values generated)
(63,167,219 missing values generated)
(63,166,379 missing values generated)
(63,167,219 missing values generated)
(63,166,379 missing values generated)
(63,167,219 missing values generated)
(63,161,377 missing values generated)
(32,031,000 missing values generated)
(63,160,746 missing values generated)
(31,877,200 missing values generated)
(63,158,933 missing values generated)
(29,848,025 missing values generated)
(63,158,199 missing values generated)
(29,666,000 missing values generated)
(63,155,019 missing values generated)
(63,154,179 missing values generated)
(63,155,019 missing values generated)
(27,613,625 missing values generated)
(63,154,179 missing values generated)
(27,423,225 missing values generated)
(63,155,019 missing values generated)
(27,613,625 missing values generated)
(63,154,179 missing values generated)
(27,423,225 missing values generated)
(63,167,219 observations deleted)
file poaching/temp/from_cowork_panel_m_613.dta saved
cnae20_class_str generated as str5
cnae20_2d: all characters numeric; replaced as byte
(10657934 missing values generated)
(61,351,344 missing values generated)
(61,839,676 missing values generated)
(62,154,978 missing values generated)
(61,846,485 missing values generated)
(61,351,344 missing values generated)
(63,901,148 missing values generated)
(63,902,072 missing values generated)
(63,901,148 missing values generated)
(76 real changes made)
(63,902,072 missing values generated)
(74 real changes made)
(63,903,123 missing values generated)
(18,278,450 missing values generated)
(63,903,827 missing values generated)
(19,304,950 missing values generated)
(63,902,372 missing values generated)
(11,914,650 missing values generated)
(63,903,173 missing values generated)
(12,389,825 missing values generated)
(63,901,148 missing values generated)
(63,902,072 missing values generated)
(63,901,148 missing values generated)
(63,902,072 missing values generated)
(63,901,148 missing values generated)
(63,902,072 missing values generated)
(63,901,148 missing values generated)
(63,902,072 missing values generated)
(63,896,685 missing values generated)
(32,854,925 missing values generated)
(63,895,981 missing values generated)
(32,305,600 missing values generated)
(63,894,470 missing values generated)
(30,730,475 missing values generated)
(63,893,669 missing values generated)
(30,206,575 missing values generated)
(63,890,675 missing values generated)
(63,889,751 missing values generated)
(63,890,675 missing values generated)
(27,825,200 missing values generated)
(63,889,751 missing values generated)
(27,469,600 missing values generated)
(63,890,675 missing values generated)
(27,825,200 missing values generated)
(63,889,751 missing values generated)
(27,469,600 missing values generated)
(63,902,072 observations deleted)
file poaching/temp/from_cowork_panel_m_614.dta saved
cnae20_class_str generated as str5
cnae20_2d: all characters numeric; replaced as byte
(11126491 missing values generated)
(65,482,632 missing values generated)
(65,981,804 missing values generated)
(66,354,135 missing values generated)
(925 missing values generated)
(66,033,228 missing values generated)
(65,482,632 missing values generated)
(68,204,888 missing values generated)
(68,205,660 missing values generated)
(68,204,888 missing values generated)
(88 real changes made)
(68,205,660 missing values generated)
(86 real changes made)
(68,206,876 missing values generated)
(20,304,800 missing values generated)
(68,207,406 missing values generated)
(20,847,400 missing values generated)
(68,206,099 missing values generated)
(12,833,725 missing values generated)
(68,206,733 missing values generated)
(13,071,325 missing values generated)
(68,204,888 missing values generated)
(68,205,660 missing values generated)
(68,204,888 missing values generated)
(68,205,660 missing values generated)
(68,204,888 missing values generated)
(68,205,660 missing values generated)
(68,204,888 missing values generated)
(68,205,660 missing values generated)
(68,200,860 missing values generated)
(33,321,075 missing values generated)
(68,200,330 missing values generated)
(33,024,525 missing values generated)
(68,198,663 missing values generated)
(31,432,950 missing values generated)
(68,198,029 missing values generated)
(31,176,750 missing values generated)
(68,194,861 missing values generated)
(68,194,089 missing values generated)
(68,194,861 missing values generated)
(29,265,550 missing values generated)
(68,194,089 missing values generated)
(28,994,875 missing values generated)
(68,194,861 missing values generated)
(29,265,550 missing values generated)
(68,194,089 missing values generated)
(28,994,875 missing values generated)
(68,205,660 observations deleted)
file poaching/temp/from_cowork_panel_m_615.dta saved
cnae20_class_str generated as str5
cnae20_2d: all characters numeric; replaced as byte
(11602819 missing values generated)
(65,257,176 missing values generated)
(65,775,277 missing values generated)
(66,160,107 missing values generated)
(65,835,824 missing values generated)
(65,257,176 missing values generated)
(67,969,213 missing values generated)
(67,970,278 missing values generated)
(67,969,213 missing values generated)
(107 real changes made)
(67,970,278 missing values generated)
(102 real changes made)
(67,971,493 missing values generated)
(19,780,350 missing values generated)
(67,972,223 missing values generated)
(20,547,450 missing values generated)
(67,970,675 missing values generated)
(12,546,825 missing values generated)
(67,971,528 missing values generated)
(13,041,700 missing values generated)
(67,969,213 missing values generated)
(67,970,278 missing values generated)
(67,969,213 missing values generated)
(67,970,278 missing values generated)
(67,969,213 missing values generated)
(67,970,278 missing values generated)
(67,969,213 missing values generated)
(67,970,278 missing values generated)
(67,966,482 missing values generated)
(32,426,500 missing values generated)
(67,965,752 missing values generated)
(32,238,475 missing values generated)
(67,964,145 missing values generated)
(30,710,825 missing values generated)
(67,963,292 missing values generated)
(30,439,650 missing values generated)
(67,959,497 missing values generated)
(67,958,432 missing values generated)
(67,959,497 missing values generated)
(28,434,250 missing values generated)
(67,958,432 missing values generated)
(28,283,700 missing values generated)
(67,959,497 missing values generated)
(28,434,250 missing values generated)
(67,958,432 missing values generated)
(28,283,700 missing values generated)
(67,970,278 observations deleted)
file poaching/temp/from_cowork_panel_m_616.dta saved
cnae20_class_str generated as str5
cnae20_2d: all characters numeric; replaced as byte
(11614913 missing values generated)
(65,820,480 missing values generated)
(66,333,842 missing values generated)
(66,753,040 missing values generated)
(66,424,707 missing values generated)
(65,820,480 missing values generated)
(68,556,487 missing values generated)
(68,557,267 missing values generated)
(68,556,487 missing values generated)
(97 real changes made)
(68,557,267 missing values generated)
(92 real changes made)
(68,558,640 missing values generated)
(22,049,350 missing values generated)
(68,559,155 missing values generated)
(22,413,600 missing values generated)
(68,557,868 missing values generated)
(13,884,525 missing values generated)
(68,558,466 missing values generated)
(14,141,975 missing values generated)
(68,556,487 missing values generated)
(68,557,267 missing values generated)
(68,556,487 missing values generated)
(68,557,267 missing values generated)
(68,556,487 missing values generated)
(68,557,267 missing values generated)
(68,556,487 missing values generated)
(68,557,267 missing values generated)
(68,551,834 missing values generated)
(35,773,200 missing values generated)
(68,551,319 missing values generated)
(35,452,875 missing values generated)
(68,549,274 missing values generated)
(34,521,350 missing values generated)
(68,548,676 missing values generated)
(34,160,750 missing values generated)
(68,544,197 missing values generated)
(68,543,417 missing values generated)
(68,544,197 missing values generated)
(31,525,925 missing values generated)
(68,543,417 missing values generated)
(31,011,375 missing values generated)
(68,544,197 missing values generated)
(31,525,925 missing values generated)
(68,543,417 missing values generated)
(31,011,375 missing values generated)
(68,557,267 observations deleted)
file poaching/temp/from_cowork_panel_m_617.dta saved
cnae20_class_str generated as str5
cnae20_2d: all characters numeric; replaced as byte
(11400669 missing values generated)
(61,231,944 missing values generated)
(61,730,067 missing values generated)
(62,133,441 missing values generated)
(75 missing values generated)
(61,823,738 missing values generated)
(75 missing values generated)
(61,231,944 missing values generated)
(63,776,710 missing values generated)
(63,777,875 missing values generated)
(63,776,710 missing values generated)
(118 real changes made)
(63,777,875 missing values generated)
(113 real changes made)
(63,778,863 missing values generated)
(21,292,750 missing values generated)
(63,779,699 missing values generated)
(21,673,900 missing values generated)
(63,778,103 missing values generated)
(13,811,650 missing values generated)
(63,779,074 missing values generated)
(14,164,600 missing values generated)
(63,776,710 missing values generated)
(63,777,875 missing values generated)
(63,776,710 missing values generated)
(63,777,875 missing values generated)
(63,776,710 missing values generated)
(63,777,875 missing values generated)
(63,776,710 missing values generated)
(63,777,875 missing values generated)
(63,772,419 missing values generated)
(32,039,600 missing values generated)
(63,771,583 missing values generated)
(31,770,475 missing values generated)
(63,769,856 missing values generated)
(30,722,275 missing values generated)
(63,768,885 missing values generated)
(30,391,775 missing values generated)
(63,764,754 missing values generated)
(63,763,589 missing values generated)
(63,764,754 missing values generated)
(28,035,175 missing values generated)
(63,763,589 missing values generated)
(27,737,900 missing values generated)
(63,764,754 missing values generated)
(28,035,175 missing values generated)
(63,763,589 missing values generated)
(27,737,900 missing values generated)
(63,777,875 observations deleted)
file poaching/temp/from_cowork_panel_m_618.dta saved
cnae20_class_str generated as str5
cnae20_2d: all characters numeric; replaced as byte
(12198098 missing values generated)
(67,735,560 missing values generated)
(68,276,136 missing values generated)
(68,716,393 missing values generated)
(68,383,617 missing values generated)
(67,735,560 missing values generated)
(70,551,204 missing values generated)
(70,552,059 missing values generated)
(70,551,204 missing values generated)
(124 real changes made)
(70,552,059 missing values generated)
(120 real changes made)
(70,553,497 missing values generated)
(23,653,575 missing values generated)
(70,554,097 missing values generated)
(24,450,450 missing values generated)
(70,552,720 missing values generated)
(15,797,775 missing values generated)
(70,553,419 missing values generated)
(16,581,000 missing values generated)
(70,551,204 missing values generated)
(70,552,059 missing values generated)
(70,551,204 missing values generated)
(70,552,059 missing values generated)
(70,551,204 missing values generated)
(70,552,059 missing values generated)
(70,551,204 missing values generated)
(70,552,059 missing values generated)
(70,547,215 missing values generated)
(37,233,100 missing values generated)
(70,546,615 missing values generated)
(37,048,375 missing values generated)
(70,544,769 missing values generated)
(34,965,025 missing values generated)
(70,544,070 missing values generated)
(34,786,775 missing values generated)
(70,539,744 missing values generated)
(70,538,889 missing values generated)
(70,539,744 missing values generated)
(31,786,725 missing values generated)
(70,538,889 missing values generated)
(31,573,625 missing values generated)
(70,539,744 missing values generated)
(31,786,725 missing values generated)
(70,538,889 missing values generated)
(31,573,625 missing values generated)
(70,552,059 observations deleted)
file poaching/temp/from_cowork_panel_m_619.dta saved
cnae20_class_str generated as str5
cnae20_2d: all characters numeric; replaced as byte
(12189438 missing values generated)
(64,925,112 missing values generated)
(65,454,213 missing values generated)
(65,895,696 missing values generated)
(675 missing values generated)
(65,576,704 missing values generated)
(675 missing values generated)
(64,925,112 missing values generated)
(67,623,878 missing values generated)
(67,624,849 missing values generated)
(67,623,878 missing values generated)
(131 real changes made)
(67,624,849 missing values generated)
(116 real changes made)
(67,626,129 missing values generated)
(22,151,425 missing values generated)
(67,626,761 missing values generated)
(22,725,450 missing values generated)
(67,625,385 missing values generated)
(14,270,575 missing values generated)
(67,626,126 missing values generated)
(14,637,600 missing values generated)
(67,623,878 missing values generated)
(67,624,849 missing values generated)
(67,623,878 missing values generated)
(67,624,849 missing values generated)
(67,623,878 missing values generated)
(67,624,849 missing values generated)
(67,623,878 missing values generated)
(67,624,849 missing values generated)
(67,618,666 missing values generated)
(36,382,075 missing values generated)
(67,618,034 missing values generated)
(36,122,475 missing values generated)
(67,615,816 missing values generated)
(33,492,300 missing values generated)
(67,615,075 missing values generated)
(33,233,500 missing values generated)
(67,609,907 missing values generated)
(67,608,936 missing values generated)
(67,609,907 missing values generated)
(29,202,050 missing values generated)
(67,608,936 missing values generated)
(28,900,250 missing values generated)
(67,609,907 missing values generated)
(29,202,050 missing values generated)
(67,608,936 missing values generated)
(28,900,250 missing values generated)
(67,624,849 observations deleted)
file poaching/temp/from_cowork_panel_m_620.dta saved
cnae20_class_str generated as str5
cnae20_2d: all characters numeric; replaced as byte
(11730015 missing values generated)
(62,571,768 missing values generated)
(63,081,146 missing values generated)
(63,516,872 missing values generated)
(63,210,470 missing values generated)
(62,571,768 missing values generated)
(65,172,855 missing values generated)
(65,173,743 missing values generated)
(65,172,855 missing values generated)
(138 real changes made)
(65,173,743 missing values generated)
(134 real changes made)
(65,175,008 missing values generated)
(22,122,325 missing values generated)
(65,175,627 missing values generated)
(22,460,800 missing values generated)
(65,174,235 missing values generated)
(14,421,650 missing values generated)
(65,174,990 missing values generated)
(14,578,800 missing values generated)
(65,172,855 missing values generated)
(65,173,743 missing values generated)
(65,172,855 missing values generated)
(65,173,743 missing values generated)
(65,172,855 missing values generated)
(65,173,743 missing values generated)
(65,172,855 missing values generated)
(65,173,743 missing values generated)
(65,167,820 missing values generated)
(32,658,000 missing values generated)
(65,167,201 missing values generated)
(32,495,100 missing values generated)
(65,165,572 missing values generated)
(31,238,900 missing values generated)
(65,164,817 missing values generated)
(31,050,675 missing values generated)
(65,160,864 missing values generated)
(65,159,976 missing values generated)
(65,160,864 missing values generated)
(28,542,875 missing values generated)
(65,159,976 missing values generated)
(28,377,650 missing values generated)
(65,160,864 missing values generated)
(28,542,875 missing values generated)
(65,159,976 missing values generated)
(28,377,650 missing values generated)
(65,173,743 observations deleted)
file poaching/temp/from_cowork_panel_m_621.dta saved
cnae20_class_str generated as str5
cnae20_2d: all characters numeric; replaced as byte
(11983953 missing values generated)
(62,324,088 missing values generated)
(62,838,531 missing values generated)
(63,297,607 missing values generated)
(62,989,792 missing values generated)
(62,324,088 missing values generated)
(64,915,018 missing values generated)
(64,916,000 missing values generated)
(64,915,018 missing values generated)
(131 real changes made)
(64,916,000 missing values generated)
(124 real changes made)
(64,917,114 missing values generated)
(21,929,925 missing values generated)
(64,917,796 missing values generated)
(22,199,675 missing values generated)
(64,916,437 missing values generated)
(15,513,800 missing values generated)
(64,917,232 missing values generated)
(15,732,550 missing values generated)
(64,915,018 missing values generated)
(64,916,000 missing values generated)
(64,915,018 missing values generated)
(64,916,000 missing values generated)
(64,915,018 missing values generated)
(64,916,000 missing values generated)
(64,915,018 missing values generated)
(64,916,000 missing values generated)
(64,911,330 missing values generated)
(32,488,575 missing values generated)
(64,910,648 missing values generated)
(31,745,925 missing values generated)
(64,909,239 missing values generated)
(29,846,850 missing values generated)
(64,908,444 missing values generated)
(29,577,850 missing values generated)
(64,904,574 missing values generated)
(64,903,592 missing values generated)
(64,904,574 missing values generated)
(26,962,150 missing values generated)
(64,903,592 missing values generated)
(26,703,000 missing values generated)
(64,904,574 missing values generated)
(26,962,150 missing values generated)
(64,903,592 missing values generated)
(26,703,000 missing values generated)
(64,916,000 observations deleted)
file poaching/temp/from_cowork_panel_m_622.dta saved
cnae20_class_str generated as str5
cnae20_2d: all characters numeric; replaced as byte
(9337635 missing values generated)
(50,817,384 missing values generated)
(51,224,928 missing values generated)
(51,579,120 missing values generated)
(51,334,070 missing values generated)
(50,817,384 missing values generated)
(52,929,890 missing values generated)
(52,930,759 missing values generated)
(52,929,890 missing values generated)
(123 real changes made)
(52,930,759 missing values generated)
(120 real changes made)
(52,931,642 missing values generated)
(19,309,875 missing values generated)
(52,932,243 missing values generated)
(19,613,375 missing values generated)
(52,931,024 missing values generated)
(12,903,125 missing values generated)
(52,931,742 missing values generated)
(13,025,725 missing values generated)
(52,929,890 missing values generated)
(52,930,759 missing values generated)
(52,929,890 missing values generated)
(52,930,759 missing values generated)
(52,929,890 missing values generated)
(52,930,759 missing values generated)
(52,929,890 missing values generated)
(52,930,759 missing values generated)
(52,925,024 missing values generated)
(26,543,875 missing values generated)
(52,924,423 missing values generated)
(26,089,675 missing values generated)
(52,923,019 missing values generated)
(24,908,800 missing values generated)
(52,922,301 missing values generated)
(24,375,800 missing values generated)
(52,919,145 missing values generated)
(52,918,276 missing values generated)
(52,919,145 missing values generated)
(21,974,250 missing values generated)
(52,918,276 missing values generated)
(21,486,550 missing values generated)
(52,919,145 missing values generated)
(21,974,250 missing values generated)
(52,918,276 missing values generated)
(21,486,550 missing values generated)
(52,930,759 observations deleted)
file poaching/temp/from_cowork_panel_m_623.dta saved

.         
.         /*
>         
>         // appending monthly files
> 
>         clear 
>                 
>         foreach ym of numlist 601/611 613/623 625/635 637/647 649/659 661/671
>  673/683 { 
>                 
>                 append using "${temp}/from_cowork_panel_m_`ym'"
>         
>         }
>         
>         save "${temp}/from_cowork_panel_m", replace
>         
>         */
. 
. // variables from dest_panel_m
.         
.         // this panel will be constructed separately for each cohort
.         foreach ym of numlist 613/623 { 
  2. 
.         use "${data}/202503_dest_panel_m/202503_dest_panel_m_`ym'", clear
  3.         
.         sort eventid ym cpf
  4.         gen pc_ym = `ym'
  5.         gen ym_rel = ym - pc_ym
  6.         
.         // organizing variables we want to keep
.         
.                 // d_avg_worker_naive_fe
.                 
.                 gen d_avg_worker_naive_fe_temp = worker_naive_fe if ym_rel ==
>  0
  7.                 egen d_avg_worker_naive_fe = mean(d_avg_worker_naive_fe_te
> mp), by(eventid)
  8.                 
.                 drop d_avg_worker_naive_fe_temp
  9.                 
.                 // d_avg_worker_akm_fe
.                 
.                 gen d_avg_worker_akm_fe_temp = worker_akm_fe if ym_rel == 0
 10.                 egen d_avg_worker_akm_fe = mean(d_avg_worker_akm_fe_temp),
>  by(eventid)
 11.                 
.                 drop d_avg_worker_akm_fe_temp
 12.                 
.                 // d_size
.                 
.                 gen d_size_temp = 1 if ym_rel == 0
 13.                 egen d_size = sum(d_size_temp), by(eventid)
 14.         
.                 drop d_size_temp
 15.                 
.         // keeping the variables we need
.         keep eventid d_avg_worker_naive_fe d_avg_worker_akm_fe d_size
 16.         
.         // keeping one observation per event
.         egen unique = tag(eventid)
 17.         keep if unique == 1
 18.         drop unique
 19.         
.         // save temporary file
.         save "${temp}/from_dest_panel_m_`ym'", replace
 20.                 
.         }
(70,565,002 missing values generated)
(70,261,918 missing values generated)
(69,632,910 missing values generated)
(72,565,016 observations deleted)
(file poaching/temp/from_dest_panel_m_613.dta not found)
file poaching/temp/from_dest_panel_m_613.dta saved
(72,680,736 missing values generated)
(72,368,468 missing values generated)
(71,701,733 missing values generated)
(74,715,962 observations deleted)
(file poaching/temp/from_dest_panel_m_614.dta not found)
file poaching/temp/from_dest_panel_m_614.dta saved
(71,833,534 missing values generated)
(71,525,703 missing values generated)
(70,853,139 missing values generated)
(73,869,296 observations deleted)
(file poaching/temp/from_dest_panel_m_615.dta not found)
file poaching/temp/from_dest_panel_m_615.dta saved
(77,564,336 missing values generated)
(77,226,426 missing values generated)
(76,460,946 missing values generated)
(79,723,890 observations deleted)
(file poaching/temp/from_dest_panel_m_616.dta not found)
file poaching/temp/from_dest_panel_m_616.dta saved
(73,638,484 missing values generated)
(73,318,474 missing values generated)
(72,609,603 missing values generated)
(75,699,007 observations deleted)
(file poaching/temp/from_dest_panel_m_617.dta not found)
file poaching/temp/from_dest_panel_m_617.dta saved
(72,709,229 missing values generated)
(72,394,658 missing values generated)
(71,680,856 missing values generated)
(74,728,515 observations deleted)
(file poaching/temp/from_dest_panel_m_618.dta not found)
file poaching/temp/from_dest_panel_m_618.dta saved
(76,120,392 missing values generated)
(75,794,306 missing values generated)
(75,037,196 missing values generated)
(78,223,450 observations deleted)
(file poaching/temp/from_dest_panel_m_619.dta not found)
file poaching/temp/from_dest_panel_m_619.dta saved
(75,419,522 missing values generated)
(75,093,242 missing values generated)
(74,319,267 missing values generated)
(77,488,301 observations deleted)
(file poaching/temp/from_dest_panel_m_620.dta not found)
file poaching/temp/from_dest_panel_m_620.dta saved
(68,541,627 missing values generated)
(68,249,046 missing values generated)
(67,543,384 missing values generated)
(70,420,982 observations deleted)
(file poaching/temp/from_dest_panel_m_621.dta not found)
file poaching/temp/from_dest_panel_m_621.dta saved
(67,498,659 missing values generated)
(67,206,487 missing values generated)
(66,499,678 missing values generated)
(69,333,907 observations deleted)
(file poaching/temp/from_dest_panel_m_622.dta not found)
file poaching/temp/from_dest_panel_m_622.dta saved
(59,787,594 missing values generated)
(59,532,297 missing values generated)
(58,912,243 missing values generated)
(61,399,152 observations deleted)
(file poaching/temp/from_dest_panel_m_623.dta not found)
file poaching/temp/from_dest_panel_m_623.dta saved

.         
.         // appending monthly files
.         
.         /*
>         
>         clear
>                 
>         foreach ym of numlist 601/611 613/623 625/635 637/647 649/659 661/671
>  673/683 { 
>                 
>                 append using "${temp}/from_dest_panel_m_`ym'"
>         
>         }
>         
>         save "${temp}/from_dest_panel_m", replace
>         
>         */
.                         
. // variables from evt_panel_m
. 
.         /* // ISSO AQUI JÁ FOI RODADO!!!!!!!!!!!
>         
>         use "${data}/202503_evt_panel_m", clear
>         
>         // organizing variables we want to keep
>         
>                 // d_growth -- NOTE::: LATER, LET'S USE THE PLANT SIZE DATA S
> ET
>                         
>                 gen d_wkr_l12_temp = d_wkr if ym_rel == -12
>                 egen d_wkr_l12 = max(d_wkr_l12_temp), by(eventid)
>                 drop d_wkr_l12_temp
>                         
>                 gen d_wkr_l1_temp = d_wkr if ym_rel == -1
>                 egen d_wkr_l1 = max(d_wkr_l1_temp), by(eventid)
>                 drop d_wkr_l1_temp
>                         
>                 gen d_growth = d_wkr_l1 / d_wkr_l12 - 1
>                 
>                 // d_hire_total
>                 
>                 gen d_hire_total_temp = d_hire if ym_rel >= 0
>                 egen d_hire_total = sum(d_hire_total_temp), by(eventid)
>                 
>                 drop d_hire_total_temp
>                 
>         // keeping the variables we need
>         keep eventid d_growth d_hire_total
>         
>         // keeping one observation per event
>         egen unique = tag(eventid)
>         keep if unique == 1
>         drop unique
>         
>         // save temporary file
>         save "${temp}/from_evt_panel_m", replace 
>         
>         */
.         
. // constructing the panel directly
. 
.         // LATER -- THIS SHOULD BE PRETTY STRAIGHTFORWARD WHEN THE ABOVE IS C
> OMPLETE
.         
.         /*
> 
>         foreach e in spv dir emp {
> 
>         use "${data}/evt_m_`e'", clear 
>         
>         // dropping unnecessary variable
>         drop pc_`e'
>         
>         // period restriction
>         keep if pc_ym >= ym(2010,1)
>         
>         // merging with the previous data sets
>         merge 1:1 event_id using "${temp}/from_cowork_panel_m_`e'", nogen
>         merge 1:1 event_id using "${temp}/from_dest_panel_m_`e'", nogen
>         merge 1:1 event_id using "${temp}/from_evt_panel_m_`e'", nogen
>         
>         // merging with firm FE --- UPDATE THIS USING THE NEW AKM EFFECTS!
>         
>                 // origin
>                         
>                 tostring o_plant, generate(plant_id) format(%014.0f)
>                 gen firm_id = substr(plant_id, 1, 8)
>                 destring firm_id, force replace
>                         
>                 merge m:1 firm_id using "${AKM}/AKM_2003_2008_Firm", keep(mas
> ter match) nogen
>                 rename fe_firm fe_firm_o
>                         
>                 drop firm_id plant_id
>                 
>                 // destination
>                 
>                 tostring d_plant, generate(plant_id) format(%014.0f)
>                 gen firm_id = substr(plant_id, 1, 8)
>                 destring firm_id, force replace
>                         
>                 merge m:1 firm_id using "${AKM}/AKM_2003_2008_Firm", keep(mas
> ter match) nogen
>                 rename fe_firm fe_firm_d
>                         
>                 drop firm_id plant_id
>                 
>         // creating additional variables
>         
>                 // d_size_ln
>                 gen d_size_ln = ln(d_size)
>                 
>                 // pc_exp_ln
>                 gen pc_exp_ln = ln(pc_exp)
>                 
>                 // rd_coworker_n_ln
>                 gen rd_coworker_n_ln = ln(rd_coworker_n)
>                 
>                 // ratio_cw_new_hire
>                 gen ratio_cw_new_hire = rd_coworker_n / d_hire
>                 
>         // labeling variables
>         
>         cap la var cnae_d                       "CNAE of destination firm"
>         cap la var cnae_o                       "CNAE of origin firm"
>         cap la var d_avg_fe_worker              "Avg. worker AKM FE at dest. 
> firm at -0" 
>         cap la var d_growth                     "Destination firm growth rate
>  between -12 and -1"            
>         cap la var d_hire                       "Number of hires at dest. fir
> m after 0" 
>         cap la var d_plant                      "Destination plant ID"
>         cap la var d_size                       "Size of destination firm"   
>    
>         cap la var d_size_ln                    "Ln of size of destination fi
> rm"  
>         cap la var event_id                     "Event ID"
>         cap la var fe_firm_d                    "Destination firm AKM FE"    
>         cap la var fe_firm_o                    "Origin firm AKM FE"     
>         cap la var o_avg_fe_worker              "Avg. worker AKM FE at origin
>  firm at -12"
>         cap la var o_plant                      "Origin plant ID"
>         cap la var o_size                       "Size of origin firm"       
>         cap la var pc_age                       "Age of poached individual"  
>      
>         cap la var pc_exp                       "Poached individual experienc
> e"       
>         cap la var pc_exp_ln                    "Ln of experience of poached 
> individual"   
>         cap la var pc_fe                        "AKM FE of poached individual
> "       
>         cap la var pc_wage_d                    "Ln wage of poached individua
> l at dest. firm"
>         cap la var pc_wage_d_lvl                "Wage of poached individual a
> t dest. firm (level)"
>         cap la var pc_wage_o_l1                 "Ln wage of poached individua
> l at origin firm in -1"  
>         cap la var pc_wage_o_l1_lvl             "Wage of poached individual a
> t origin firm in -1 (level)"
>         cap la var pc_ym                        "Poaching cohort"
>         cap la var ratio_cw_new_hire            "Destination firm (# raided w
> orkers / # new hires)"             
>         cap la var rd_coworker_fe               "Avg. AKM FE of raided cowork
> ers"   
>         cap la var rd_coworker_n                "Number of raided coworkers"
>         cap la var rd_coworker_n_ln             "Ln of number of raided cowor
> kers"      
>         cap la var rd_coworker_wage_d_lvl       "Wage of raided coworker at d
> est. firm (level)" 
>         cap la var rd_coworker_wage_o_lvl       "Wage of raided coworker at o
> rigin firm (level)" 
>         
>         // saving
>         save "${data}/202503_poach_ind_`e'", replace
>         
>         }
>                 
> *--------------------------*
> * EXIT
> *--------------------------*
> 
> // REMOVE TEMP FILES!!!! 
>         

end of do-file

.         *do "${prepare}/202503_poach_ind_LOOP3"
.         *do "${prepare}/202503_poach_ind_LOOP4"
.         *do "${prepare}/202503_poach_ind_LOOP5"
.         *do "${prepare}/202503_poach_ind_LOOP6"
.         *do "${prepare}/202503_poach_ind_LOOP7"
.         
.         // identifying event types (using destination occupation)
.         *do "${prepare}/evt_type_m"
.         
.         // imposing sample selection restrictions to the analysis
.         *do "${prepare}/sample_selection"
.         
. // PART IV: constructing main data sets
. 
.         *do "${prepare}/202503_poaching_evt"
. 
. *-----------------------------------------*
. * ANALYSIS (FINAL) - FELIPE: USE THIS
. *-----------------------------------------*
. 
. // MAIN ANALYSIS
. 
.         // imposing restrictions and listing the events we want
.         *do "${analysis}/eventlist"     
.         
.         // exhibits
.         *do "${analysis}/final_sumstats"
.         *do "${analysis}/final_pred1"
.         *do "${analysis}/final_pred2"
.         *do "${analysis}/final_pred3"
.         *do "${analysis}/final_pred4"
.         *do "${analysis}/final_pred5"
.         *do "${analysis}/final_pred6"
.         *do "${analysis}/final_pred7"
.         *do "${analysis}/final_alternatives"
.         
.         // other analyses
.         *do "${analysis}/final_preddelta"
.         
. // TESTING OTHER HYPOTHESES
. 
.         // hypothesis: managers are the owners of the destination firm (spino
> ffs)
.         *do "${analysis}/test_spinoffs"
.         
.         // hypothesis: tenure overlap + strength of information 
.         *do "${analysis}/summary_tenureoverlap"
.         
. // ROBUSTNESS: RESULTS WITHOUT RECLASSIFICATIONS        
. 
.         // imposing restrictions and listing the events we want
.         *do "${analysis}/eventlist_noreclass"
.         
.         // organing exhibits before submission
.         *do "${analysis}/final_pred1_noreclass"
.         *do "${analysis}/final_pred2_noreclass"
.         *do "${analysis}/final_pred3_noreclass"
.         *do "${analysis}/final_pred4_noreclass"
.         *do "${analysis}/final_pred5_noreclass"
.         *do "${analysis}/final_pred6_noreclass"
.         *do "${analysis}/final_pred7_noreclass"
.         *do "${analysis}/final_alternatives_noreclass"
. 
. // ROBUSTNESS: TABLES WITH 0 RAIDES
. 
.         *do "${analysis}/final_pred4_zero"
.         *do "${analysis}/final_pred5_zero"
.         *do "${analysis}/final_alternatives_zero"
.         
.         *do "${analysis}/final_pred4_zeroonly"
.         *do "${analysis}/final_pred5_zeroonly"
.         *do "${analysis}/final_alternatives_zeroonly"
. 
. *-----------------------------------------*
. * ANALYSIS (202503 WORK) -- FABIANO'S STUFF
. *-----------------------------------------*
. 
. // MAIN ANALYSIS
. 
.         // imposing restrictions and listing the events we want
.         *do "${analysis}/eventlist"     
.         
.         // exhibits
.         *do "${analysis}/202503_sumstats"
.         *do "${analysis}/202503_pred1"
.         *do "${analysis}/202503_pred2"
.         *do "${analysis}/final_pred3"
.         *do "${analysis}/202503_pred4"
.         *do "${analysis}/202503_pred5"
.         *do "${analysis}/202503_pred6"
.         *do "${analysis}/final_pred7"
.         *do "${analysis}/final_alternatives"
.         
.         // other analyses
.         *do "${analysis}/final_preddelta"
.         
. // TESTING OTHER HYPOTHESES
. 
.         // hypothesis: managers are the owners of the destination firm (spino
> ffs)
.         *do "${analysis}/test_spinoffs"
.         
.         // hypothesis: tenure overlap + strength of information 
.         *do "${analysis}/summary_tenureoverlap"
.         
. // ROBUSTNESS: RESULTS WITHOUT RECLASSIFICATIONS        
. 
.         // imposing restrictions and listing the events we want
.         *do "${analysis}/eventlist_noreclass"
.         
.         // organing exhibits before submission
.         *do "${analysis}/final_pred1_noreclass"
.         *do "${analysis}/final_pred2_noreclass"
.         *do "${analysis}/final_pred3_noreclass"
.         *do "${analysis}/final_pred4_noreclass"
.         *do "${analysis}/final_pred5_noreclass"
.         *do "${analysis}/final_pred6_noreclass"
.         *do "${analysis}/final_pred7_noreclass"
.         *do "${analysis}/final_alternatives_noreclass"
. 
. // ROBUSTNESS: TABLES WITH 0 RAIDES
. 
.         *do "${analysis}/final_pred4_zero"
.         *do "${analysis}/final_pred5_zero"
.         *do "${analysis}/final_alternatives_zero"
.         
.         *do "${analysis}/final_pred4_zeroonly"
.         *do "${analysis}/final_pred5_zeroonly"
.         *do "${analysis}/final_alternatives_zeroonly"
. 
. 
. 
. 
. 
.         
. 
. 
. 
.         
. 
. *****************************************************************************
> **
. /* ARCHIVE
> 
> *--------------------------- mar 27 2025 archive ----------------------------
> ---
> 
>         // Figure 1: 
>         
>                 // baseline graph
>                 do "${analysis}/es_baseline"
>         
>                 // understanding baseline (raw averages)
>                 do "${analysis}/es_baseline_raw" // FD NOTE: I haven't organi
> zed this yet
>         
>         // Figure 2: 
>         
>                 // quality of new hires
>                 do "${analysis}/quality_dest_hire"
>         
>         // Table 1:
>         
>                 // summary statistics
>                 do "${analysis}/summary_statistics"
>         
>         // Table 2
>         
>                 // information available
>                 do "${analysis}/table2"
>                 
>         // Table 3
>         
>                 // information is needed
>                 do "${analysis}/table3"
>                 
>         // Destination growth
>         
>                 // # of hires and # total employess
>                 do "${analysis}/destgrowth"
>                 
>         // Trying something different: overlap between spv-spv and emp-emp
>         do "${analysis}/overlap"
>         
>         // Review why there are missing values
>         do "${auxiliary}/review_missing_variables"
>         
>         // Check if some variables are created correctly
>         do "${auxiliary}/vars_dont_look_right"
>         
>         // Check creation of variables for which we nly had the log
>         do "${auxiliary}/check_vars_in_levels"
> 
> *--------------------------- nov 19 2024 archive ----------------------------
> ---
> 
>         // Figure 3: 
>         
>                 // CDF quality at origin
>                 do "${analysis}/quality_origin"
>         
>                 // reg quality at origin
>                 do "${analysis}/reg_quality_origin"
>                 
>                 // generating CDF for subset of events that have at least 1 r
> aided worker and at least 1 moveable worker
>                 do "${analysis}/quality_origin_sel_evts"
>                 
>         // Table 2:
>         
>                 // v1
>                 do "${analysis}/table2"
>         
>                 // v2: include ind. and event time FE
>                 do "${analysis}/table2_v2"
> 
>         // Table 3:
>         
>                 // v1
>                 do "${analysis}/table3"
>         
>                 // v2: include ind. and event time FE
>                 do "${analysis}/table3_v2"
>                 
> *-------------------------- other archive -----------------------------------
> --
> 
> 
>         // firm-level event study: baseline figures with raw averages
>         *do "${analysis}/es_raw_firm"
>         
>         // firm-level event study: analysis using regressions
>         *do "${analysis}/es_reg_firm"
>         
>                 // heterogeneity: by type of movement (to dir, to spv, to emp
> )
>                 *do "${analysis}/es_reg_firm_type"
>                 
>                 // heterogeneity: by origin firm size
>                 *do "${analysis}/es_reg_firm_originsize"
>                 
>                 // heterogeneity: by destination firm size
>                 *do "${analysis}/es_reg_firm_destinationsize"
>                 
>                 // heterogeneity: by region (same or different)
>                 *do "${analysis}/es_reg_firm_region"
>         
>         // hires-level "event study" -- ?? -- tentative analysis so far 
>         *do "${analysis}/es_reg_hires"
>         
>         // table: wage regressions
>         
>                 // testing information hypothesis
>                 *do "${analysis}/reg_wage_info"         
> 
> *------------------------------ monthly rs ----------------------------------
> ---
> 
>         // prepare
> 
>                 // organizing full RAIS (monthly panel)
>                 do "programs/prepare/archive_20240708/rais_m_rs"
>                 
>                 // identifying poaching events
>                 do "programs/prepare/archive_20240708/evt_m_rs"
>                 
>                 // constructing worker-level data set with poaching events in
>  t=0
>                 do "programs/prepare/archive_20240708/evt_work_m_rs"
>                 
>                 // constructing worker-level panel with coworkers only
>                 do "programs/prepare/archive_20240708/cowork_panel_m_rs"
>                 
>                 // constructing event-level panel with poaching plants (d_pla
> nts)
>                 do "programs/prepare/archive_20240708/evt_panel_m_rs"
>                 
>                 // auxiliary data set: wages for coworkers
>                 do "programs/prepare/archive_20240708/wage_real_ln_cw"
>                 
>         // analysis
>         
>                 // sample selection (imposing additional criteria on the even
> ts)
>                 do "programs/analysis/archive_20240708/sample_selection"
> 
>                 // summary stats
>                 do "programs/analysis/archive_20240708/sumstats"
>         
>                 // firm-level event study
>                 do "programs/analysis/archive_20240708/es_firm_dir"
>         
>                 // wage distribution: before vs. after poaching
>                 do "programs/analysis/archive_20240708/wage_dist_dir"
>         
>                 // wage regression: poached workers only; correlation with "i
> nformation"
>                 do "programs/analysis/archive_20240708/wage_corrinfo_dir"
>         
>                 // wage regression: comparison with similar retained workers
>                 do "programs/analysis/archive_20240708/wage_xretained_dir"
> 
> 
> *------------------------------- quarterly ----------------------------------
> ---
> 
>         // organizing quarterly panel
>         do "programs/prepare/archive_20240430/RAIS_Quarterly_RS"
>         
>         // identifying poaching events
>         do "programs/prepare/archive_20240430/PoachingEvents_Quarterly_RS"
>         
>                 // Daniela's version
>                 do "programs/prepare/archive_20240430/evtdefine"
>         
>         // constructing the panel with coworkers
>         do "programs/prepare/archive_20240430/CoWorkers_Panel_Quarterly_RS"
>         
>                 // Daniela's version
>                 do "programs/prepare/archive_20240430/coworker_panel_q_rs"
>         
>         // creating the panel with poaching firms
>         do "programs/prepare/archive_20240430/PoachingEvents_Panel_Quarterly_
> RS"
>         
>                 // Daniela's version
>                 do "programs/prepare/archive_20240430/events_panel_rs" 
>                 

end of do-file
