
  ___  ____  ____  ____  ____ ®
 /__    /   ____/   /   ____/      18.0
___/   /   /___/   /   /___/       MP—Parallel Edition

 Statistics and Data Science       Copyright 1985-2023 StataCorp LLC
                                   StataCorp
                                   4905 Lakeway Drive
                                   College Station, Texas 77845 USA
                                   800-STATA-PC        https://www.stata.com
                                   979-696-4600        stata@stata.com

Stata license: 5-user 8-core network perpetual
Serial number: 501806372583
  Licensed to: Econ Department
               Cornell University, Ithaca, NY

Notes:
      1. Stata is running in batch mode.
      2. Unicode is supported; see help unicode_advice.
      3. More than 2 billion observations are allowed; see help obs_advice.
      4. Maximum number of variables is set to 5,000 but can be increased;
          see help set_maxvar.

. do master_LOOP5.do /logs/slurm_LOOP5.log 

. // Poaching Project
. // Created by: Fabiano Dal-Ri
. // (fd237@cornell.edu; dalri.fabiano@gmail.com)
. // Date created: April 2024
. 
. // Purpose: Master file for the "Poaching" project
. 
. *--------------------------*
. * SET UP
. *--------------------------*
. 
.         // working directory
.         cd "/home/ecco_rais/data/interwrk/daniela_group"
/home/ecco_rais/data/interwrk/daniela_group

.         
.         // clearing session
.         clear all

.         macro drop _all

. 
.         // default color scheme
.         set scheme s1color

.         
.         // globals -- input files
.         
.         global RAIS_Clean       "RAIS/output/data/identified/RAIS_Clean"

.         global AKM              "akm/output/data"

.         global JointMovements   "displacement/output/data/JointMovements"

.         global Owners           "fabiano/jmp/output/data/Owners"

.         global Firms_Panel      "fabiano/jmp/output/data/Firms_Panel"   

.         
.         // globals -- paths in this folder
.         
.         global input            "poaching/input"

.         global prepare          "poaching/programs/prepare"

.         global analysis         "poaching/programs/analysis"

.         global auxiliary        "poaching/programs/auxiliary"

.         global data             "poaching/output/data"

.         global results          "poaching/output/results"

.         global temp             "poaching/temp"

.         
.         // globals -- analysis
.         
.         global evt_vars evt_l9 evt_l8 evt_l7 evt_l6 evt_l5 evt_l4 evt_zero ev
> t_l2 evt_l1 ///
>               evt_f0 evt_f1 evt_f2 evt_f3 evt_f4 evt_f5 evt_f6 evt_f7 evt_f8 
> evt_f9 evt_f10 evt_f11 evt_f12     

.         
. *-----------------------------------------*
. * POPULATING INPUT FOLDER
. *-----------------------------------------*
. 
.         // "auxiliary" folder:
.         // -- ipca_brazil.dta: taken from other projects; no raw files availa
> ble anymore
.         // -- minwage_brazil.dta: taken from other projects; no raw files ava
> ilable anymore
.         // -- georegions.dta: taken from Fabiano's JMP
.         
. *-----------------------------------------*
. * PREPARE
. *-----------------------------------------*
. 
. // PART I: organizing RAIS data 
. 
.         // create a monthly RAIS panel
.         *do "${prepare}/rais_m"
.         
. // PART II: constructing auxiliary data sets
. 
.         // calculate average number of employees
.         *do "${prepare}/plantsize_m"
.         
.         // calculate wage growth variables at the plant-level
.         *do "${prepare}/wagegrowth_m"
.         
.         // calculate industry growth (employment)
.         *do "${prepare}/industrygrowth_m" // IN PROGRESS
.         
.         // calculate positive employment dummy variable
.         *do "${prepare}/posemp_m"
.                         
.         // identify joing movements
.         *do "${prepare}/jointmvt"
. 
. // PART III: constructing intermediate data sets
. 
.         // identifying poaching events
.         *do "${prepare}/202503_evt_m"
.                 
.                 // identifying the main poached individual
.                 *do "${prepare}/202503_mainpc"
.                 
.                 // identifying event types
.                 *do "${prepare}/202503_evttype"
.         
.         // constructing worker-level panel with coworkers of the poached indi
> viduals
.         *do "${prepare}/202503_cowork_panel_m"
.         
.         // constructing event-level panel with poaching plants (destination p
> lants)
.         *do "${prepare}/202503_evt_panel_m"
.         
.         // constructing worker-level data set with poaching firms in t=0
.         *do "${prepare}/202503_dest_panel_m"
.         
.         // event-level data set
.         *do "${prepare}/202503_poach_ind"
.         *do "${prepare}/202503_poach_ind_LOOP1"
.         *do "${prepare}/202503_poach_ind_LOOP2"
.         *do "${prepare}/202503_poach_ind_LOOP3"
.         *do "${prepare}/202503_poach_ind_LOOP4"
.         do "${prepare}/202503_poach_ind_LOOP5"

. // Poaching Project
. // Created by: Fabiano Dal-Ri
. // (fd237@cornell.edu; dalri.fabiano@gmail.com)
. // Date created: August 2024
. 
. // Purpose: Create data set with poached individuals only
. 
. *--------------------------*
. * BUILD
. *--------------------------*
. 
. // variables from cowork_panel_m
. 
.         // this panel will be constructed separately for each cohort
.         foreach ym of numlist 649/659 { 
  2. 
.         use "${data}/202503_cowork_panel_m/202503_o_cw_`ym'", clear
  3.         
.         // creating alternative raided workers variable -- MOVE THIS TO COWOR
> K_PANEL_M_SPV, EVENTUALLY
.         // reassigning poached individuals who are not the main one as raided
>  individuals
.         
.                 gen raidpc = (raid == 1 | (ym_rel == 0 & pc_individual == 1 &
>  main_individual == 0))
  4.                 
.                 gen raidpc_individual = (raid_individual == 1 | (pc_individua
> l == 1 & main_individual == 0))
  5.                         
.         // organizing variables we want to keep
.         
.                 // cnae_o, cnae_d
.                 
.                 tostring cnae20_class, gen(cnae20_class_str) format(%05.0f)
  6.                 gen cnae20_2d = substr(cnae20_class_str, 1, 2)
  7.                 destring cnae20_2d, force replace
  8.                 
.                 gen cnae_o_temp = cnae20_2d if ym_rel == -12
  9.                 egen cnae_o = max(cnae_o_temp), by(eventid)
 10.                 
.                 gen cnae_d_temp = cnae20_2d if ym_rel == 0
 11.                 egen cnae_d = max(cnae_d_temp), by(eventid)
 12.                 
.                 drop cnae20_class_str cnae20_2d cnae_o_temp cnae_d_temp
 13.                 
.                 // o_avg_worker_naive_fe
.                 
.                 gen o_avg_worker_naive_fe_temp = worker_naive_fe if ym_rel ==
>  -12
 14.                 egen o_avg_worker_naive_fe = mean(o_avg_worker_naive_fe_te
> mp), by(eventid)
 15.                 
.                 drop o_avg_worker_naive_fe_temp
 16.                 
.                 // o_avg_worker_akm_fe
.                 
.                 gen o_avg_worker_akm_fe_temp = worker_akm_fe if ym_rel == -12
 17.                 egen o_avg_worker_akm_fe = mean(o_avg_worker_akm_fe_temp),
>  by(eventid)
 18.                 
.                 drop o_avg_worker_akm_fe_temp
 19.                 
.                 // o_size
.         
.                 gen o_size_temp = 1 if ym_rel == -12
 20.                 egen o_size = sum(o_size_temp), by(eventid)
 21.                 
.                 drop o_size_temp
 22.                 
.                 // pc_age
.                 
.                 gen pc_age_temp = age if ym_rel == -12 & pc_individual == 1
 23.                 egen pc_age = mean(pc_age_temp), by(eventid)
 24.                 
.                 drop pc_age_temp
 25.                 
.                         // pc_age
.                 
.                         gen main_age_temp = age if ym_rel == -12 & main_indiv
> idual == 1
 26.                         egen main_age = mean(main_age_temp), by(eventid)
 27.                 
.                         drop main_age_temp
 28.                 
.                 // pc_exp
.                 
.                 gen pc_exp_temp = age - educ_years - 6 if ym_rel == -12 & pc_
> individual == 1
 29.                 
.                         // note: in some cases, this is negative or zero
.                         // issue: young people with too many education years
.                         // in these cases, we assign pc_exp = 1 (they were em
> ployed, after all)
.                         replace pc_exp_temp = 1 if pc_exp <= 0
 30.                         
.                 egen pc_exp = mean(pc_exp_temp), by(eventid)
 31.                 
.                 drop pc_exp_temp
 32.                 
.                         // main_exp
.                 
.                         gen main_exp_temp = age - educ_years - 6 if ym_rel ==
>  -12 & main_individual == 1
 33.                 
.                                 // note: in some cases, this is negative or z
> ero
.                                 // issue: young people with too many educatio
> n years
.                                 // in these cases, we assign main_exp = 1 (th
> ey were employed, after all)
.                                 replace main_exp_temp = 1 if main_exp <= 0
 34.                                 
.                         egen main_exp = mean(main_exp_temp), by(eventid)
 35.                         
.                         drop main_exp_temp
 36.                 
.                 // pc_worker_naive_fe
.                 
.                 gen pc_worker_naive_fe_temp = worker_naive_fe if ym_rel == -1
> 2 & pc_individual == 1
 37.                 egen pc_worker_naive_fe = mean(pc_worker_naive_fe_temp), b
> y(eventid)
 38.                 
.                 drop pc_worker_naive_fe_temp
 39.                 
.                         // main_worker_naive_fe
.                 
.                         gen main_worker_naive_fe_temp = worker_naive_fe if ym
> _rel == -12 & main_individual == 1
 40.                         egen main_worker_naive_fe = mean(main_worker_naive
> _fe_temp), by(eventid)
 41.                 
.                         drop main_worker_naive_fe_temp
 42.                         
.                 // pc_worker_akm_fe
.                 
.                 gen pc_worker_akm_fe_temp = worker_akm_fe if ym_rel == -12 & 
> pc_individual == 1
 43.                 egen pc_worker_akm_fe = mean(pc_worker_akm_fe_temp), by(ev
> entid)
 44.                 
.                 drop pc_worker_akm_fe_temp
 45.                 
.                         // main_worker_akm_fe
.                 
.                         gen main_worker_akm_fe_temp = worker_akm_fe if ym_rel
>  == -12 & main_individual == 1
 46.                         egen main_worker_akm_fe = mean(main_worker_akm_fe_
> temp), by(eventid)
 47.                 
.                         drop main_worker_akm_fe_temp    
 48.         
.                 // pc_wage_d
.                 
.                 gen pc_wage_d_temp = wage_real_ln if ym_rel == 0 & pc_individ
> ual == 1
 49.                 egen pc_wage_d = mean(pc_wage_d_temp), by(eventid)
 50.                 
.                 drop pc_wage_d_temp
 51.                 
.                         // main_wage_d
.                 
.                         gen main_wage_d_temp = wage_real_ln if ym_rel == 0 & 
> main_individual == 1
 52.                         egen main_wage_d = mean(main_wage_d_temp), by(even
> tid)
 53.                         
.                         drop main_wage_d_temp
 54.                 
.                 // pc_wage_d_lvl
.                 
.                 gen pc_wage_d_lvl_temp = wage_real if ym_rel == 0 & pc_indivi
> dual == 1
 55.                 egen pc_wage_d_lvl = mean(pc_wage_d_lvl_temp), by(eventid)
 56.                 
.                 drop pc_wage_d_lvl_temp
 57.                 
.                         // main_wage_d_lvl
.                 
.                         gen main_wage_d_lvl_temp = wage_real if ym_rel == 0 &
>  main_individual == 1
 58.                         egen main_wage_d_lvl = mean(main_wage_d_lvl_temp),
>  by(eventid)
 59.                         
.                         drop main_wage_d_lvl_temp
 60.                         
.                 // pc_wage_o_l1
.                 
.                 gen pc_wage_o_l1_temp = wage_real_ln if ym_rel == -1 & pc_ind
> ividual == 1
 61.                 egen pc_wage_o_l1 = mean(pc_wage_o_l1_temp), by(eventid)
 62.                 
.                 drop pc_wage_o_l1_temp
 63.                 
.                         // pc_wage_o_l1
.                 
.                         gen main_wage_o_l1_temp = wage_real_ln if ym_rel == -
> 1 & main_individual == 1
 64.                         egen main_wage_o_l1 = mean(main_wage_o_l1_temp), b
> y(eventid)
 65.                         
.                         drop main_wage_o_l1_temp
 66.                         
.                 // pc_wage_o_l1_lvl
.                 
.                 gen pc_wage_o_l1_lvl_temp = wage_real if ym_rel == -1 & pc_in
> dividual == 1
 67.                 egen pc_wage_o_l1_lvl = mean(pc_wage_o_l1_lvl_temp), by(ev
> entid)
 68.                 
.                 drop pc_wage_o_l1_lvl_temp
 69.                 
.                         // main_wage_o_l1_lvl
.                 
.                         gen main_wage_o_l1_lvl_temp = wage_real if ym_rel == 
> -1 & main_individual == 1
 70.                         egen main_wage_o_l1_lvl = mean(main_wage_o_l1_lvl_
> temp), by(eventid)
 71.                         
.                         drop main_wage_o_l1_lvl_temp
 72.                         
.                 // rd_coworker_naive_fe
.                 
.                 gen rd_coworker_naive_fe_temp = worker_naive_fe if ym_rel == 
> -12 & raid_individual == 1
 73.                 egen rd_coworker_naive_fe = mean(rd_coworker_naive_fe_temp
> ), by(eventid)
 74.                 
.                 drop rd_coworker_naive_fe_temp
 75.                 
.                         // rdpc_coworker_naive_fe
.                 
.                         gen rdpc_coworker_naive_fe_temp = worker_naive_fe if 
> ym_rel == -12 & raidpc_individual == 1
 76.                         egen rdpc_coworker_naive_fe = mean(rdpc_coworker_n
> aive_fe_temp), by(eventid)
 77.                         
.                         drop rdpc_coworker_naive_fe_temp
 78. 
.                 // rd_coworker_akm_fe
.                 
.                 gen rd_coworker_akm_fe_temp = worker_akm_fe if ym_rel == -12 
> & raid_individual == 1
 79.                 egen rd_coworker_akm_fe = mean(rd_coworker_akm_fe_temp), b
> y(eventid)
 80.                 
.                 drop rd_coworker_akm_fe_temp
 81.                 
.                         // rdpc_coworker_akm_fe
.                 
.                         gen rdpc_coworker_akm_fe_temp = worker_akm_fe if ym_r
> el == -12 & raidpc_individual == 1
 82.                         egen rdpc_coworker_akm_fe = mean(rdpc_coworker_akm
> _fe_temp), by(eventid)
 83.                         
.                         drop rdpc_coworker_akm_fe_temp  
 84.                         
.                 // rd_coworker_n
.                 
.                 gen rd_coworker_n_temp = 1 if ym_rel == -12 & raid_individual
>  == 1
 85.                 egen rd_coworker_n = sum(rd_coworker_n_temp), by(eventid)
 86.                 
.                 drop rd_coworker_n_temp
 87.                 
.                         // rdpc_coworker_n
.                 
.                         gen rdpc_coworker_n_temp = 1 if ym_rel == -12 & raidp
> c_individual == 1
 88.                         egen rdpc_coworker_n = sum(rdpc_coworker_n_temp), 
> by(eventid)
 89.                 
.                         drop rdpc_coworker_n_temp
 90.                 
.                 // rd_coworker_wage_o_lvl
.                 
.                 gen rd_coworker_wage_o_lvl_temp = wage_real if ym_rel == -12 
> & raid_individual == 1
 91.                 egen rd_coworker_wage_o_lvl = mean(rd_coworker_wage_o_lvl_
> temp), by(eventid)
 92.                 
.                 drop rd_coworker_wage_o_lvl_temp
 93.                 
.                         // rdpc_coworker_wage_o_lvl
.                         
.                         gen rdpc_coworker_wage_o_lvl_temp = wage_real if ym_r
> el == -12 & raidpc_individual == 1
 94.                         egen rdpc_coworker_wage_o_lvl = mean(rdpc_coworker
> _wage_o_lvl_temp), by(eventid)
 95.                         
.                         drop rdpc_coworker_wage_o_lvl_temp
 96.                 
.                 // rd_coworker_wage_d_lvl
.                 
.                 gen rd_coworker_wage_d_lvl_temp = wage_real if raid == 1 & ra
> id_individual == 1
 97.                 egen rd_coworker_wage_d_lvl = mean(rd_coworker_wage_d_lvl_
> temp), by(eventid)
 98.                 
.                 drop rd_coworker_wage_d_lvl_temp
 99.                 
.                         // rdpc_coworker_wage_d_lvl
.                 
.                         gen rdpc_coworker_wage_d_lvl_temp = wage_real if raid
> pc == 1 & raidpc_individual == 1
100.                         egen rdpc_coworker_wage_d_lvl = mean(rdpc_coworker
> _wage_d_lvl_temp), by(eventid)
101.                         
.                         drop rdpc_coworker_wage_d_lvl_temp
102.                         
.         // keeping the variables we need
.         keep eventid cnae_d cnae_o o_avg_worker_naive_fe o_avg_worker_akm_fe 
> o_size pc_age main_age pc_exp main_exp ///
>                 pc_worker_naive_fe pc_worker_akm_fe main_worker_naive_fe main
> _worker_akm_fe ///
>                 pc_wage_d main_wage_d pc_wage_d_lvl main_wage_d_lvl pc_wage_o
> _l1 ///
>                 main_wage_o_l1 pc_wage_o_l1_lvl main_wage_o_l1_lvl rd_coworke
> r_naive_fe rd_coworker_akm_fe ///
>                 rdpc_coworker_naive_fe rdpc_coworker_akm_fe ///
>                 rd_coworker_n rdpc_coworker_n rd_coworker_wage_d_lvl rdpc_cow
> orker_wage_d_lvl ///
>                 rd_coworker_wage_o_lvl rdpc_coworker_wage_o_lvl
103.         
.         // keeping one observation per event
.         egen unique = tag(eventid)
104.         keep if unique == 1
105.         drop unique
106.         
.         // save temporary file
.         save "${temp}/from_cowork_panel_m_`ym'", replace
107.         
.         }
cnae20_class_str generated as str5
cnae20_2d: all characters numeric; replaced as byte
(12211414 missing values generated)
(66,550,656 missing values generated)
(67,095,558 missing values generated)
(67,808,912 missing values generated)
(725 missing values generated)
(67,521,493 missing values generated)
(66,550,656 missing values generated)
(69,316,949 missing values generated)
(69,317,688 missing values generated)
(69,316,949 missing values generated)
(104 real changes made)
(69,317,688 missing values generated)
(102 real changes made)
(69,320,199 missing values generated)
(31,562,850 missing values generated)
(69,320,610 missing values generated)
(32,728,975 missing values generated)
(69,319,467 missing values generated)
(23,714,550 missing values generated)
(69,319,959 missing values generated)
(24,631,125 missing values generated)
(69,316,949 missing values generated)
(69,317,688 missing values generated)
(69,316,949 missing values generated)
(69,317,688 missing values generated)
(69,316,949 missing values generated)
(69,317,688 missing values generated)
(69,316,949 missing values generated)
(69,317,688 missing values generated)
(69,314,927 missing values generated)
(39,383,075 missing values generated)
(69,314,516 missing values generated)
(39,118,475 missing values generated)
(69,312,875 missing values generated)
(36,470,300 missing values generated)
(69,312,383 missing values generated)
(36,261,300 missing values generated)
(69,306,064 missing values generated)
(69,305,325 missing values generated)
(69,306,064 missing values generated)
(30,893,225 missing values generated)
(69,305,325 missing values generated)
(30,732,200 missing values generated)
(69,306,064 missing values generated)
(30,893,225 missing values generated)
(69,305,325 missing values generated)
(30,732,200 missing values generated)
(69,317,688 observations deleted)
file poaching/temp/from_cowork_panel_m_649.dta saved
cnae20_class_str generated as str5
cnae20_2d: all characters numeric; replaced as byte
(12361936 missing values generated)
(67,250,976 missing values generated)
(67,802,525 missing values generated)
(68,527,982 missing values generated)
(1,800 missing values generated)
(68,237,884 missing values generated)
(700 missing values generated)
(67,250,976 missing values generated)
(70,046,397 missing values generated)
(70,047,330 missing values generated)
(70,046,397 missing values generated)
(105 real changes made)
(70,047,330 missing values generated)
(101 real changes made)
(70,049,669 missing values generated)
(31,793,425 missing values generated)
(70,050,174 missing values generated)
(33,109,925 missing values generated)
(70,048,944 missing values generated)
(24,214,900 missing values generated)
(70,049,556 missing values generated)
(25,245,175 missing values generated)
(70,046,397 missing values generated)
(70,047,330 missing values generated)
(70,046,397 missing values generated)
(70,047,330 missing values generated)
(70,046,397 missing values generated)
(70,047,330 missing values generated)
(70,046,397 missing values generated)
(70,047,330 missing values generated)
(70,044,744 missing values generated)
(39,318,050 missing values generated)
(70,044,239 missing values generated)
(39,207,800 missing values generated)
(70,042,768 missing values generated)
(37,309,300 missing values generated)
(70,042,156 missing values generated)
(37,159,100 missing values generated)
(70,035,648 missing values generated)
(70,034,715 missing values generated)
(70,035,648 missing values generated)
(31,373,675 missing values generated)
(70,034,715 missing values generated)
(31,112,600 missing values generated)
(70,035,648 missing values generated)
(31,373,675 missing values generated)
(70,034,715 missing values generated)
(31,112,600 missing values generated)
(70,047,330 observations deleted)
file poaching/temp/from_cowork_panel_m_650.dta saved
cnae20_class_str generated as str5
cnae20_2d: all characters numeric; replaced as byte
(12104763 missing values generated)
(65,597,856 missing values generated)
(66,133,874 missing values generated)
(66,875,797 missing values generated)
(650 missing values generated)
(66,592,365 missing values generated)
(65,597,856 missing values generated)
(68,324,255 missing values generated)
(68,325,137 missing values generated)
(68,324,255 missing values generated)
(109 real changes made)
(68,325,137 missing values generated)
(106 real changes made)
(68,327,553 missing values generated)
(32,097,425 missing values generated)
(68,328,067 missing values generated)
(33,090,025 missing values generated)
(68,326,791 missing values generated)
(23,956,875 missing values generated)
(68,327,393 missing values generated)
(24,671,250 missing values generated)
(68,324,255 missing values generated)
(68,325,137 missing values generated)
(68,324,255 missing values generated)
(68,325,137 missing values generated)
(68,324,255 missing values generated)
(68,325,137 missing values generated)
(68,324,255 missing values generated)
(68,325,137 missing values generated)
(68,323,656 missing values generated)
(40,781,100 missing values generated)
(68,323,142 missing values generated)
(40,403,875 missing values generated)
(68,321,937 missing values generated)
(38,437,450 missing values generated)
(68,321,335 missing values generated)
(38,051,925 missing values generated)
(68,315,806 missing values generated)
(68,314,924 missing values generated)
(68,315,806 missing values generated)
(32,033,775 missing values generated)
(68,314,924 missing values generated)
(31,755,075 missing values generated)
(68,315,806 missing values generated)
(32,033,775 missing values generated)
(68,314,924 missing values generated)
(31,755,075 missing values generated)
(68,325,137 observations deleted)
file poaching/temp/from_cowork_panel_m_651.dta saved
cnae20_class_str generated as str5
cnae20_2d: all characters numeric; replaced as byte
(13056238 missing values generated)
(70,010,664 missing values generated)
(70,584,571 missing values generated)
(71,359,585 missing values generated)
(600 missing values generated)
(71,061,362 missing values generated)
(70,010,664 missing values generated)
(72,920,872 missing values generated)
(72,921,793 missing values generated)
(72,920,872 missing values generated)
(134 real changes made)
(72,921,793 missing values generated)
(126 real changes made)
(72,924,210 missing values generated)
(33,778,100 missing values generated)
(72,924,702 missing values generated)
(35,300,125 missing values generated)
(72,923,481 missing values generated)
(26,160,450 missing values generated)
(72,924,085 missing values generated)
(27,350,375 missing values generated)
(72,920,872 missing values generated)
(72,921,793 missing values generated)
(72,920,872 missing values generated)
(72,921,793 missing values generated)
(72,920,872 missing values generated)
(72,921,793 missing values generated)
(72,920,872 missing values generated)
(72,921,793 missing values generated)
(72,919,570 missing values generated)
(40,343,075 missing values generated)
(72,919,078 missing values generated)
(39,933,300 missing values generated)
(72,917,625 missing values generated)
(38,494,325 missing values generated)
(72,917,021 missing values generated)
(38,190,600 missing values generated)
(72,910,717 missing values generated)
(72,909,796 missing values generated)
(72,910,717 missing values generated)
(32,989,350 missing values generated)
(72,909,796 missing values generated)
(32,646,550 missing values generated)
(72,910,717 missing values generated)
(32,989,350 missing values generated)
(72,909,796 missing values generated)
(32,646,550 missing values generated)
(72,921,793 observations deleted)
file poaching/temp/from_cowork_panel_m_652.dta saved
cnae20_class_str generated as str5
cnae20_2d: all characters numeric; replaced as byte
(12352687 missing values generated)
(67,210,056 missing values generated)
(67,752,818 missing values generated)
(68,493,905 missing values generated)
(1,025 missing values generated)
(68,209,893 missing values generated)
(67,210,056 missing values generated)
(70,003,968 missing values generated)
(70,005,109 missing values generated)
(70,003,968 missing values generated)
(109 real changes made)
(70,005,109 missing values generated)
(104 real changes made)
(70,007,048 missing values generated)
(33,019,525 missing values generated)
(70,007,757 missing values generated)
(33,675,900 missing values generated)
(70,006,384 missing values generated)
(25,919,275 missing values generated)
(70,007,186 missing values generated)
(26,461,600 missing values generated)
(70,003,968 missing values generated)
(70,005,109 missing values generated)
(70,003,968 missing values generated)
(70,005,109 missing values generated)
(70,003,968 missing values generated)
(70,005,109 missing values generated)
(70,003,968 missing values generated)
(70,005,109 missing values generated)
(70,002,100 missing values generated)
(38,577,350 missing values generated)
(70,001,391 missing values generated)
(38,259,425 missing values generated)
(70,000,089 missing values generated)
(36,100,500 missing values generated)
(69,999,287 missing values generated)
(35,954,950 missing values generated)
(69,993,119 missing values generated)
(69,991,978 missing values generated)
(69,993,119 missing values generated)
(31,395,700 missing values generated)
(69,991,978 missing values generated)
(31,240,700 missing values generated)
(69,993,119 missing values generated)
(31,395,700 missing values generated)
(69,991,978 missing values generated)
(31,240,700 missing values generated)
(70,005,109 observations deleted)
file poaching/temp/from_cowork_panel_m_653.dta saved
cnae20_class_str generated as str5
cnae20_2d: all characters numeric; replaced as byte
(12835601 missing values generated)
(68,460,912 missing values generated)
(69,021,166 missing values generated)
(69,801,552 missing values generated)
(69,505,543 missing values generated)
(68,460,912 missing values generated)
(71,306,889 missing values generated)
(71,307,936 missing values generated)
(71,306,889 missing values generated)
(156 real changes made)
(71,307,936 missing values generated)
(151 real changes made)
(71,310,164 missing values generated)
(34,540,750 missing values generated)
(71,310,748 missing values generated)
(35,597,475 missing values generated)
(71,309,461 missing values generated)
(26,789,150 missing values generated)
(71,310,154 missing values generated)
(27,221,375 missing values generated)
(71,306,889 missing values generated)
(71,307,936 missing values generated)
(71,306,889 missing values generated)
(71,307,936 missing values generated)
(71,306,889 missing values generated)
(71,307,936 missing values generated)
(71,306,889 missing values generated)
(71,307,936 missing values generated)
(71,305,530 missing values generated)
(39,471,900 missing values generated)
(71,304,946 missing values generated)
(38,859,825 missing values generated)
(71,303,729 missing values generated)
(37,090,800 missing values generated)
(71,303,036 missing values generated)
(36,574,875 missing values generated)
(71,297,467 missing values generated)
(71,296,420 missing values generated)
(71,297,467 missing values generated)
(31,471,250 missing values generated)
(71,296,420 missing values generated)
(30,903,825 missing values generated)
(71,297,467 missing values generated)
(31,471,250 missing values generated)
(71,296,420 missing values generated)
(30,903,825 missing values generated)
(71,307,936 observations deleted)
file poaching/temp/from_cowork_panel_m_654.dta saved
cnae20_class_str generated as str5
cnae20_2d: all characters numeric; replaced as byte
(12851977 missing values generated)
(66,341,280 missing values generated)
(66,896,232 missing values generated)
(67,662,009 missing values generated)
(67,378,197 missing values generated)
(66,341,280 missing values generated)
(69,099,201 missing values generated)
(69,099,975 missing values generated)
(69,099,201 missing values generated)
(159 real changes made)
(69,099,975 missing values generated)
(151 real changes made)
(69,102,286 missing values generated)
(31,743,475 missing values generated)
(69,102,693 missing values generated)
(32,476,375 missing values generated)
(69,101,654 missing values generated)
(25,540,100 missing values generated)
(69,102,133 missing values generated)
(26,055,700 missing values generated)
(69,099,201 missing values generated)
(69,099,975 missing values generated)
(69,099,201 missing values generated)
(69,099,975 missing values generated)
(69,099,201 missing values generated)
(69,099,975 missing values generated)
(69,099,201 missing values generated)
(69,099,975 missing values generated)
(69,098,241 missing values generated)
(39,732,150 missing values generated)
(69,097,834 missing values generated)
(39,305,600 missing values generated)
(69,096,411 missing values generated)
(37,215,900 missing values generated)
(69,095,932 missing values generated)
(36,816,225 missing values generated)
(69,089,574 missing values generated)
(69,088,800 missing values generated)
(69,089,574 missing values generated)
(31,257,150 missing values generated)
(69,088,800 missing values generated)
(31,034,700 missing values generated)
(69,089,574 missing values generated)
(31,257,150 missing values generated)
(69,088,800 missing values generated)
(31,034,700 missing values generated)
(69,099,975 observations deleted)
file poaching/temp/from_cowork_panel_m_655.dta saved
cnae20_class_str generated as str5
cnae20_2d: all characters numeric; replaced as byte
(13328795 missing values generated)
(68,266,200 missing values generated)
(68,829,777 missing values generated)
(69,607,079 missing values generated)
(1,100 missing values generated)
(69,316,827 missing values generated)
(68,266,200 missing values generated)
(71,103,577 missing values generated)
(71,104,976 missing values generated)
(71,103,577 missing values generated)
(160 real changes made)
(71,104,976 missing values generated)
(144 real changes made)
(71,107,069 missing values generated)
(33,608,750 missing values generated)
(71,107,835 missing values generated)
(34,637,150 missing values generated)
(71,106,331 missing values generated)
(26,189,675 missing values generated)
(71,107,263 missing values generated)
(27,238,800 missing values generated)
(71,103,577 missing values generated)
(71,104,976 missing values generated)
(71,103,577 missing values generated)
(71,104,976 missing values generated)
(71,103,577 missing values generated)
(71,104,976 missing values generated)
(71,103,577 missing values generated)
(71,104,976 missing values generated)
(71,102,043 missing values generated)
(37,836,825 missing values generated)
(71,101,277 missing values generated)
(37,590,650 missing values generated)
(71,100,093 missing values generated)
(35,442,550 missing values generated)
(71,099,161 missing values generated)
(35,080,150 missing values generated)
(71,093,456 missing values generated)
(71,092,057 missing values generated)
(71,093,456 missing values generated)
(29,493,975 missing values generated)
(71,092,057 missing values generated)
(29,093,675 missing values generated)
(71,093,456 missing values generated)
(29,493,975 missing values generated)
(71,092,057 missing values generated)
(29,093,675 missing values generated)
(71,104,976 observations deleted)
file poaching/temp/from_cowork_panel_m_656.dta saved
cnae20_class_str generated as str5
cnae20_2d: all characters numeric; replaced as byte
(13949725 missing values generated)
(70,236,696 missing values generated)
(70,824,288 missing values generated)
(71,644,457 missing values generated)
(1,675 missing values generated)
(71,345,336 missing values generated)
(70,236,696 missing values generated)
(73,156,295 missing values generated)
(73,157,542 missing values generated)
(73,156,295 missing values generated)
(156 real changes made)
(73,157,542 missing values generated)
(144 real changes made)
(73,159,794 missing values generated)
(35,524,725 missing values generated)
(73,160,428 missing values generated)
(36,555,100 missing values generated)
(73,159,045 missing values generated)
(28,664,650 missing values generated)
(73,159,817 missing values generated)
(29,238,875 missing values generated)
(73,156,295 missing values generated)
(73,157,542 missing values generated)
(73,156,295 missing values generated)
(73,157,542 missing values generated)
(73,156,295 missing values generated)
(73,157,542 missing values generated)
(73,156,295 missing values generated)
(73,157,542 missing values generated)
(73,155,444 missing values generated)
(41,293,425 missing values generated)
(73,154,810 missing values generated)
(40,481,625 missing values generated)
(73,153,579 missing values generated)
(38,066,825 missing values generated)
(73,152,807 missing values generated)
(37,311,500 missing values generated)
(73,146,645 missing values generated)
(73,145,398 missing values generated)
(73,146,645 missing values generated)
(32,927,825 missing values generated)
(73,145,398 missing values generated)
(32,081,850 missing values generated)
(73,146,645 missing values generated)
(32,927,825 missing values generated)
(73,145,398 missing values generated)
(32,081,850 missing values generated)
(73,157,542 observations deleted)
file poaching/temp/from_cowork_panel_m_657.dta saved
cnae20_class_str generated as str5
cnae20_2d: all characters numeric; replaced as byte
(12882959 missing values generated)
(64,269,288 missing values generated)
(64,809,708 missing values generated)
(65,563,583 missing values generated)
(2,700 missing values generated)
(65,291,285 missing values generated)
(64,269,288 missing values generated)
(66,940,852 missing values generated)
(66,942,167 missing values generated)
(66,940,852 missing values generated)
(158 real changes made)
(66,942,167 missing values generated)
(150 real changes made)
(66,944,087 missing values generated)
(33,172,725 missing values generated)
(66,944,723 missing values generated)
(34,945,225 missing values generated)
(66,943,395 missing values generated)
(25,727,250 missing values generated)
(66,944,186 missing values generated)
(27,050,475 missing values generated)
(66,940,852 missing values generated)
(66,942,167 missing values generated)
(66,940,852 missing values generated)
(66,942,167 missing values generated)
(66,940,852 missing values generated)
(66,942,167 missing values generated)
(66,940,852 missing values generated)
(66,942,167 missing values generated)
(66,939,776 missing values generated)
(38,994,150 missing values generated)
(66,939,140 missing values generated)
(38,454,475 missing values generated)
(66,937,920 missing values generated)
(36,706,125 missing values generated)
(66,937,129 missing values generated)
(36,187,475 missing values generated)
(66,931,087 missing values generated)
(66,929,772 missing values generated)
(66,931,087 missing values generated)
(31,490,900 missing values generated)
(66,929,772 missing values generated)
(31,013,525 missing values generated)
(66,931,087 missing values generated)
(31,490,900 missing values generated)
(66,929,772 missing values generated)
(31,013,525 missing values generated)
(66,942,167 observations deleted)
file poaching/temp/from_cowork_panel_m_658.dta saved
cnae20_class_str generated as str5
cnae20_2d: all characters numeric; replaced as byte
(9662581 missing values generated)
(49,393,488 missing values generated)
(49,806,397 missing values generated)
(50,370,981 missing values generated)
(425 missing values generated)
(50,162,141 missing values generated)
(425 missing values generated)
(49,393,488 missing values generated)
(51,447,242 missing values generated)
(51,447,968 missing values generated)
(51,447,242 missing values generated)
(123 real changes made)
(51,447,968 missing values generated)
(122 real changes made)
(51,449,367 missing values generated)
(23,185,950 missing values generated)
(51,449,794 missing values generated)
(24,484,325 missing values generated)
(51,448,914 missing values generated)
(18,741,050 missing values generated)
(51,449,406 missing values generated)
(19,595,500 missing values generated)
(51,447,242 missing values generated)
(51,447,968 missing values generated)
(51,447,242 missing values generated)
(51,447,968 missing values generated)
(51,447,242 missing values generated)
(51,447,968 missing values generated)
(51,447,242 missing values generated)
(51,447,968 missing values generated)
(51,446,345 missing values generated)
(28,087,425 missing values generated)
(51,445,918 missing values generated)
(27,676,675 missing values generated)
(51,445,142 missing values generated)
(26,487,975 missing values generated)
(51,444,650 missing values generated)
(26,209,975 missing values generated)
(51,440,748 missing values generated)
(51,440,022 missing values generated)
(51,440,748 missing values generated)
(22,509,225 missing values generated)
(51,440,022 missing values generated)
(22,206,500 missing values generated)
(51,440,748 missing values generated)
(22,509,225 missing values generated)
(51,440,022 missing values generated)
(22,206,500 missing values generated)
(51,447,968 observations deleted)
file poaching/temp/from_cowork_panel_m_659.dta saved

.         
.         /*
>         
>         // appending monthly files
> 
>         clear 
>                 
>         foreach ym of numlist 601/611 613/623 625/635 637/647 649/659 661/671
>  673/683 { 
>                 
>                 append using "${temp}/from_cowork_panel_m_`ym'"
>         
>         }
>         
>         save "${temp}/from_cowork_panel_m", replace
>         
>         */
. 
. // variables from dest_panel_m
.         
.         // this panel will be constructed separately for each cohort
.         foreach ym of numlist 649/659 { 
  2. 
.         use "${data}/202503_dest_panel_m/202503_dest_panel_m_`ym'", clear
  3.         
.         sort eventid ym cpf
  4.         gen pc_ym = `ym'
  5.         gen ym_rel = ym - pc_ym
  6.         
.         // organizing variables we want to keep
.         
.                 // d_avg_worker_naive_fe
.                 
.                 gen d_avg_worker_naive_fe_temp = worker_naive_fe if ym_rel ==
>  0
  7.                 egen d_avg_worker_naive_fe = mean(d_avg_worker_naive_fe_te
> mp), by(eventid)
  8.                 
.                 drop d_avg_worker_naive_fe_temp
  9.                 
.                 // d_avg_worker_akm_fe
.                 
.                 gen d_avg_worker_akm_fe_temp = worker_akm_fe if ym_rel == 0
 10.                 egen d_avg_worker_akm_fe = mean(d_avg_worker_akm_fe_temp),
>  by(eventid)
 11.                 
.                 drop d_avg_worker_akm_fe_temp
 12.                 
.                 // d_size
.                 
.                 gen d_size_temp = 1 if ym_rel == 0
 13.                 egen d_size = sum(d_size_temp), by(eventid)
 14.         
.                 drop d_size_temp
 15.                 
.         // keeping the variables we need
.         keep eventid d_avg_worker_naive_fe d_avg_worker_akm_fe d_size
 16.         
.         // keeping one observation per event
.         egen unique = tag(eventid)
 17.         keep if unique == 1
 18.         drop unique
 19.         
.         // save temporary file
.         save "${temp}/from_dest_panel_m_`ym'", replace
 20.                 
.         }
(77,026,919 missing values generated)
(76,713,705 missing values generated)
(75,593,518 missing values generated)
(78,779,360 observations deleted)
(file poaching/temp/from_dest_panel_m_649.dta not found)
file poaching/temp/from_dest_panel_m_649.dta saved
(73,921,465 missing values generated)
(73,621,796 missing values generated)
(72,559,194 missing values generated)
(75,620,101 observations deleted)
(file poaching/temp/from_dest_panel_m_650.dta not found)
file poaching/temp/from_dest_panel_m_650.dta saved
(79,584,573 missing values generated)
(79,262,026 missing values generated)
(78,102,696 missing values generated)
(81,412,670 observations deleted)
(file poaching/temp/from_dest_panel_m_651.dta not found)
file poaching/temp/from_dest_panel_m_651.dta saved
(78,575,017 missing values generated)
(78,251,697 missing values generated)
(77,091,367 missing values generated)
(80,371,805 observations deleted)
(file poaching/temp/from_dest_panel_m_652.dta not found)
file poaching/temp/from_dest_panel_m_652.dta saved
(73,183,797 missing values generated)
(1,809 missing values generated)
(72,885,892 missing values generated)
(465 missing values generated)
(71,808,957 missing values generated)
(74,876,614 observations deleted)
(file poaching/temp/from_dest_panel_m_653.dta not found)
file poaching/temp/from_dest_panel_m_653.dta saved
(73,886,338 missing values generated)
(1,781 missing values generated)
(73,584,050 missing values generated)
(940 missing values generated)
(72,470,178 missing values generated)
(75,572,847 observations deleted)
(file poaching/temp/from_dest_panel_m_654.dta not found)
file poaching/temp/from_dest_panel_m_654.dta saved
(73,816,899 missing values generated)
(73,512,311 missing values generated)
(72,401,174 missing values generated)
(75,518,186 observations deleted)
(file poaching/temp/from_dest_panel_m_655.dta not found)
file poaching/temp/from_dest_panel_m_655.dta saved
(73,724,420 missing values generated)
(73,422,196 missing values generated)
(72,305,822 missing values generated)
(75,431,147 observations deleted)
(file poaching/temp/from_dest_panel_m_656.dta not found)
file poaching/temp/from_dest_panel_m_656.dta saved
(73,052,816 missing values generated)
(346 missing values generated)
(72,754,836 missing values generated)
(71,619,198 missing values generated)
(74,703,457 observations deleted)
(file poaching/temp/from_dest_panel_m_657.dta not found)
file poaching/temp/from_dest_panel_m_657.dta saved
(66,305,661 missing values generated)
(1,079 missing values generated)
(66,034,822 missing values generated)
(65,015,524 missing values generated)
(67,821,961 observations deleted)
(file poaching/temp/from_dest_panel_m_658.dta not found)
file poaching/temp/from_dest_panel_m_658.dta saved
(54,163,377 missing values generated)
(53,947,566 missing values generated)
(53,126,424 missing values generated)
(55,389,741 observations deleted)
(file poaching/temp/from_dest_panel_m_659.dta not found)
file poaching/temp/from_dest_panel_m_659.dta saved

.         
.         // appending monthly files
.         
.         /*
>         
>         clear
>                 
>         foreach ym of numlist 601/611 613/623 625/635 637/647 649/659 661/671
>  673/683 { 
>                 
>                 append using "${temp}/from_dest_panel_m_`ym'"
>         
>         }
>         
>         save "${temp}/from_dest_panel_m", replace
>         
>         */
.                         
. // variables from evt_panel_m
. 
.         /* // ISSO AQUI JÁ FOI RODADO!!!!!!!!!!!
>         
>         use "${data}/202503_evt_panel_m", clear
>         
>         // organizing variables we want to keep
>         
>                 // d_growth -- NOTE::: LATER, LET'S USE THE PLANT SIZE DATA S
> ET
>                         
>                 gen d_wkr_l12_temp = d_wkr if ym_rel == -12
>                 egen d_wkr_l12 = max(d_wkr_l12_temp), by(eventid)
>                 drop d_wkr_l12_temp
>                         
>                 gen d_wkr_l1_temp = d_wkr if ym_rel == -1
>                 egen d_wkr_l1 = max(d_wkr_l1_temp), by(eventid)
>                 drop d_wkr_l1_temp
>                         
>                 gen d_growth = d_wkr_l1 / d_wkr_l12 - 1
>                 
>                 // d_hire_total
>                 
>                 gen d_hire_total_temp = d_hire if ym_rel >= 0
>                 egen d_hire_total = sum(d_hire_total_temp), by(eventid)
>                 
>                 drop d_hire_total_temp
>                 
>         // keeping the variables we need
>         keep eventid d_growth d_hire_total
>         
>         // keeping one observation per event
>         egen unique = tag(eventid)
>         keep if unique == 1
>         drop unique
>         
>         // save temporary file
>         save "${temp}/from_evt_panel_m", replace 
>         
>         */
.         
. // constructing the panel directly
. 
.         // LATER -- THIS SHOULD BE PRETTY STRAIGHTFORWARD WHEN THE ABOVE IS C
> OMPLETE
.         
.         /*
> 
>         foreach e in spv dir emp {
> 
>         use "${data}/evt_m_`e'", clear 
>         
>         // dropping unnecessary variable
>         drop pc_`e'
>         
>         // period restriction
>         keep if pc_ym >= ym(2010,1)
>         
>         // merging with the previous data sets
>         merge 1:1 event_id using "${temp}/from_cowork_panel_m_`e'", nogen
>         merge 1:1 event_id using "${temp}/from_dest_panel_m_`e'", nogen
>         merge 1:1 event_id using "${temp}/from_evt_panel_m_`e'", nogen
>         
>         // merging with firm FE --- UPDATE THIS USING THE NEW AKM EFFECTS!
>         
>                 // origin
>                         
>                 tostring o_plant, generate(plant_id) format(%014.0f)
>                 gen firm_id = substr(plant_id, 1, 8)
>                 destring firm_id, force replace
>                         
>                 merge m:1 firm_id using "${AKM}/AKM_2003_2008_Firm", keep(mas
> ter match) nogen
>                 rename fe_firm fe_firm_o
>                         
>                 drop firm_id plant_id
>                 
>                 // destination
>                 
>                 tostring d_plant, generate(plant_id) format(%014.0f)
>                 gen firm_id = substr(plant_id, 1, 8)
>                 destring firm_id, force replace
>                         
>                 merge m:1 firm_id using "${AKM}/AKM_2003_2008_Firm", keep(mas
> ter match) nogen
>                 rename fe_firm fe_firm_d
>                         
>                 drop firm_id plant_id
>                 
>         // creating additional variables
>         
>                 // d_size_ln
>                 gen d_size_ln = ln(d_size)
>                 
>                 // pc_exp_ln
>                 gen pc_exp_ln = ln(pc_exp)
>                 
>                 // rd_coworker_n_ln
>                 gen rd_coworker_n_ln = ln(rd_coworker_n)
>                 
>                 // ratio_cw_new_hire
>                 gen ratio_cw_new_hire = rd_coworker_n / d_hire
>                 
>         // labeling variables
>         
>         cap la var cnae_d                       "CNAE of destination firm"
>         cap la var cnae_o                       "CNAE of origin firm"
>         cap la var d_avg_fe_worker              "Avg. worker AKM FE at dest. 
> firm at -0" 
>         cap la var d_growth                     "Destination firm growth rate
>  between -12 and -1"            
>         cap la var d_hire                       "Number of hires at dest. fir
> m after 0" 
>         cap la var d_plant                      "Destination plant ID"
>         cap la var d_size                       "Size of destination firm"   
>    
>         cap la var d_size_ln                    "Ln of size of destination fi
> rm"  
>         cap la var event_id                     "Event ID"
>         cap la var fe_firm_d                    "Destination firm AKM FE"    
>         cap la var fe_firm_o                    "Origin firm AKM FE"     
>         cap la var o_avg_fe_worker              "Avg. worker AKM FE at origin
>  firm at -12"
>         cap la var o_plant                      "Origin plant ID"
>         cap la var o_size                       "Size of origin firm"       
>         cap la var pc_age                       "Age of poached individual"  
>      
>         cap la var pc_exp                       "Poached individual experienc
> e"       
>         cap la var pc_exp_ln                    "Ln of experience of poached 
> individual"   
>         cap la var pc_fe                        "AKM FE of poached individual
> "       
>         cap la var pc_wage_d                    "Ln wage of poached individua
> l at dest. firm"
>         cap la var pc_wage_d_lvl                "Wage of poached individual a
> t dest. firm (level)"
>         cap la var pc_wage_o_l1                 "Ln wage of poached individua
> l at origin firm in -1"  
>         cap la var pc_wage_o_l1_lvl             "Wage of poached individual a
> t origin firm in -1 (level)"
>         cap la var pc_ym                        "Poaching cohort"
>         cap la var ratio_cw_new_hire            "Destination firm (# raided w
> orkers / # new hires)"             
>         cap la var rd_coworker_fe               "Avg. AKM FE of raided cowork
> ers"   
>         cap la var rd_coworker_n                "Number of raided coworkers"
>         cap la var rd_coworker_n_ln             "Ln of number of raided cowor
> kers"      
>         cap la var rd_coworker_wage_d_lvl       "Wage of raided coworker at d
> est. firm (level)" 
>         cap la var rd_coworker_wage_o_lvl       "Wage of raided coworker at o
> rigin firm (level)" 
>         
>         // saving
>         save "${data}/202503_poach_ind_`e'", replace
>         
>         }
>                 
> *--------------------------*
> * EXIT
> *--------------------------*
> 
> // REMOVE TEMP FILES!!!! 
>         

end of do-file

.         *do "${prepare}/202503_poach_ind_LOOP6"
.         *do "${prepare}/202503_poach_ind_LOOP7"
.         
.         // identifying event types (using destination occupation)
.         *do "${prepare}/evt_type_m"
.         
.         // imposing sample selection restrictions to the analysis
.         *do "${prepare}/sample_selection"
.         
. // PART IV: constructing main data sets
. 
.         *do "${prepare}/202503_poaching_evt"
. 
. *-----------------------------------------*
. * ANALYSIS (FINAL) - FELIPE: USE THIS
. *-----------------------------------------*
. 
. // MAIN ANALYSIS
. 
.         // imposing restrictions and listing the events we want
.         *do "${analysis}/eventlist"     
.         
.         // exhibits
.         *do "${analysis}/final_sumstats"
.         *do "${analysis}/final_pred1"
.         *do "${analysis}/final_pred2"
.         *do "${analysis}/final_pred3"
.         *do "${analysis}/final_pred4"
.         *do "${analysis}/final_pred5"
.         *do "${analysis}/final_pred6"
.         *do "${analysis}/final_pred7"
.         *do "${analysis}/final_alternatives"
.         
.         // other analyses
.         *do "${analysis}/final_preddelta"
.         
. // TESTING OTHER HYPOTHESES
. 
.         // hypothesis: managers are the owners of the destination firm (spino
> ffs)
.         *do "${analysis}/test_spinoffs"
.         
.         // hypothesis: tenure overlap + strength of information 
.         *do "${analysis}/summary_tenureoverlap"
.         
. // ROBUSTNESS: RESULTS WITHOUT RECLASSIFICATIONS        
. 
.         // imposing restrictions and listing the events we want
.         *do "${analysis}/eventlist_noreclass"
.         
.         // organing exhibits before submission
.         *do "${analysis}/final_pred1_noreclass"
.         *do "${analysis}/final_pred2_noreclass"
.         *do "${analysis}/final_pred3_noreclass"
.         *do "${analysis}/final_pred4_noreclass"
.         *do "${analysis}/final_pred5_noreclass"
.         *do "${analysis}/final_pred6_noreclass"
.         *do "${analysis}/final_pred7_noreclass"
.         *do "${analysis}/final_alternatives_noreclass"
. 
. // ROBUSTNESS: TABLES WITH 0 RAIDES
. 
.         *do "${analysis}/final_pred4_zero"
.         *do "${analysis}/final_pred5_zero"
.         *do "${analysis}/final_alternatives_zero"
.         
.         *do "${analysis}/final_pred4_zeroonly"
.         *do "${analysis}/final_pred5_zeroonly"
.         *do "${analysis}/final_alternatives_zeroonly"
. 
. *-----------------------------------------*
. * ANALYSIS (202503 WORK) -- FABIANO'S STUFF
. *-----------------------------------------*
. 
. // MAIN ANALYSIS
. 
.         // imposing restrictions and listing the events we want
.         *do "${analysis}/eventlist"     
.         
.         // exhibits
.         *do "${analysis}/202503_sumstats"
.         *do "${analysis}/202503_pred1"
.         *do "${analysis}/202503_pred2"
.         *do "${analysis}/final_pred3"
.         *do "${analysis}/202503_pred4"
.         *do "${analysis}/202503_pred5"
.         *do "${analysis}/202503_pred6"
.         *do "${analysis}/final_pred7"
.         *do "${analysis}/final_alternatives"
.         
.         // other analyses
.         *do "${analysis}/final_preddelta"
.         
. // TESTING OTHER HYPOTHESES
. 
.         // hypothesis: managers are the owners of the destination firm (spino
> ffs)
.         *do "${analysis}/test_spinoffs"
.         
.         // hypothesis: tenure overlap + strength of information 
.         *do "${analysis}/summary_tenureoverlap"
.         
. // ROBUSTNESS: RESULTS WITHOUT RECLASSIFICATIONS        
. 
.         // imposing restrictions and listing the events we want
.         *do "${analysis}/eventlist_noreclass"
.         
.         // organing exhibits before submission
.         *do "${analysis}/final_pred1_noreclass"
.         *do "${analysis}/final_pred2_noreclass"
.         *do "${analysis}/final_pred3_noreclass"
.         *do "${analysis}/final_pred4_noreclass"
.         *do "${analysis}/final_pred5_noreclass"
.         *do "${analysis}/final_pred6_noreclass"
.         *do "${analysis}/final_pred7_noreclass"
.         *do "${analysis}/final_alternatives_noreclass"
. 
. // ROBUSTNESS: TABLES WITH 0 RAIDES
. 
.         *do "${analysis}/final_pred4_zero"
.         *do "${analysis}/final_pred5_zero"
.         *do "${analysis}/final_alternatives_zero"
.         
.         *do "${analysis}/final_pred4_zeroonly"
.         *do "${analysis}/final_pred5_zeroonly"
.         *do "${analysis}/final_alternatives_zeroonly"
. 
. 
. 
. 
. 
.         
. 
. 
. 
.         
. 
. *****************************************************************************
> **
. /* ARCHIVE
> 
> *--------------------------- mar 27 2025 archive ----------------------------
> ---
> 
>         // Figure 1: 
>         
>                 // baseline graph
>                 do "${analysis}/es_baseline"
>         
>                 // understanding baseline (raw averages)
>                 do "${analysis}/es_baseline_raw" // FD NOTE: I haven't organi
> zed this yet
>         
>         // Figure 2: 
>         
>                 // quality of new hires
>                 do "${analysis}/quality_dest_hire"
>         
>         // Table 1:
>         
>                 // summary statistics
>                 do "${analysis}/summary_statistics"
>         
>         // Table 2
>         
>                 // information available
>                 do "${analysis}/table2"
>                 
>         // Table 3
>         
>                 // information is needed
>                 do "${analysis}/table3"
>                 
>         // Destination growth
>         
>                 // # of hires and # total employess
>                 do "${analysis}/destgrowth"
>                 
>         // Trying something different: overlap between spv-spv and emp-emp
>         do "${analysis}/overlap"
>         
>         // Review why there are missing values
>         do "${auxiliary}/review_missing_variables"
>         
>         // Check if some variables are created correctly
>         do "${auxiliary}/vars_dont_look_right"
>         
>         // Check creation of variables for which we nly had the log
>         do "${auxiliary}/check_vars_in_levels"
> 
> *--------------------------- nov 19 2024 archive ----------------------------
> ---
> 
>         // Figure 3: 
>         
>                 // CDF quality at origin
>                 do "${analysis}/quality_origin"
>         
>                 // reg quality at origin
>                 do "${analysis}/reg_quality_origin"
>                 
>                 // generating CDF for subset of events that have at least 1 r
> aided worker and at least 1 moveable worker
>                 do "${analysis}/quality_origin_sel_evts"
>                 
>         // Table 2:
>         
>                 // v1
>                 do "${analysis}/table2"
>         
>                 // v2: include ind. and event time FE
>                 do "${analysis}/table2_v2"
> 
>         // Table 3:
>         
>                 // v1
>                 do "${analysis}/table3"
>         
>                 // v2: include ind. and event time FE
>                 do "${analysis}/table3_v2"
>                 
> *-------------------------- other archive -----------------------------------
> --
> 
> 
>         // firm-level event study: baseline figures with raw averages
>         *do "${analysis}/es_raw_firm"
>         
>         // firm-level event study: analysis using regressions
>         *do "${analysis}/es_reg_firm"
>         
>                 // heterogeneity: by type of movement (to dir, to spv, to emp
> )
>                 *do "${analysis}/es_reg_firm_type"
>                 
>                 // heterogeneity: by origin firm size
>                 *do "${analysis}/es_reg_firm_originsize"
>                 
>                 // heterogeneity: by destination firm size
>                 *do "${analysis}/es_reg_firm_destinationsize"
>                 
>                 // heterogeneity: by region (same or different)
>                 *do "${analysis}/es_reg_firm_region"
>         
>         // hires-level "event study" -- ?? -- tentative analysis so far 
>         *do "${analysis}/es_reg_hires"
>         
>         // table: wage regressions
>         
>                 // testing information hypothesis
>                 *do "${analysis}/reg_wage_info"         
> 
> *------------------------------ monthly rs ----------------------------------
> ---
> 
>         // prepare
> 
>                 // organizing full RAIS (monthly panel)
>                 do "programs/prepare/archive_20240708/rais_m_rs"
>                 
>                 // identifying poaching events
>                 do "programs/prepare/archive_20240708/evt_m_rs"
>                 
>                 // constructing worker-level data set with poaching events in
>  t=0
>                 do "programs/prepare/archive_20240708/evt_work_m_rs"
>                 
>                 // constructing worker-level panel with coworkers only
>                 do "programs/prepare/archive_20240708/cowork_panel_m_rs"
>                 
>                 // constructing event-level panel with poaching plants (d_pla
> nts)
>                 do "programs/prepare/archive_20240708/evt_panel_m_rs"
>                 
>                 // auxiliary data set: wages for coworkers
>                 do "programs/prepare/archive_20240708/wage_real_ln_cw"
>                 
>         // analysis
>         
>                 // sample selection (imposing additional criteria on the even
> ts)
>                 do "programs/analysis/archive_20240708/sample_selection"
> 
>                 // summary stats
>                 do "programs/analysis/archive_20240708/sumstats"
>         
>                 // firm-level event study
>                 do "programs/analysis/archive_20240708/es_firm_dir"
>         
>                 // wage distribution: before vs. after poaching
>                 do "programs/analysis/archive_20240708/wage_dist_dir"
>         
>                 // wage regression: poached workers only; correlation with "i
> nformation"
>                 do "programs/analysis/archive_20240708/wage_corrinfo_dir"
>         
>                 // wage regression: comparison with similar retained workers
>                 do "programs/analysis/archive_20240708/wage_xretained_dir"
> 
> 
> *------------------------------- quarterly ----------------------------------
> ---
> 
>         // organizing quarterly panel
>         do "programs/prepare/archive_20240430/RAIS_Quarterly_RS"
>         
>         // identifying poaching events
>         do "programs/prepare/archive_20240430/PoachingEvents_Quarterly_RS"
>         
>                 // Daniela's version
>                 do "programs/prepare/archive_20240430/evtdefine"
>         
>         // constructing the panel with coworkers
>         do "programs/prepare/archive_20240430/CoWorkers_Panel_Quarterly_RS"
>         
>                 // Daniela's version
>                 do "programs/prepare/archive_20240430/coworker_panel_q_rs"
>         
>         // creating the panel with poaching firms
>         do "programs/prepare/archive_20240430/PoachingEvents_Panel_Quarterly_
> RS"
>         
>                 // Daniela's version
>                 do "programs/prepare/archive_20240430/events_panel_rs" 
>                 

end of do-file
