
  ___  ____  ____  ____  ____ ®
 /__    /   ____/   /   ____/      18.0
___/   /   /___/   /   /___/       MP—Parallel Edition

 Statistics and Data Science       Copyright 1985-2023 StataCorp LLC
                                   StataCorp
                                   4905 Lakeway Drive
                                   College Station, Texas 77845 USA
                                   800-STATA-PC        https://www.stata.com
                                   979-696-4600        stata@stata.com

Stata license: 5-user 8-core network perpetual
Serial number: 501806372583
  Licensed to: Econ Department
               Cornell University, Ithaca, NY

Notes:
      1. Stata is running in batch mode.
      2. Unicode is supported; see help unicode_advice.
      3. More than 2 billion observations are allowed; see help obs_advice.
      4. Maximum number of variables is set to 5,000 but can be increased;
          see help set_maxvar.

. do master_LOOP3.do /logs/slurm_LOOP3.log 

. // Poaching Project
. // Created by: Fabiano Dal-Ri
. // (fd237@cornell.edu; dalri.fabiano@gmail.com)
. // Date created: April 2024
. 
. // Purpose: Master file for the "Poaching" project
. 
. *--------------------------*
. * SET UP
. *--------------------------*
. 
.         // working directory
.         cd "/home/ecco_rais/data/interwrk/daniela_group"
/home/ecco_rais/data/interwrk/daniela_group

.         
.         // clearing session
.         clear all

.         macro drop _all

. 
.         // default color scheme
.         set scheme s1color

.         
.         // globals -- input files
.         
.         global RAIS_Clean       "RAIS/output/data/identified/RAIS_Clean"

.         global AKM              "akm/output/data"

.         global JointMovements   "displacement/output/data/JointMovements"

.         global Owners           "fabiano/jmp/output/data/Owners"

.         global Firms_Panel      "fabiano/jmp/output/data/Firms_Panel"   

.         
.         // globals -- paths in this folder
.         
.         global input            "poaching/input"

.         global prepare          "poaching/programs/prepare"

.         global analysis         "poaching/programs/analysis"

.         global auxiliary        "poaching/programs/auxiliary"

.         global data             "poaching/output/data"

.         global results          "poaching/output/results"

.         global temp             "poaching/temp"

.         
.         // globals -- analysis
.         
.         global evt_vars evt_l9 evt_l8 evt_l7 evt_l6 evt_l5 evt_l4 evt_zero ev
> t_l2 evt_l1 ///
>               evt_f0 evt_f1 evt_f2 evt_f3 evt_f4 evt_f5 evt_f6 evt_f7 evt_f8 
> evt_f9 evt_f10 evt_f11 evt_f12     

.         
. *-----------------------------------------*
. * POPULATING INPUT FOLDER
. *-----------------------------------------*
. 
.         // "auxiliary" folder:
.         // -- ipca_brazil.dta: taken from other projects; no raw files availa
> ble anymore
.         // -- minwage_brazil.dta: taken from other projects; no raw files ava
> ilable anymore
.         // -- georegions.dta: taken from Fabiano's JMP
.         
. *-----------------------------------------*
. * PREPARE
. *-----------------------------------------*
. 
. // PART I: organizing RAIS data 
. 
.         // create a monthly RAIS panel
.         *do "${prepare}/rais_m"
.         
. // PART II: constructing auxiliary data sets
. 
.         // calculate average number of employees
.         *do "${prepare}/plantsize_m"
.         
.         // calculate wage growth variables at the plant-level
.         *do "${prepare}/wagegrowth_m"
.         
.         // calculate industry growth (employment)
.         *do "${prepare}/industrygrowth_m" // IN PROGRESS
.         
.         // calculate positive employment dummy variable
.         *do "${prepare}/posemp_m"
.                         
.         // identify joing movements
.         *do "${prepare}/jointmvt"
. 
. // PART III: constructing intermediate data sets
. 
.         // identifying poaching events
.         *do "${prepare}/202503_evt_m"
.                 
.                 // identifying the main poached individual
.                 *do "${prepare}/202503_mainpc"
.                 
.                 // identifying event types
.                 *do "${prepare}/202503_evttype"
.         
.         // constructing worker-level panel with coworkers of the poached indi
> viduals
.         *do "${prepare}/202503_cowork_panel_m"
.         
.         // constructing event-level panel with poaching plants (destination p
> lants)
.         *do "${prepare}/202503_evt_panel_m"
.         
.         // constructing worker-level data set with poaching firms in t=0
.         *do "${prepare}/202503_dest_panel_m"
.         
.         // event-level data set
.         *do "${prepare}/202503_poach_ind"
.         *do "${prepare}/202503_poach_ind_LOOP1"
.         *do "${prepare}/202503_poach_ind_LOOP2"
.         do "${prepare}/202503_poach_ind_LOOP3"

. // Poaching Project
. // Created by: Fabiano Dal-Ri
. // (fd237@cornell.edu; dalri.fabiano@gmail.com)
. // Date created: August 2024
. 
. // Purpose: Create data set with poached individuals only
. 
. *--------------------------*
. * BUILD
. *--------------------------*
. 
. // variables from cowork_panel_m
. 
.         // this panel will be constructed separately for each cohort
.         foreach ym of numlist 625/635 { 
  2. 
.         use "${data}/202503_cowork_panel_m/202503_o_cw_`ym'", clear
  3.         
.         // creating alternative raided workers variable -- MOVE THIS TO COWOR
> K_PANEL_M_SPV, EVENTUALLY
.         // reassigning poached individuals who are not the main one as raided
>  individuals
.         
.                 gen raidpc = (raid == 1 | (ym_rel == 0 & pc_individual == 1 &
>  main_individual == 0))
  4.                 
.                 gen raidpc_individual = (raid_individual == 1 | (pc_individua
> l == 1 & main_individual == 0))
  5.                         
.         // organizing variables we want to keep
.         
.                 // cnae_o, cnae_d
.                 
.                 tostring cnae20_class, gen(cnae20_class_str) format(%05.0f)
  6.                 gen cnae20_2d = substr(cnae20_class_str, 1, 2)
  7.                 destring cnae20_2d, force replace
  8.                 
.                 gen cnae_o_temp = cnae20_2d if ym_rel == -12
  9.                 egen cnae_o = max(cnae_o_temp), by(eventid)
 10.                 
.                 gen cnae_d_temp = cnae20_2d if ym_rel == 0
 11.                 egen cnae_d = max(cnae_d_temp), by(eventid)
 12.                 
.                 drop cnae20_class_str cnae20_2d cnae_o_temp cnae_d_temp
 13.                 
.                 // o_avg_worker_naive_fe
.                 
.                 gen o_avg_worker_naive_fe_temp = worker_naive_fe if ym_rel ==
>  -12
 14.                 egen o_avg_worker_naive_fe = mean(o_avg_worker_naive_fe_te
> mp), by(eventid)
 15.                 
.                 drop o_avg_worker_naive_fe_temp
 16.                 
.                 // o_avg_worker_akm_fe
.                 
.                 gen o_avg_worker_akm_fe_temp = worker_akm_fe if ym_rel == -12
 17.                 egen o_avg_worker_akm_fe = mean(o_avg_worker_akm_fe_temp),
>  by(eventid)
 18.                 
.                 drop o_avg_worker_akm_fe_temp
 19.                 
.                 // o_size
.         
.                 gen o_size_temp = 1 if ym_rel == -12
 20.                 egen o_size = sum(o_size_temp), by(eventid)
 21.                 
.                 drop o_size_temp
 22.                 
.                 // pc_age
.                 
.                 gen pc_age_temp = age if ym_rel == -12 & pc_individual == 1
 23.                 egen pc_age = mean(pc_age_temp), by(eventid)
 24.                 
.                 drop pc_age_temp
 25.                 
.                         // pc_age
.                 
.                         gen main_age_temp = age if ym_rel == -12 & main_indiv
> idual == 1
 26.                         egen main_age = mean(main_age_temp), by(eventid)
 27.                 
.                         drop main_age_temp
 28.                 
.                 // pc_exp
.                 
.                 gen pc_exp_temp = age - educ_years - 6 if ym_rel == -12 & pc_
> individual == 1
 29.                 
.                         // note: in some cases, this is negative or zero
.                         // issue: young people with too many education years
.                         // in these cases, we assign pc_exp = 1 (they were em
> ployed, after all)
.                         replace pc_exp_temp = 1 if pc_exp <= 0
 30.                         
.                 egen pc_exp = mean(pc_exp_temp), by(eventid)
 31.                 
.                 drop pc_exp_temp
 32.                 
.                         // main_exp
.                 
.                         gen main_exp_temp = age - educ_years - 6 if ym_rel ==
>  -12 & main_individual == 1
 33.                 
.                                 // note: in some cases, this is negative or z
> ero
.                                 // issue: young people with too many educatio
> n years
.                                 // in these cases, we assign main_exp = 1 (th
> ey were employed, after all)
.                                 replace main_exp_temp = 1 if main_exp <= 0
 34.                                 
.                         egen main_exp = mean(main_exp_temp), by(eventid)
 35.                         
.                         drop main_exp_temp
 36.                 
.                 // pc_worker_naive_fe
.                 
.                 gen pc_worker_naive_fe_temp = worker_naive_fe if ym_rel == -1
> 2 & pc_individual == 1
 37.                 egen pc_worker_naive_fe = mean(pc_worker_naive_fe_temp), b
> y(eventid)
 38.                 
.                 drop pc_worker_naive_fe_temp
 39.                 
.                         // main_worker_naive_fe
.                 
.                         gen main_worker_naive_fe_temp = worker_naive_fe if ym
> _rel == -12 & main_individual == 1
 40.                         egen main_worker_naive_fe = mean(main_worker_naive
> _fe_temp), by(eventid)
 41.                 
.                         drop main_worker_naive_fe_temp
 42.                         
.                 // pc_worker_akm_fe
.                 
.                 gen pc_worker_akm_fe_temp = worker_akm_fe if ym_rel == -12 & 
> pc_individual == 1
 43.                 egen pc_worker_akm_fe = mean(pc_worker_akm_fe_temp), by(ev
> entid)
 44.                 
.                 drop pc_worker_akm_fe_temp
 45.                 
.                         // main_worker_akm_fe
.                 
.                         gen main_worker_akm_fe_temp = worker_akm_fe if ym_rel
>  == -12 & main_individual == 1
 46.                         egen main_worker_akm_fe = mean(main_worker_akm_fe_
> temp), by(eventid)
 47.                 
.                         drop main_worker_akm_fe_temp    
 48.         
.                 // pc_wage_d
.                 
.                 gen pc_wage_d_temp = wage_real_ln if ym_rel == 0 & pc_individ
> ual == 1
 49.                 egen pc_wage_d = mean(pc_wage_d_temp), by(eventid)
 50.                 
.                 drop pc_wage_d_temp
 51.                 
.                         // main_wage_d
.                 
.                         gen main_wage_d_temp = wage_real_ln if ym_rel == 0 & 
> main_individual == 1
 52.                         egen main_wage_d = mean(main_wage_d_temp), by(even
> tid)
 53.                         
.                         drop main_wage_d_temp
 54.                 
.                 // pc_wage_d_lvl
.                 
.                 gen pc_wage_d_lvl_temp = wage_real if ym_rel == 0 & pc_indivi
> dual == 1
 55.                 egen pc_wage_d_lvl = mean(pc_wage_d_lvl_temp), by(eventid)
 56.                 
.                 drop pc_wage_d_lvl_temp
 57.                 
.                         // main_wage_d_lvl
.                 
.                         gen main_wage_d_lvl_temp = wage_real if ym_rel == 0 &
>  main_individual == 1
 58.                         egen main_wage_d_lvl = mean(main_wage_d_lvl_temp),
>  by(eventid)
 59.                         
.                         drop main_wage_d_lvl_temp
 60.                         
.                 // pc_wage_o_l1
.                 
.                 gen pc_wage_o_l1_temp = wage_real_ln if ym_rel == -1 & pc_ind
> ividual == 1
 61.                 egen pc_wage_o_l1 = mean(pc_wage_o_l1_temp), by(eventid)
 62.                 
.                 drop pc_wage_o_l1_temp
 63.                 
.                         // pc_wage_o_l1
.                 
.                         gen main_wage_o_l1_temp = wage_real_ln if ym_rel == -
> 1 & main_individual == 1
 64.                         egen main_wage_o_l1 = mean(main_wage_o_l1_temp), b
> y(eventid)
 65.                         
.                         drop main_wage_o_l1_temp
 66.                         
.                 // pc_wage_o_l1_lvl
.                 
.                 gen pc_wage_o_l1_lvl_temp = wage_real if ym_rel == -1 & pc_in
> dividual == 1
 67.                 egen pc_wage_o_l1_lvl = mean(pc_wage_o_l1_lvl_temp), by(ev
> entid)
 68.                 
.                 drop pc_wage_o_l1_lvl_temp
 69.                 
.                         // main_wage_o_l1_lvl
.                 
.                         gen main_wage_o_l1_lvl_temp = wage_real if ym_rel == 
> -1 & main_individual == 1
 70.                         egen main_wage_o_l1_lvl = mean(main_wage_o_l1_lvl_
> temp), by(eventid)
 71.                         
.                         drop main_wage_o_l1_lvl_temp
 72.                         
.                 // rd_coworker_naive_fe
.                 
.                 gen rd_coworker_naive_fe_temp = worker_naive_fe if ym_rel == 
> -12 & raid_individual == 1
 73.                 egen rd_coworker_naive_fe = mean(rd_coworker_naive_fe_temp
> ), by(eventid)
 74.                 
.                 drop rd_coworker_naive_fe_temp
 75.                 
.                         // rdpc_coworker_naive_fe
.                 
.                         gen rdpc_coworker_naive_fe_temp = worker_naive_fe if 
> ym_rel == -12 & raidpc_individual == 1
 76.                         egen rdpc_coworker_naive_fe = mean(rdpc_coworker_n
> aive_fe_temp), by(eventid)
 77.                         
.                         drop rdpc_coworker_naive_fe_temp
 78. 
.                 // rd_coworker_akm_fe
.                 
.                 gen rd_coworker_akm_fe_temp = worker_akm_fe if ym_rel == -12 
> & raid_individual == 1
 79.                 egen rd_coworker_akm_fe = mean(rd_coworker_akm_fe_temp), b
> y(eventid)
 80.                 
.                 drop rd_coworker_akm_fe_temp
 81.                 
.                         // rdpc_coworker_akm_fe
.                 
.                         gen rdpc_coworker_akm_fe_temp = worker_akm_fe if ym_r
> el == -12 & raidpc_individual == 1
 82.                         egen rdpc_coworker_akm_fe = mean(rdpc_coworker_akm
> _fe_temp), by(eventid)
 83.                         
.                         drop rdpc_coworker_akm_fe_temp  
 84.                         
.                 // rd_coworker_n
.                 
.                 gen rd_coworker_n_temp = 1 if ym_rel == -12 & raid_individual
>  == 1
 85.                 egen rd_coworker_n = sum(rd_coworker_n_temp), by(eventid)
 86.                 
.                 drop rd_coworker_n_temp
 87.                 
.                         // rdpc_coworker_n
.                 
.                         gen rdpc_coworker_n_temp = 1 if ym_rel == -12 & raidp
> c_individual == 1
 88.                         egen rdpc_coworker_n = sum(rdpc_coworker_n_temp), 
> by(eventid)
 89.                 
.                         drop rdpc_coworker_n_temp
 90.                 
.                 // rd_coworker_wage_o_lvl
.                 
.                 gen rd_coworker_wage_o_lvl_temp = wage_real if ym_rel == -12 
> & raid_individual == 1
 91.                 egen rd_coworker_wage_o_lvl = mean(rd_coworker_wage_o_lvl_
> temp), by(eventid)
 92.                 
.                 drop rd_coworker_wage_o_lvl_temp
 93.                 
.                         // rdpc_coworker_wage_o_lvl
.                         
.                         gen rdpc_coworker_wage_o_lvl_temp = wage_real if ym_r
> el == -12 & raidpc_individual == 1
 94.                         egen rdpc_coworker_wage_o_lvl = mean(rdpc_coworker
> _wage_o_lvl_temp), by(eventid)
 95.                         
.                         drop rdpc_coworker_wage_o_lvl_temp
 96.                 
.                 // rd_coworker_wage_d_lvl
.                 
.                 gen rd_coworker_wage_d_lvl_temp = wage_real if raid == 1 & ra
> id_individual == 1
 97.                 egen rd_coworker_wage_d_lvl = mean(rd_coworker_wage_d_lvl_
> temp), by(eventid)
 98.                 
.                 drop rd_coworker_wage_d_lvl_temp
 99.                 
.                         // rdpc_coworker_wage_d_lvl
.                 
.                         gen rdpc_coworker_wage_d_lvl_temp = wage_real if raid
> pc == 1 & raidpc_individual == 1
100.                         egen rdpc_coworker_wage_d_lvl = mean(rdpc_coworker
> _wage_d_lvl_temp), by(eventid)
101.                         
.                         drop rdpc_coworker_wage_d_lvl_temp
102.                         
.         // keeping the variables we need
.         keep eventid cnae_d cnae_o o_avg_worker_naive_fe o_avg_worker_akm_fe 
> o_size pc_age main_age pc_exp main_exp ///
>                 pc_worker_naive_fe pc_worker_akm_fe main_worker_naive_fe main
> _worker_akm_fe ///
>                 pc_wage_d main_wage_d pc_wage_d_lvl main_wage_d_lvl pc_wage_o
> _l1 ///
>                 main_wage_o_l1 pc_wage_o_l1_lvl main_wage_o_l1_lvl rd_coworke
> r_naive_fe rd_coworker_akm_fe ///
>                 rdpc_coworker_naive_fe rdpc_coworker_akm_fe ///
>                 rd_coworker_n rdpc_coworker_n rd_coworker_wage_d_lvl rdpc_cow
> orker_wage_d_lvl ///
>                 rd_coworker_wage_o_lvl rdpc_coworker_wage_o_lvl
103.         
.         // keeping one observation per event
.         egen unique = tag(eventid)
104.         keep if unique == 1
105.         drop unique
106.         
.         // save temporary file
.         save "${temp}/from_cowork_panel_m_`ym'", replace
107.         
.         }
cnae20_class_str generated as str5
cnae20_2d: all characters numeric; replaced as byte
(10451431 missing values generated)
(57,234,720 missing values generated)
(57,706,315 missing values generated)
(58,143,875 missing values generated)
(275 missing values generated)
(57,866,813 missing values generated)
(275 missing values generated)
(57,234,720 missing values generated)
(59,614,148 missing values generated)
(59,614,797 missing values generated)
(59,614,148 missing values generated)
(67 real changes made)
(59,614,797 missing values generated)
(59 real changes made)
(59,616,174 missing values generated)
(22,097,900 missing values generated)
(59,616,626 missing values generated)
(22,710,825 missing values generated)
(59,615,549 missing values generated)
(15,083,475 missing values generated)
(59,616,063 missing values generated)
(15,399,825 missing values generated)
(59,614,148 missing values generated)
(59,614,797 missing values generated)
(59,614,148 missing values generated)
(59,614,797 missing values generated)
(59,614,148 missing values generated)
(59,614,797 missing values generated)
(59,614,148 missing values generated)
(59,614,797 missing values generated)
(59,610,663 missing values generated)
(29,031,650 missing values generated)
(59,610,211 missing values generated)
(28,856,375 missing values generated)
(59,608,657 missing values generated)
(27,295,225 missing values generated)
(59,608,143 missing values generated)
(27,081,850 missing values generated)
(59,604,364 missing values generated)
(59,603,715 missing values generated)
(59,604,364 missing values generated)
(24,719,550 missing values generated)
(59,603,715 missing values generated)
(24,401,100 missing values generated)
(59,604,364 missing values generated)
(24,719,550 missing values generated)
(59,603,715 missing values generated)
(24,401,100 missing values generated)
(59,614,797 observations deleted)
file poaching/temp/from_cowork_panel_m_625.dta saved
cnae20_class_str generated as str5
cnae20_2d: all characters numeric; replaced as byte
(11654140 missing values generated)
(65,036,784 missing values generated)
(65,567,407 missing values generated)
(66,061,778 missing values generated)
(65,756,276 missing values generated)
(65,036,784 missing values generated)
(67,740,119 missing values generated)
(67,740,896 missing values generated)
(67,740,119 missing values generated)
(96 real changes made)
(67,740,896 missing values generated)
(83 real changes made)
(67,742,715 missing values generated)
(23,416,525 missing values generated)
(67,743,194 missing values generated)
(23,923,000 missing values generated)
(67,741,930 missing values generated)
(15,897,375 missing values generated)
(67,742,491 missing values generated)
(16,218,475 missing values generated)
(67,740,119 missing values generated)
(67,740,896 missing values generated)
(67,740,119 missing values generated)
(67,740,896 missing values generated)
(67,740,119 missing values generated)
(67,740,896 missing values generated)
(67,740,119 missing values generated)
(67,740,896 missing values generated)
(67,736,425 missing values generated)
(35,542,725 missing values generated)
(67,735,946 missing values generated)
(35,313,825 missing values generated)
(67,734,162 missing values generated)
(32,964,150 missing values generated)
(67,733,601 missing values generated)
(32,688,150 missing values generated)
(67,728,778 missing values generated)
(67,728,001 missing values generated)
(67,728,778 missing values generated)
(29,874,075 missing values generated)
(67,728,001 missing values generated)
(29,565,700 missing values generated)
(67,728,778 missing values generated)
(29,874,075 missing values generated)
(67,728,001 missing values generated)
(29,565,700 missing values generated)
(67,740,896 observations deleted)
file poaching/temp/from_cowork_panel_m_626.dta saved
cnae20_class_str generated as str5
cnae20_2d: all characters numeric; replaced as byte
(12297646 missing values generated)
(67,365,168 missing values generated)
(67,913,226 missing values generated)
(68,449,924 missing values generated)
(700 missing values generated)
(68,133,436 missing values generated)
(67,365,168 missing values generated)
(70,165,543 missing values generated)
(70,166,417 missing values generated)
(70,165,543 missing values generated)
(101 real changes made)
(70,166,417 missing values generated)
(96 real changes made)
(70,168,115 missing values generated)
(27,018,000 missing values generated)
(70,168,619 missing values generated)
(27,972,550 missing values generated)
(70,167,349 missing values generated)
(18,551,425 missing values generated)
(70,167,975 missing values generated)
(18,998,250 missing values generated)
(70,165,543 missing values generated)
(70,166,417 missing values generated)
(70,165,543 missing values generated)
(70,166,417 missing values generated)
(70,165,543 missing values generated)
(70,166,417 missing values generated)
(70,165,543 missing values generated)
(70,166,417 missing values generated)
(70,161,170 missing values generated)
(34,264,575 missing values generated)
(70,160,666 missing values generated)
(33,750,850 missing values generated)
(70,158,648 missing values generated)
(31,717,625 missing values generated)
(70,158,022 missing values generated)
(31,407,725 missing values generated)
(70,152,166 missing values generated)
(70,151,292 missing values generated)
(70,152,166 missing values generated)
(28,686,200 missing values generated)
(70,151,292 missing values generated)
(28,376,400 missing values generated)
(70,152,166 missing values generated)
(28,686,200 missing values generated)
(70,151,292 missing values generated)
(28,376,400 missing values generated)
(70,166,417 observations deleted)
file poaching/temp/from_cowork_panel_m_627.dta saved
cnae20_class_str generated as str5
cnae20_2d: all characters numeric; replaced as byte
(12354042 missing values generated)
(68,162,280 missing values generated)
(68,708,928 missing values generated)
(69,266,194 missing values generated)
(800 missing values generated)
(68,949,879 missing values generated)
(68,162,280 missing values generated)
(70,995,907 missing values generated)
(70,996,645 missing values generated)
(70,995,907 missing values generated)
(126 real changes made)
(70,996,645 missing values generated)
(121 real changes made)
(70,998,436 missing values generated)
(26,773,725 missing values generated)
(70,998,915 missing values generated)
(27,496,300 missing values generated)
(70,997,688 missing values generated)
(18,363,275 missing values generated)
(70,998,250 missing values generated)
(18,835,300 missing values generated)
(70,995,907 missing values generated)
(70,996,645 missing values generated)
(70,995,907 missing values generated)
(70,996,645 missing values generated)
(70,995,907 missing values generated)
(70,996,645 missing values generated)
(70,995,907 missing values generated)
(70,996,645 missing values generated)
(70,992,184 missing values generated)
(35,103,875 missing values generated)
(70,991,705 missing values generated)
(34,870,200 missing values generated)
(70,989,912 missing values generated)
(32,695,750 missing values generated)
(70,989,350 missing values generated)
(32,468,825 missing values generated)
(70,984,181 missing values generated)
(70,983,443 missing values generated)
(70,984,181 missing values generated)
(29,407,350 missing values generated)
(70,983,443 missing values generated)
(29,256,900 missing values generated)
(70,984,181 missing values generated)
(29,407,350 missing values generated)
(70,983,443 missing values generated)
(29,256,900 missing values generated)
(70,996,645 observations deleted)
file poaching/temp/from_cowork_panel_m_628.dta saved
cnae20_class_str generated as str5
cnae20_2d: all characters numeric; replaced as byte
(11943010 missing values generated)
(65,085,264 missing values generated)
(65,611,661 missing values generated)
(66,160,929 missing values generated)
(65,856,029 missing values generated)
(65,085,264 missing values generated)
(67,791,182 missing values generated)
(67,791,895 missing values generated)
(67,791,182 missing values generated)
(100 real changes made)
(67,791,895 missing values generated)
(99 real changes made)
(67,793,567 missing values generated)
(24,125,450 missing values generated)
(67,794,028 missing values generated)
(24,628,675 missing values generated)
(67,792,873 missing values generated)
(17,253,475 missing values generated)
(67,793,413 missing values generated)
(17,483,200 missing values generated)
(67,791,182 missing values generated)
(67,791,895 missing values generated)
(67,791,182 missing values generated)
(67,791,895 missing values generated)
(67,791,182 missing values generated)
(67,791,895 missing values generated)
(67,791,182 missing values generated)
(67,791,895 missing values generated)
(67,787,544 missing values generated)
(34,873,550 missing values generated)
(67,787,083 missing values generated)
(34,537,050 missing values generated)
(67,785,114 missing values generated)
(32,577,525 missing values generated)
(67,784,574 missing values generated)
(32,401,575 missing values generated)
(67,778,908 missing values generated)
(67,778,195 missing values generated)
(67,778,908 missing values generated)
(28,901,150 missing values generated)
(67,778,195 missing values generated)
(28,595,475 missing values generated)
(67,778,908 missing values generated)
(28,901,150 missing values generated)
(67,778,195 missing values generated)
(28,595,475 missing values generated)
(67,791,895 observations deleted)
file poaching/temp/from_cowork_panel_m_629.dta saved
cnae20_class_str generated as str5
cnae20_2d: all characters numeric; replaced as byte
(12052743 missing values generated)
(65,337,168 missing values generated)
(65,860,994 missing values generated)
(66,419,740 missing values generated)
(66,115,647 missing values generated)
(65,337,168 missing values generated)
(68,053,084 missing values generated)
(68,054,082 missing values generated)
(68,053,084 missing values generated)
(106 real changes made)
(68,054,082 missing values generated)
(98 real changes made)
(68,055,696 missing values generated)
(26,843,775 missing values generated)
(68,056,356 missing values generated)
(27,312,875 missing values generated)
(68,054,956 missing values generated)
(19,484,775 missing values generated)
(68,055,730 missing values generated)
(19,863,525 missing values generated)
(68,053,084 missing values generated)
(68,054,082 missing values generated)
(68,053,084 missing values generated)
(68,054,082 missing values generated)
(68,053,084 missing values generated)
(68,054,082 missing values generated)
(68,053,084 missing values generated)
(68,054,082 missing values generated)
(68,049,190 missing values generated)
(35,207,000 missing values generated)
(68,048,530 missing values generated)
(34,949,750 missing values generated)
(68,046,787 missing values generated)
(32,737,800 missing values generated)
(68,046,013 missing values generated)
(32,520,025 missing values generated)
(68,040,201 missing values generated)
(68,039,203 missing values generated)
(68,040,201 missing values generated)
(28,559,800 missing values generated)
(68,039,203 missing values generated)
(28,295,450 missing values generated)
(68,040,201 missing values generated)
(28,559,800 missing values generated)
(68,039,203 missing values generated)
(28,295,450 missing values generated)
(68,054,082 observations deleted)
file poaching/temp/from_cowork_panel_m_630.dta saved
cnae20_class_str generated as str5
cnae20_2d: all characters numeric; replaced as byte
(12920449 missing values generated)
(68,932,128 missing values generated)
(69,493,112 missing values generated)
(70,085,075 missing values generated)
(50 missing values generated)
(69,767,287 missing values generated)
(50 missing values generated)
(68,932,128 missing values generated)
(71,797,527 missing values generated)
(71,798,419 missing values generated)
(71,797,527 missing values generated)
(148 real changes made)
(71,798,419 missing values generated)
(141 real changes made)
(71,800,336 missing values generated)
(27,145,275 missing values generated)
(71,800,852 missing values generated)
(28,133,100 missing values generated)
(71,799,574 missing values generated)
(19,159,175 missing values generated)
(71,800,176 missing values generated)
(19,942,950 missing values generated)
(71,797,527 missing values generated)
(71,798,419 missing values generated)
(71,797,527 missing values generated)
(71,798,419 missing values generated)
(71,797,527 missing values generated)
(71,798,419 missing values generated)
(71,797,527 missing values generated)
(71,798,419 missing values generated)
(71,794,930 missing values generated)
(37,940,450 missing values generated)
(71,794,414 missing values generated)
(37,588,300 missing values generated)
(71,792,809 missing values generated)
(35,998,275 missing values generated)
(71,792,207 missing values generated)
(35,642,250 missing values generated)
(71,786,792 missing values generated)
(71,785,900 missing values generated)
(71,786,792 missing values generated)
(32,034,225 missing values generated)
(71,785,900 missing values generated)
(31,671,500 missing values generated)
(71,786,792 missing values generated)
(32,034,225 missing values generated)
(71,785,900 missing values generated)
(31,671,500 missing values generated)
(71,798,419 observations deleted)
file poaching/temp/from_cowork_panel_m_631.dta saved
cnae20_class_str generated as str5
cnae20_2d: all characters numeric; replaced as byte
(12361081 missing values generated)
(64,827,000 missing values generated)
(65,360,239 missing values generated)
(65,940,169 missing values generated)
(65,639,596 missing values generated)
(64,827,000 missing values generated)
(67,522,053 missing values generated)
(67,522,974 missing values generated)
(67,522,053 missing values generated)
(136 real changes made)
(67,522,974 missing values generated)
(129 real changes made)
(67,524,535 missing values generated)
(25,798,050 missing values generated)
(67,525,062 missing values generated)
(26,643,525 missing values generated)
(67,523,831 missing values generated)
(18,514,350 missing values generated)
(67,524,484 missing values generated)
(19,117,250 missing values generated)
(67,522,053 missing values generated)
(67,522,974 missing values generated)
(67,522,053 missing values generated)
(67,522,974 missing values generated)
(67,522,053 missing values generated)
(67,522,974 missing values generated)
(67,522,053 missing values generated)
(67,522,974 missing values generated)
(67,518,791 missing values generated)
(35,226,750 missing values generated)
(67,518,264 missing values generated)
(35,031,225 missing values generated)
(67,516,511 missing values generated)
(33,252,275 missing values generated)
(67,515,858 missing values generated)
(32,951,400 missing values generated)
(67,510,298 missing values generated)
(67,509,377 missing values generated)
(67,510,298 missing values generated)
(28,303,500 missing values generated)
(67,509,377 missing values generated)
(27,973,550 missing values generated)
(67,510,298 missing values generated)
(28,303,500 missing values generated)
(67,509,377 missing values generated)
(27,973,550 missing values generated)
(67,522,974 observations deleted)
file poaching/temp/from_cowork_panel_m_632.dta saved
cnae20_class_str generated as str5
cnae20_2d: all characters numeric; replaced as byte
(12843198 missing values generated)
(68,337,264 missing values generated)
(68,891,259 missing values generated)
(69,490,430 missing values generated)
(69,179,620 missing values generated)
(68,337,264 missing values generated)
(71,178,230 missing values generated)
(71,179,086 missing values generated)
(71,178,230 missing values generated)
(158 real changes made)
(71,179,086 missing values generated)
(147 real changes made)
(71,180,909 missing values generated)
(27,046,450 missing values generated)
(71,181,424 missing values generated)
