
  ___  ____  ____  ____  ____ ®
 /__    /   ____/   /   ____/      18.0
___/   /   /___/   /   /___/       MP—Parallel Edition

 Statistics and Data Science       Copyright 1985-2023 StataCorp LLC
                                   StataCorp
                                   4905 Lakeway Drive
                                   College Station, Texas 77845 USA
                                   800-STATA-PC        https://www.stata.com
                                   979-696-4600        stata@stata.com

Stata license: 5-user 8-core network perpetual
Serial number: 501806372583
  Licensed to: Econ Department
               Cornell University, Ithaca, NY

Notes:
      1. Stata is running in batch mode.
      2. Unicode is supported; see help unicode_advice.
      3. More than 2 billion observations are allowed; see help obs_advice.
      4. Maximum number of variables is set to 5,000 but can be increased;
          see help set_maxvar.

. do master_LOOP4.do /logs/slurm_LOOP4.log 

. // Poaching Project
. // Created by: Fabiano Dal-Ri
. // (fd237@cornell.edu; dalri.fabiano@gmail.com)
. // Date created: April 2024
. 
. // Purpose: Master file for the "Poaching" project
. 
. *--------------------------*
. * SET UP
. *--------------------------*
. 
.         // working directory
.         cd "/home/ecco_rais/data/interwrk/daniela_group"
/home/ecco_rais/data/interwrk/daniela_group

.         
.         // clearing session
.         clear all

.         macro drop _all

. 
.         // default color scheme
.         set scheme s1color

.         
.         // globals -- input files
.         
.         global RAIS_Clean       "RAIS/output/data/identified/RAIS_Clean"

.         global AKM              "akm/output/data"

.         global JointMovements   "displacement/output/data/JointMovements"

.         global Owners           "fabiano/jmp/output/data/Owners"

.         global Firms_Panel      "fabiano/jmp/output/data/Firms_Panel"   

.         
.         // globals -- paths in this folder
.         
.         global input            "poaching/input"

.         global prepare          "poaching/programs/prepare"

.         global analysis         "poaching/programs/analysis"

.         global auxiliary        "poaching/programs/auxiliary"

.         global data             "poaching/output/data"

.         global results          "poaching/output/results"

.         global temp             "poaching/temp"

.         
.         // globals -- analysis
.         
.         global evt_vars evt_l9 evt_l8 evt_l7 evt_l6 evt_l5 evt_l4 evt_zero ev
> t_l2 evt_l1 ///
>               evt_f0 evt_f1 evt_f2 evt_f3 evt_f4 evt_f5 evt_f6 evt_f7 evt_f8 
> evt_f9 evt_f10 evt_f11 evt_f12     

.         
. *-----------------------------------------*
. * POPULATING INPUT FOLDER
. *-----------------------------------------*
. 
.         // "auxiliary" folder:
.         // -- ipca_brazil.dta: taken from other projects; no raw files availa
> ble anymore
.         // -- minwage_brazil.dta: taken from other projects; no raw files ava
> ilable anymore
.         // -- georegions.dta: taken from Fabiano's JMP
.         
. *-----------------------------------------*
. * PREPARE
. *-----------------------------------------*
. 
. // PART I: organizing RAIS data 
. 
.         // create a monthly RAIS panel
.         *do "${prepare}/rais_m"
.         
. // PART II: constructing auxiliary data sets
. 
.         // calculate average number of employees
.         *do "${prepare}/plantsize_m"
.         
.         // calculate wage growth variables at the plant-level
.         *do "${prepare}/wagegrowth_m"
.         
.         // calculate industry growth (employment)
.         *do "${prepare}/industrygrowth_m" // IN PROGRESS
.         
.         // calculate positive employment dummy variable
.         *do "${prepare}/posemp_m"
.                         
.         // identify joing movements
.         *do "${prepare}/jointmvt"
. 
. // PART III: constructing intermediate data sets
. 
.         // identifying poaching events
.         *do "${prepare}/202503_evt_m"
.                 
.                 // identifying the main poached individual
.                 *do "${prepare}/202503_mainpc"
.                 
.                 // identifying event types
.                 *do "${prepare}/202503_evttype"
.         
.         // constructing worker-level panel with coworkers of the poached indi
> viduals
.         *do "${prepare}/202503_cowork_panel_m"
.         
.         // constructing event-level panel with poaching plants (destination p
> lants)
.         *do "${prepare}/202503_evt_panel_m"
.         
.         // constructing worker-level data set with poaching firms in t=0
.         *do "${prepare}/202503_dest_panel_m"
.         
.         // event-level data set
.         *do "${prepare}/202503_poach_ind"
.         *do "${prepare}/202503_poach_ind_LOOP1"
.         *do "${prepare}/202503_poach_ind_LOOP2"
.         *do "${prepare}/202503_poach_ind_LOOP3"
.         do "${prepare}/202503_poach_ind_LOOP4"

. // Poaching Project
. // Created by: Fabiano Dal-Ri
. // (fd237@cornell.edu; dalri.fabiano@gmail.com)
. // Date created: August 2024
. 
. // Purpose: Create data set with poached individuals only
. 
. *--------------------------*
. * BUILD
. *--------------------------*
. 
. // variables from cowork_panel_m
. 
.         // this panel will be constructed separately for each cohort
.         foreach ym of numlist 637/647 { 
  2. 
.         use "${data}/202503_cowork_panel_m/202503_o_cw_`ym'", clear
  3.         
.         // creating alternative raided workers variable -- MOVE THIS TO COWOR
> K_PANEL_M_SPV, EVENTUALLY
.         // reassigning poached individuals who are not the main one as raided
>  individuals
.         
.                 gen raidpc = (raid == 1 | (ym_rel == 0 & pc_individual == 1 &
>  main_individual == 0))
  4.                 
.                 gen raidpc_individual = (raid_individual == 1 | (pc_individua
> l == 1 & main_individual == 0))
  5.                         
.         // organizing variables we want to keep
.         
.                 // cnae_o, cnae_d
.                 
.                 tostring cnae20_class, gen(cnae20_class_str) format(%05.0f)
  6.                 gen cnae20_2d = substr(cnae20_class_str, 1, 2)
  7.                 destring cnae20_2d, force replace
  8.                 
.                 gen cnae_o_temp = cnae20_2d if ym_rel == -12
  9.                 egen cnae_o = max(cnae_o_temp), by(eventid)
 10.                 
.                 gen cnae_d_temp = cnae20_2d if ym_rel == 0
 11.                 egen cnae_d = max(cnae_d_temp), by(eventid)
 12.                 
.                 drop cnae20_class_str cnae20_2d cnae_o_temp cnae_d_temp
 13.                 
.                 // o_avg_worker_naive_fe
.                 
.                 gen o_avg_worker_naive_fe_temp = worker_naive_fe if ym_rel ==
>  -12
 14.                 egen o_avg_worker_naive_fe = mean(o_avg_worker_naive_fe_te
> mp), by(eventid)
 15.                 
.                 drop o_avg_worker_naive_fe_temp
 16.                 
.                 // o_avg_worker_akm_fe
.                 
.                 gen o_avg_worker_akm_fe_temp = worker_akm_fe if ym_rel == -12
 17.                 egen o_avg_worker_akm_fe = mean(o_avg_worker_akm_fe_temp),
>  by(eventid)
 18.                 
.                 drop o_avg_worker_akm_fe_temp
 19.                 
.                 // o_size
.         
.                 gen o_size_temp = 1 if ym_rel == -12
 20.                 egen o_size = sum(o_size_temp), by(eventid)
 21.                 
.                 drop o_size_temp
 22.                 
.                 // pc_age
.                 
.                 gen pc_age_temp = age if ym_rel == -12 & pc_individual == 1
 23.                 egen pc_age = mean(pc_age_temp), by(eventid)
 24.                 
.                 drop pc_age_temp
 25.                 
.                         // pc_age
.                 
.                         gen main_age_temp = age if ym_rel == -12 & main_indiv
> idual == 1
 26.                         egen main_age = mean(main_age_temp), by(eventid)
 27.                 
.                         drop main_age_temp
 28.                 
.                 // pc_exp
.                 
.                 gen pc_exp_temp = age - educ_years - 6 if ym_rel == -12 & pc_
> individual == 1
 29.                 
.                         // note: in some cases, this is negative or zero
.                         // issue: young people with too many education years
.                         // in these cases, we assign pc_exp = 1 (they were em
> ployed, after all)
.                         replace pc_exp_temp = 1 if pc_exp <= 0
 30.                         
.                 egen pc_exp = mean(pc_exp_temp), by(eventid)
 31.                 
.                 drop pc_exp_temp
 32.                 
.                         // main_exp
.                 
.                         gen main_exp_temp = age - educ_years - 6 if ym_rel ==
>  -12 & main_individual == 1
 33.                 
.                                 // note: in some cases, this is negative or z
> ero
.                                 // issue: young people with too many educatio
> n years
.                                 // in these cases, we assign main_exp = 1 (th
> ey were employed, after all)
.                                 replace main_exp_temp = 1 if main_exp <= 0
 34.                                 
.                         egen main_exp = mean(main_exp_temp), by(eventid)
 35.                         
.                         drop main_exp_temp
 36.                 
.                 // pc_worker_naive_fe
.                 
.                 gen pc_worker_naive_fe_temp = worker_naive_fe if ym_rel == -1
> 2 & pc_individual == 1
 37.                 egen pc_worker_naive_fe = mean(pc_worker_naive_fe_temp), b
> y(eventid)
 38.                 
.                 drop pc_worker_naive_fe_temp
 39.                 
.                         // main_worker_naive_fe
.                 
.                         gen main_worker_naive_fe_temp = worker_naive_fe if ym
> _rel == -12 & main_individual == 1
 40.                         egen main_worker_naive_fe = mean(main_worker_naive
> _fe_temp), by(eventid)
 41.                 
.                         drop main_worker_naive_fe_temp
 42.                         
.                 // pc_worker_akm_fe
.                 
.                 gen pc_worker_akm_fe_temp = worker_akm_fe if ym_rel == -12 & 
> pc_individual == 1
 43.                 egen pc_worker_akm_fe = mean(pc_worker_akm_fe_temp), by(ev
> entid)
 44.                 
.                 drop pc_worker_akm_fe_temp
 45.                 
.                         // main_worker_akm_fe
.                 
.                         gen main_worker_akm_fe_temp = worker_akm_fe if ym_rel
>  == -12 & main_individual == 1
 46.                         egen main_worker_akm_fe = mean(main_worker_akm_fe_
> temp), by(eventid)
 47.                 
.                         drop main_worker_akm_fe_temp    
 48.         
.                 // pc_wage_d
.                 
.                 gen pc_wage_d_temp = wage_real_ln if ym_rel == 0 & pc_individ
> ual == 1
 49.                 egen pc_wage_d = mean(pc_wage_d_temp), by(eventid)
 50.                 
.                 drop pc_wage_d_temp
 51.                 
.                         // main_wage_d
.                 
.                         gen main_wage_d_temp = wage_real_ln if ym_rel == 0 & 
> main_individual == 1
 52.                         egen main_wage_d = mean(main_wage_d_temp), by(even
> tid)
 53.                         
.                         drop main_wage_d_temp
 54.                 
.                 // pc_wage_d_lvl
.                 
.                 gen pc_wage_d_lvl_temp = wage_real if ym_rel == 0 & pc_indivi
> dual == 1
 55.                 egen pc_wage_d_lvl = mean(pc_wage_d_lvl_temp), by(eventid)
 56.                 
.                 drop pc_wage_d_lvl_temp
 57.                 
.                         // main_wage_d_lvl
.                 
.                         gen main_wage_d_lvl_temp = wage_real if ym_rel == 0 &
>  main_individual == 1
 58.                         egen main_wage_d_lvl = mean(main_wage_d_lvl_temp),
>  by(eventid)
 59.                         
.                         drop main_wage_d_lvl_temp
 60.                         
.                 // pc_wage_o_l1
.                 
.                 gen pc_wage_o_l1_temp = wage_real_ln if ym_rel == -1 & pc_ind
> ividual == 1
 61.                 egen pc_wage_o_l1 = mean(pc_wage_o_l1_temp), by(eventid)
 62.                 
.                 drop pc_wage_o_l1_temp
 63.                 
.                         // pc_wage_o_l1
.                 
.                         gen main_wage_o_l1_temp = wage_real_ln if ym_rel == -
> 1 & main_individual == 1
 64.                         egen main_wage_o_l1 = mean(main_wage_o_l1_temp), b
> y(eventid)
 65.                         
.                         drop main_wage_o_l1_temp
 66.                         
.                 // pc_wage_o_l1_lvl
.                 
.                 gen pc_wage_o_l1_lvl_temp = wage_real if ym_rel == -1 & pc_in
> dividual == 1
 67.                 egen pc_wage_o_l1_lvl = mean(pc_wage_o_l1_lvl_temp), by(ev
> entid)
 68.                 
.                 drop pc_wage_o_l1_lvl_temp
 69.                 
.                         // main_wage_o_l1_lvl
.                 
.                         gen main_wage_o_l1_lvl_temp = wage_real if ym_rel == 
> -1 & main_individual == 1
 70.                         egen main_wage_o_l1_lvl = mean(main_wage_o_l1_lvl_
> temp), by(eventid)
 71.                         
.                         drop main_wage_o_l1_lvl_temp
 72.                         
.                 // rd_coworker_naive_fe
.                 
.                 gen rd_coworker_naive_fe_temp = worker_naive_fe if ym_rel == 
> -12 & raid_individual == 1
 73.                 egen rd_coworker_naive_fe = mean(rd_coworker_naive_fe_temp
> ), by(eventid)
 74.                 
.                 drop rd_coworker_naive_fe_temp
 75.                 
.                         // rdpc_coworker_naive_fe
.                 
.                         gen rdpc_coworker_naive_fe_temp = worker_naive_fe if 
> ym_rel == -12 & raidpc_individual == 1
 76.                         egen rdpc_coworker_naive_fe = mean(rdpc_coworker_n
> aive_fe_temp), by(eventid)
 77.                         
.                         drop rdpc_coworker_naive_fe_temp
 78. 
.                 // rd_coworker_akm_fe
.                 
.                 gen rd_coworker_akm_fe_temp = worker_akm_fe if ym_rel == -12 
> & raid_individual == 1
 79.                 egen rd_coworker_akm_fe = mean(rd_coworker_akm_fe_temp), b
> y(eventid)
 80.                 
.                 drop rd_coworker_akm_fe_temp
 81.                 
.                         // rdpc_coworker_akm_fe
.                 
.                         gen rdpc_coworker_akm_fe_temp = worker_akm_fe if ym_r
> el == -12 & raidpc_individual == 1
 82.                         egen rdpc_coworker_akm_fe = mean(rdpc_coworker_akm
> _fe_temp), by(eventid)
 83.                         
.                         drop rdpc_coworker_akm_fe_temp  
 84.                         
.                 // rd_coworker_n
.                 
.                 gen rd_coworker_n_temp = 1 if ym_rel == -12 & raid_individual
>  == 1
 85.                 egen rd_coworker_n = sum(rd_coworker_n_temp), by(eventid)
 86.                 
.                 drop rd_coworker_n_temp
 87.                 
.                         // rdpc_coworker_n
.                 
.                         gen rdpc_coworker_n_temp = 1 if ym_rel == -12 & raidp
> c_individual == 1
 88.                         egen rdpc_coworker_n = sum(rdpc_coworker_n_temp), 
> by(eventid)
 89.                 
.                         drop rdpc_coworker_n_temp
 90.                 
.                 // rd_coworker_wage_o_lvl
.                 
.                 gen rd_coworker_wage_o_lvl_temp = wage_real if ym_rel == -12 
> & raid_individual == 1
 91.                 egen rd_coworker_wage_o_lvl = mean(rd_coworker_wage_o_lvl_
> temp), by(eventid)
 92.                 
.                 drop rd_coworker_wage_o_lvl_temp
 93.                 
.                         // rdpc_coworker_wage_o_lvl
.                         
.                         gen rdpc_coworker_wage_o_lvl_temp = wage_real if ym_r
> el == -12 & raidpc_individual == 1
 94.                         egen rdpc_coworker_wage_o_lvl = mean(rdpc_coworker
> _wage_o_lvl_temp), by(eventid)
 95.                         
.                         drop rdpc_coworker_wage_o_lvl_temp
 96.                 
.                 // rd_coworker_wage_d_lvl
.                 
.                 gen rd_coworker_wage_d_lvl_temp = wage_real if raid == 1 & ra
> id_individual == 1
 97.                 egen rd_coworker_wage_d_lvl = mean(rd_coworker_wage_d_lvl_
> temp), by(eventid)
 98.                 
.                 drop rd_coworker_wage_d_lvl_temp
 99.                 
.                         // rdpc_coworker_wage_d_lvl
.                 
.                         gen rdpc_coworker_wage_d_lvl_temp = wage_real if raid
> pc == 1 & raidpc_individual == 1
100.                         egen rdpc_coworker_wage_d_lvl = mean(rdpc_coworker
> _wage_d_lvl_temp), by(eventid)
101.                         
.                         drop rdpc_coworker_wage_d_lvl_temp
102.                         
.         // keeping the variables we need
.         keep eventid cnae_d cnae_o o_avg_worker_naive_fe o_avg_worker_akm_fe 
> o_size pc_age main_age pc_exp main_exp ///
>                 pc_worker_naive_fe pc_worker_akm_fe main_worker_naive_fe main
> _worker_akm_fe ///
>                 pc_wage_d main_wage_d pc_wage_d_lvl main_wage_d_lvl pc_wage_o
> _l1 ///
>                 main_wage_o_l1 pc_wage_o_l1_lvl main_wage_o_l1_lvl rd_coworke
> r_naive_fe rd_coworker_akm_fe ///
>                 rdpc_coworker_naive_fe rdpc_coworker_akm_fe ///
>                 rd_coworker_n rdpc_coworker_n rd_coworker_wage_d_lvl rdpc_cow
> orker_wage_d_lvl ///
>                 rd_coworker_wage_o_lvl rdpc_coworker_wage_o_lvl
103.         
.         // keeping one observation per event
.         egen unique = tag(eventid)
104.         keep if unique == 1
105.         drop unique
106.         
.         // save temporary file
.         save "${temp}/from_cowork_panel_m_`ym'", replace
107.         
.         }
cnae20_class_str generated as str5
cnae20_2d: all characters numeric; replaced as byte
(12044311 missing values generated)
(63,866,208 missing values generated)
(64,420,105 missing values generated)
(65,007,079 missing values generated)
(500 missing values generated)
(64,716,944 missing values generated)
(63,866,208 missing values generated)
(66,521,409 missing values generated)
(66,522,168 missing values generated)
(66,521,409 missing values generated)
(74 real changes made)
(66,522,168 missing values generated)
(69 real changes made)
(66,523,964 missing values generated)
(28,033,100 missing values generated)
(66,524,448 missing values generated)
(28,907,175 missing values generated)
(66,523,312 missing values generated)
(20,654,325 missing values generated)
(66,523,879 missing values generated)
(21,214,075 missing values generated)
(66,521,409 missing values generated)
(66,522,168 missing values generated)
(66,521,409 missing values generated)
(66,522,168 missing values generated)
(66,521,409 missing values generated)
(66,522,168 missing values generated)
(66,521,409 missing values generated)
(66,522,168 missing values generated)
(66,518,581 missing values generated)
(36,739,800 missing values generated)
(66,518,097 missing values generated)
(36,365,900 missing values generated)
(66,516,446 missing values generated)
(34,887,950 missing values generated)
(66,515,879 missing values generated)
(34,481,925 missing values generated)
(66,510,437 missing values generated)
(66,509,678 missing values generated)
(66,510,437 missing values generated)
(30,380,125 missing values generated)
(66,509,678 missing values generated)
(29,942,675 missing values generated)
(66,510,437 missing values generated)
(30,380,125 missing values generated)
(66,509,678 missing values generated)
(29,942,675 missing values generated)
(66,522,168 observations deleted)
file poaching/temp/from_cowork_panel_m_637.dta saved
cnae20_class_str generated as str5
cnae20_2d: all characters numeric; replaced as byte
(12854881 missing values generated)
(67,939,440 missing values generated)
(68,524,764 missing values generated)
(69,174,730 missing values generated)
(775 missing values generated)
(68,866,134 missing values generated)
(67,939,440 missing values generated)
(70,763,337 missing values generated)
(70,764,342 missing values generated)
(70,763,337 missing values generated)
(98 real changes made)
(70,764,342 missing values generated)
(91 real changes made)
(70,766,396 missing values generated)
(29,349,350 missing values generated)
(70,766,973 missing values generated)
(30,510,325 missing values generated)
(70,765,583 missing values generated)
(21,718,100 missing values generated)
(70,766,304 missing values generated)
(22,733,325 missing values generated)
(70,763,337 missing values generated)
(70,764,342 missing values generated)
(70,763,337 missing values generated)
(70,764,342 missing values generated)
(70,763,337 missing values generated)
(70,764,342 missing values generated)
(70,763,337 missing values generated)
(70,764,342 missing values generated)
(70,761,695 missing values generated)
(41,163,425 missing values generated)
(70,761,118 missing values generated)
(40,814,950 missing values generated)
(70,759,576 missing values generated)
(39,376,175 missing values generated)
(70,758,855 missing values generated)
(39,118,350 missing values generated)
(70,752,333 missing values generated)
(70,751,328 missing values generated)
(70,752,333 missing values generated)
(35,036,500 missing values generated)
(70,751,328 missing values generated)
(34,792,750 missing values generated)
(70,752,333 missing values generated)
(35,036,500 missing values generated)
(70,751,328 missing values generated)
(34,792,750 missing values generated)
(70,764,342 observations deleted)
file poaching/temp/from_cowork_panel_m_638.dta saved
cnae20_class_str generated as str5
cnae20_2d: all characters numeric; replaced as byte
(13563778 missing values generated)
(72,525,000 missing values generated)
(73,133,496 missing values generated)
(73,836,551 missing values generated)
(175 missing values generated)
(73,511,587 missing values generated)
(72,525,000 missing values generated)
(75,539,683 missing values generated)
(75,540,454 missing values generated)
(75,539,683 missing values generated)
(119 real changes made)
(75,540,454 missing values generated)
(116 real changes made)
(75,542,956 missing values generated)
(33,455,300 missing values generated)
(75,543,407 missing values generated)
(34,506,000 missing values generated)
(75,542,131 missing values generated)
(23,811,675 missing values generated)
(75,542,664 missing values generated)
(24,416,175 missing values generated)
(75,539,683 missing values generated)
(75,540,454 missing values generated)
(75,539,683 missing values generated)
(75,540,454 missing values generated)
(75,539,683 missing values generated)
(75,540,454 missing values generated)
(75,539,683 missing values generated)
(75,540,454 missing values generated)
(75,537,355 missing values generated)
(43,436,950 missing values generated)
(75,536,904 missing values generated)
(43,117,825 missing values generated)
(75,535,167 missing values generated)
(40,494,875 missing values generated)
(75,534,634 missing values generated)
(40,097,275 missing values generated)
(75,528,864 missing values generated)
(75,528,093 missing values generated)
(75,528,864 missing values generated)
(35,608,250 missing values generated)
(75,528,093 missing values generated)
(35,171,425 missing values generated)
(75,528,864 missing values generated)
(35,608,250 missing values generated)
(75,528,093 missing values generated)
(35,171,425 missing values generated)
(75,540,454 observations deleted)
file poaching/temp/from_cowork_panel_m_639.dta saved
cnae20_class_str generated as str5
cnae20_2d: all characters numeric; replaced as byte
(13081886 missing values generated)
(70,078,512 missing values generated)
(70,663,169 missing values generated)
(71,351,543 missing values generated)
(600 missing values generated)
(71,037,357 missing values generated)
(70,078,512 missing values generated)
(72,991,576 missing values generated)
(72,992,458 missing values generated)
(72,991,576 missing values generated)
(128 real changes made)
(72,992,458 missing values generated)
(117 real changes made)
(72,994,556 missing values generated)
(30,674,675 missing values generated)
(72,995,105 missing values generated)
(31,648,350 missing values generated)
(72,993,834 missing values generated)
(23,395,625 missing values generated)
(72,994,479 missing values generated)
(24,424,025 missing values generated)
(72,991,576 missing values generated)
(72,992,458 missing values generated)
(72,991,576 missing values generated)
(72,992,458 missing values generated)
(72,991,576 missing values generated)
(72,992,458 missing values generated)
(72,991,576 missing values generated)
(72,992,458 missing values generated)
(72,988,615 missing values generated)
(38,107,225 missing values generated)
(72,988,066 missing values generated)
(37,651,225 missing values generated)
(72,986,262 missing values generated)
(36,335,650 missing values generated)
(72,985,617 missing values generated)
(35,943,500 missing values generated)
(72,979,140 missing values generated)
(72,978,258 missing values generated)
(72,979,140 missing values generated)
(31,523,675 missing values generated)
(72,978,258 missing values generated)
(31,273,875 missing values generated)
(72,979,140 missing values generated)
(31,523,675 missing values generated)
(72,978,258 missing values generated)
(31,273,875 missing values generated)
(72,992,458 observations deleted)
file poaching/temp/from_cowork_panel_m_640.dta saved
cnae20_class_str generated as str5
cnae20_2d: all characters numeric; replaced as byte
(12708438 missing values generated)
(68,151,648 missing values generated)
(68,715,882 missing values generated)
(69,396,050 missing values generated)
(69,092,670 missing values generated)
(68,151,648 missing values generated)
(70,984,477 missing values generated)
(70,985,697 missing values generated)
(70,984,477 missing values generated)
(110 real changes made)
(70,985,697 missing values generated)
(107 real changes made)
(70,987,516 missing values generated)
(31,070,575 missing values generated)
(70,988,216 missing values generated)
(31,753,700 missing values generated)
(70,986,757 missing values generated)
(23,178,300 missing values generated)
(70,987,608 missing values generated)
(23,872,125 missing values generated)
(70,984,477 missing values generated)
(70,985,697 missing values generated)
(70,984,477 missing values generated)
(70,985,697 missing values generated)
(70,984,477 missing values generated)
(70,985,697 missing values generated)
(70,984,477 missing values generated)
(70,985,697 missing values generated)
(70,983,035 missing values generated)
(37,594,325 missing values generated)
(70,982,335 missing values generated)
(37,164,425 missing values generated)
(70,981,026 missing values generated)
(35,183,600 missing values generated)
(70,980,175 missing values generated)
(34,675,775 missing values generated)
(70,974,686 missing values generated)
(70,973,466 missing values generated)
(70,974,686 missing values generated)
(30,059,150 missing values generated)
(70,973,466 missing values generated)
(29,599,050 missing values generated)
(70,974,686 missing values generated)
(30,059,150 missing values generated)
(70,973,466 missing values generated)
(29,599,050 missing values generated)
(70,985,697 observations deleted)
file poaching/temp/from_cowork_panel_m_641.dta saved
cnae20_class_str generated as str5
cnae20_2d: all characters numeric; replaced as byte
(12909376 missing values generated)
(67,996,248 missing values generated)
(68,567,217 missing values generated)
(69,250,184 missing values generated)
(1,900 missing values generated)
(68,945,716 missing values generated)
(67,996,248 missing values generated)
(70,822,486 missing values generated)
(70,823,612 missing values generated)
(70,822,486 missing values generated)
(130 real changes made)
(70,823,612 missing values generated)
(128 real changes made)
(70,825,533 missing values generated)
(30,948,025 missing values generated)
(70,826,242 missing values generated)
(32,006,275 missing values generated)
(70,824,750 missing values generated)
(22,020,800 missing values generated)
(70,825,596 missing values generated)
(22,798,225 missing values generated)
(70,822,486 missing values generated)
(70,823,612 missing values generated)
(70,822,486 missing values generated)
(70,823,612 missing values generated)
(70,822,486 missing values generated)
(70,823,612 missing values generated)
(70,822,486 missing values generated)
(70,823,612 missing values generated)
(70,819,037 missing values generated)
(39,026,825 missing values generated)
(70,818,328 missing values generated)
(38,595,150 missing values generated)
(70,816,732 missing values generated)
(36,462,825 missing values generated)
(70,815,886 missing values generated)
(35,879,975 missing values generated)
(70,809,755 missing values generated)
(70,808,629 missing values generated)
(70,809,755 missing values generated)
(31,430,425 missing values generated)
(70,808,629 missing values generated)
(30,805,100 missing values generated)
(70,809,755 missing values generated)
(31,430,425 missing values generated)
(70,808,629 missing values generated)
(30,805,100 missing values generated)
(70,823,612 observations deleted)
file poaching/temp/from_cowork_panel_m_642.dta saved
cnae20_class_str generated as str5
cnae20_2d: all characters numeric; replaced as byte
(12884356 missing values generated)
(68,372,400 missing values generated)
(68,943,507 missing values generated)
(69,642,275 missing values generated)
(1,325 missing values generated)
(69,339,068 missing values generated)
(68,372,400 missing values generated)
(71,214,174 missing values generated)
(71,215,452 missing values generated)
(71,214,174 missing values generated)
(126 real changes made)
(71,215,452 missing values generated)
(114 real changes made)
(71,217,395 missing values generated)
(31,094,375 missing values generated)
(71,218,130 missing values generated)
(31,783,075 missing values generated)
(71,216,611 missing values generated)
(22,829,375 missing values generated)
(71,217,502 missing values generated)
(23,339,275 missing values generated)
(71,214,174 missing values generated)
(71,215,452 missing values generated)
(71,214,174 missing values generated)
(71,215,452 missing values generated)
(71,214,174 missing values generated)
(71,215,452 missing values generated)
(71,214,174 missing values generated)
(71,215,452 missing values generated)
(71,212,168 missing values generated)
(39,297,375 missing values generated)
(71,211,433 missing values generated)
(38,810,825 missing values generated)
(71,209,996 missing values generated)
(37,198,675 missing values generated)
(71,209,105 missing values generated)
(36,601,075 missing values generated)
(71,203,885 missing values generated)
(71,202,607 missing values generated)
(71,203,885 missing values generated)
(32,095,050 missing values generated)
(71,202,607 missing values generated)
(31,486,550 missing values generated)
(71,203,885 missing values generated)
(32,095,050 missing values generated)
(71,202,607 missing values generated)
(31,486,550 missing values generated)
(71,215,452 observations deleted)
file poaching/temp/from_cowork_panel_m_643.dta saved
cnae20_class_str generated as str5
cnae20_2d: all characters numeric; replaced as byte
(12367825 missing values generated)
(65,447,760 missing values generated)
(65,982,420 missing values generated)
(66,652,592 missing values generated)
(66,365,139 missing values generated)
(65,447,760 missing values generated)
(68,168,665 missing values generated)
(68,169,404 missing values generated)
(68,168,665 missing values generated)
(128 real changes made)
(68,169,404 missing values generated)
(122 real changes made)
(68,171,451 missing values generated)
(28,191,325 missing values generated)
(68,171,850 missing values generated)
(29,177,275 missing values generated)
(68,170,818 missing values generated)
(21,748,225 missing values generated)
(68,171,308 missing values generated)
(22,531,400 missing values generated)
(68,168,665 missing values generated)
(68,169,404 missing values generated)
(68,168,665 missing values generated)
(68,169,404 missing values generated)
(68,168,665 missing values generated)
(68,169,404 missing values generated)
(68,168,665 missing values generated)
(68,169,404 missing values generated)
(68,165,122 missing values generated)
(37,017,950 missing values generated)
(68,164,723 missing values generated)
(36,454,700 missing values generated)
(68,162,887 missing values generated)
(34,744,400 missing values generated)
(68,162,397 missing values generated)
(34,207,975 missing values generated)
(68,155,825 missing values generated)
(68,155,086 missing values generated)
(68,155,825 missing values generated)
(29,667,975 missing values generated)
(68,155,086 missing values generated)
(29,593,825 missing values generated)
(68,155,825 missing values generated)
(29,667,975 missing values generated)
(68,155,086 missing values generated)
(29,593,825 missing values generated)
(68,169,404 observations deleted)
file poaching/temp/from_cowork_panel_m_644.dta saved
cnae20_class_str generated as str5
cnae20_2d: all characters numeric; replaced as byte
(13500142 missing values generated)
(70,181,688 missing values generated)
(70,762,756 missing values generated)
(71,500,184 missing values generated)
(550 missing values generated)
(71,189,427 missing values generated)
(550 missing values generated)
(70,181,688 missing values generated)
(73,099,165 missing values generated)
(73,100,237 missing values generated)
(73,099,165 missing values generated)
(163 real changes made)
(73,100,237 missing values generated)
(148 real changes made)
(73,102,183 missing values generated)
(33,013,800 missing values generated)
(73,102,867 missing values generated)
(33,947,750 missing values generated)
(73,101,463 missing values generated)
(25,699,025 missing values generated)
(73,102,244 missing values generated)
(26,276,975 missing values generated)
(73,099,165 missing values generated)
(73,100,237 missing values generated)
(73,099,165 missing values generated)
(73,100,237 missing values generated)
(73,099,165 missing values generated)
(73,100,237 missing values generated)
(73,099,165 missing values generated)
(73,100,237 missing values generated)
(73,096,037 missing values generated)
(41,391,475 missing values generated)
(73,095,353 missing values generated)
(40,618,575 missing values generated)
(73,093,664 missing values generated)
(38,879,375 missing values generated)
(73,092,883 missing values generated)
(38,155,550 missing values generated)
(73,086,675 missing values generated)
(73,085,603 missing values generated)
(73,086,675 missing values generated)
(33,071,450 missing values generated)
(73,085,603 missing values generated)
(32,277,100 missing values generated)
(73,086,675 missing values generated)
(33,071,450 missing values generated)
(73,085,603 missing values generated)
(32,277,100 missing values generated)
(73,100,237 observations deleted)
file poaching/temp/from_cowork_panel_m_645.dta saved
cnae20_class_str generated as str5
cnae20_2d: all characters numeric; replaced as byte
(12795672 missing values generated)
(64,108,608 missing values generated)
(64,657,859 missing values generated)
(65,342,081 missing values generated)
(65,056,406 missing values generated)
(64,108,608 missing values generated)
(66,773,706 missing values generated)
(66,774,867 missing values generated)
(66,773,706 missing values generated)
(138 real changes made)
(66,774,867 missing values generated)
(133 real changes made)
(66,776,489 missing values generated)
(29,231,375 missing values generated)
(66,777,204 missing values generated)
(30,284,550 missing values generated)
(66,775,788 missing values generated)
(21,587,800 missing values generated)
(66,776,637 missing values generated)
(22,380,425 missing values generated)
(66,773,706 missing values generated)
(66,774,867 missing values generated)
(66,773,706 missing values generated)
(66,774,867 missing values generated)
(66,773,706 missing values generated)
(66,774,867 missing values generated)
(66,773,706 missing values generated)
(66,774,867 missing values generated)
(66,770,778 missing values generated)
(37,570,525 missing values generated)
(66,770,063 missing values generated)
(37,050,150 missing values generated)
(66,768,628 missing values generated)
(35,482,000 missing values generated)
(66,767,779 missing values generated)
(34,761,925 missing values generated)
(66,762,128 missing values generated)
(66,760,967 missing values generated)
(66,762,128 missing values generated)
(29,688,575 missing values generated)
(66,760,967 missing values generated)
(29,162,175 missing values generated)
(66,762,128 missing values generated)
(29,688,575 missing values generated)
(66,760,967 missing values generated)
(29,162,175 missing values generated)
(66,774,867 observations deleted)
file poaching/temp/from_cowork_panel_m_646.dta saved
cnae20_class_str generated as str5
cnae20_2d: all characters numeric; replaced as byte
(9955312 missing values generated)
(51,615,480 missing values generated)
(52,047,910 missing values generated)
(52,582,878 missing values generated)
(52,356,060 missing values generated)
(51,615,480 missing values generated)
(53,761,632 missing values generated)
(53,762,495 missing values generated)
(53,761,632 missing values generated)
(125 real changes made)
(53,762,495 missing values generated)
(119 real changes made)
(53,763,646 missing values generated)
(24,250,900 missing values generated)
(53,764,187 missing values generated)
(25,281,575 missing values generated)
(53,763,161 missing values generated)
(18,047,700 missing values generated)
(53,763,788 missing values generated)
(18,636,500 missing values generated)
(53,761,632 missing values generated)
(53,762,495 missing values generated)
(53,761,632 missing values generated)
(53,762,495 missing values generated)
(53,761,632 missing values generated)
(53,762,495 missing values generated)
(53,761,632 missing values generated)
(53,762,495 missing values generated)
(53,757,930 missing values generated)
(28,333,125 missing values generated)
(53,757,389 missing values generated)
(27,929,875 missing values generated)
(53,756,154 missing values generated)
(26,112,675 missing values generated)
(53,755,527 missing values generated)
(25,681,750 missing values generated)
(53,751,348 missing values generated)
(53,750,485 missing values generated)
(53,751,348 missing values generated)
(21,865,650 missing values generated)
(53,750,485 missing values generated)
(21,456,750 missing values generated)
(53,751,348 missing values generated)
(21,865,650 missing values generated)
(53,750,485 missing values generated)
(21,456,750 missing values generated)
(53,762,495 observations deleted)
file poaching/temp/from_cowork_panel_m_647.dta saved

.         
.         /*
>         
>         // appending monthly files
> 
>         clear 
>                 
>         foreach ym of numlist 601/611 613/623 625/635 637/647 649/659 661/671
>  673/683 { 
>                 
>                 append using "${temp}/from_cowork_panel_m_`ym'"
>         
>         }
>         
>         save "${temp}/from_cowork_panel_m", replace
>         
>         */
. 
. // variables from dest_panel_m
.         
.         // this panel will be constructed separately for each cohort
.         foreach ym of numlist 637/647 { 
  2. 
.         use "${data}/202503_dest_panel_m/202503_dest_panel_m_`ym'", clear
  3.         
.         sort eventid ym cpf
  4.         gen pc_ym = `ym'
  5.         gen ym_rel = ym - pc_ym
  6.         
.         // organizing variables we want to keep
.         
.                 // d_avg_worker_naive_fe
.                 
.                 gen d_avg_worker_naive_fe_temp = worker_naive_fe if ym_rel ==
>  0
  7.                 egen d_avg_worker_naive_fe = mean(d_avg_worker_naive_fe_te
> mp), by(eventid)
  8.                 
.                 drop d_avg_worker_naive_fe_temp
  9.                 
.                 // d_avg_worker_akm_fe
.                 
.                 gen d_avg_worker_akm_fe_temp = worker_akm_fe if ym_rel == 0
 10.                 egen d_avg_worker_akm_fe = mean(d_avg_worker_akm_fe_temp),
>  by(eventid)
 11.                 
.                 drop d_avg_worker_akm_fe_temp
 12.                 
.                 // d_size
.                 
.                 gen d_size_temp = 1 if ym_rel == 0
 13.                 egen d_size = sum(d_size_temp), by(eventid)
 14.         
.                 drop d_size_temp
 15.                 
.         // keeping the variables we need
.         keep eventid d_avg_worker_naive_fe d_avg_worker_akm_fe d_size
 16.         
.         // keeping one observation per event
.         egen unique = tag(eventid)
 17.         keep if unique == 1
 18.         drop unique
 19.         
.         // save temporary file
.         save "${temp}/from_dest_panel_m_`ym'", replace
 20.                 
.         }
(68,752,846 missing values generated)
(218 missing values generated)
(68,466,686 missing values generated)
(218 missing values generated)
(67,587,512 missing values generated)
(70,413,792 observations deleted)
(file poaching/temp/from_dest_panel_m_637.dta not found)
file poaching/temp/from_dest_panel_m_637.dta saved
(78,879,497 missing values generated)
(78,551,277 missing values generated)
(77,517,798 missing values generated)
(80,783,219 observations deleted)
(file poaching/temp/from_dest_panel_m_638.dta not found)
file poaching/temp/from_dest_panel_m_638.dta saved
(83,091,076 missing values generated)
(738 missing values generated)
(82,743,590 missing values generated)
(81,630,682 missing values generated)
(85,087,197 observations deleted)
(file poaching/temp/from_dest_panel_m_639.dta not found)
file poaching/temp/from_dest_panel_m_639.dta saved
(81,403,696 missing values generated)
(81,062,258 missing values generated)
(79,958,771 missing values generated)
(83,349,461 observations deleted)
(file poaching/temp/from_dest_panel_m_640.dta not found)
file poaching/temp/from_dest_panel_m_640.dta saved
(77,199,555 missing values generated)
(76,877,280 missing values generated)
(75,839,579 missing values generated)
(79,051,976 observations deleted)
(file poaching/temp/from_dest_panel_m_641.dta not found)
file poaching/temp/from_dest_panel_m_641.dta saved
(77,263,266 missing values generated)
(674 missing values generated)
(76,941,580 missing values generated)
(75,893,372 missing values generated)
(79,100,604 observations deleted)
(file poaching/temp/from_dest_panel_m_642.dta not found)
file poaching/temp/from_dest_panel_m_642.dta saved
(75,020,335 missing values generated)
(267 missing values generated)
(74,706,154 missing values generated)
(73,677,566 missing values generated)
(76,787,509 observations deleted)
(file poaching/temp/from_dest_panel_m_643.dta not found)
file poaching/temp/from_dest_panel_m_643.dta saved
(74,920,171 missing values generated)
(74,609,406 missing values generated)
(73,571,098 missing values generated)
(76,689,228 observations deleted)
(file poaching/temp/from_dest_panel_m_644.dta not found)
file poaching/temp/from_dest_panel_m_644.dta saved
(76,834,263 missing values generated)
(2,345 missing values generated)
(76,517,036 missing values generated)
(1,744 missing values generated)
(75,446,519 missing values generated)
(78,642,667 observations deleted)
(file poaching/temp/from_dest_panel_m_645.dta not found)
file poaching/temp/from_dest_panel_m_645.dta saved
(67,484,179 missing values generated)
(298 missing values generated)
(67,206,480 missing values generated)
(66,259,360 missing values generated)
(69,070,712 observations deleted)
(file poaching/temp/from_dest_panel_m_646.dta not found)
file poaching/temp/from_dest_panel_m_646.dta saved
(54,644,040 missing values generated)
(54,421,870 missing values generated)
(53,674,966 missing values generated)
(55,931,645 observations deleted)
(file poaching/temp/from_dest_panel_m_647.dta not found)
file poaching/temp/from_dest_panel_m_647.dta saved

.         
.         // appending monthly files
.         
.         /*
>         
>         clear
>                 
>         foreach ym of numlist 601/611 613/623 625/635 637/647 649/659 661/671
>  673/683 { 
>                 
>                 append using "${temp}/from_dest_panel_m_`ym'"
>         
>         }
>         
>         save "${temp}/from_dest_panel_m", replace
>         
>         */
.                         
. // variables from evt_panel_m
. 
.         /* // ISSO AQUI JÁ FOI RODADO!!!!!!!!!!!
>         
>         use "${data}/202503_evt_panel_m", clear
>         
>         // organizing variables we want to keep
>         
>                 // d_growth -- NOTE::: LATER, LET'S USE THE PLANT SIZE DATA S
> ET
>                         
>                 gen d_wkr_l12_temp = d_wkr if ym_rel == -12
>                 egen d_wkr_l12 = max(d_wkr_l12_temp), by(eventid)
>                 drop d_wkr_l12_temp
>                         
>                 gen d_wkr_l1_temp = d_wkr if ym_rel == -1
>                 egen d_wkr_l1 = max(d_wkr_l1_temp), by(eventid)
>                 drop d_wkr_l1_temp
>                         
>                 gen d_growth = d_wkr_l1 / d_wkr_l12 - 1
>                 
>                 // d_hire_total
>                 
>                 gen d_hire_total_temp = d_hire if ym_rel >= 0
>                 egen d_hire_total = sum(d_hire_total_temp), by(eventid)
>                 
>                 drop d_hire_total_temp
>                 
>         // keeping the variables we need
>         keep eventid d_growth d_hire_total
>         
>         // keeping one observation per event
>         egen unique = tag(eventid)
>         keep if unique == 1
>         drop unique
>         
>         // save temporary file
>         save "${temp}/from_evt_panel_m", replace 
>         
>         */
.         
. // constructing the panel directly
. 
.         // LATER -- THIS SHOULD BE PRETTY STRAIGHTFORWARD WHEN THE ABOVE IS C
> OMPLETE
.         
.         /*
> 
>         foreach e in spv dir emp {
> 
>         use "${data}/evt_m_`e'", clear 
>         
>         // dropping unnecessary variable
>         drop pc_`e'
>         
>         // period restriction
>         keep if pc_ym >= ym(2010,1)
>         
>         // merging with the previous data sets
>         merge 1:1 event_id using "${temp}/from_cowork_panel_m_`e'", nogen
>         merge 1:1 event_id using "${temp}/from_dest_panel_m_`e'", nogen
>         merge 1:1 event_id using "${temp}/from_evt_panel_m_`e'", nogen
>         
>         // merging with firm FE --- UPDATE THIS USING THE NEW AKM EFFECTS!
>         
>                 // origin
>                         
>                 tostring o_plant, generate(plant_id) format(%014.0f)
>                 gen firm_id = substr(plant_id, 1, 8)
>                 destring firm_id, force replace
>                         
>                 merge m:1 firm_id using "${AKM}/AKM_2003_2008_Firm", keep(mas
> ter match) nogen
>                 rename fe_firm fe_firm_o
>                         
>                 drop firm_id plant_id
>                 
>                 // destination
>                 
>                 tostring d_plant, generate(plant_id) format(%014.0f)
>                 gen firm_id = substr(plant_id, 1, 8)
>                 destring firm_id, force replace
>                         
>                 merge m:1 firm_id using "${AKM}/AKM_2003_2008_Firm", keep(mas
> ter match) nogen
>                 rename fe_firm fe_firm_d
>                         
>                 drop firm_id plant_id
>                 
>         // creating additional variables
>         
>                 // d_size_ln
>                 gen d_size_ln = ln(d_size)
>                 
>                 // pc_exp_ln
>                 gen pc_exp_ln = ln(pc_exp)
>                 
>                 // rd_coworker_n_ln
>                 gen rd_coworker_n_ln = ln(rd_coworker_n)
>                 
>                 // ratio_cw_new_hire
>                 gen ratio_cw_new_hire = rd_coworker_n / d_hire
>                 
>         // labeling variables
>         
>         cap la var cnae_d                       "CNAE of destination firm"
>         cap la var cnae_o                       "CNAE of origin firm"
>         cap la var d_avg_fe_worker              "Avg. worker AKM FE at dest. 
> firm at -0" 
>         cap la var d_growth                     "Destination firm growth rate
>  between -12 and -1"            
>         cap la var d_hire                       "Number of hires at dest. fir
> m after 0" 
>         cap la var d_plant                      "Destination plant ID"
>         cap la var d_size                       "Size of destination firm"   
>    
>         cap la var d_size_ln                    "Ln of size of destination fi
> rm"  
>         cap la var event_id                     "Event ID"
>         cap la var fe_firm_d                    "Destination firm AKM FE"    
>         cap la var fe_firm_o                    "Origin firm AKM FE"     
>         cap la var o_avg_fe_worker              "Avg. worker AKM FE at origin
>  firm at -12"
>         cap la var o_plant                      "Origin plant ID"
>         cap la var o_size                       "Size of origin firm"       
>         cap la var pc_age                       "Age of poached individual"  
>      
>         cap la var pc_exp                       "Poached individual experienc
> e"       
>         cap la var pc_exp_ln                    "Ln of experience of poached 
> individual"   
>         cap la var pc_fe                        "AKM FE of poached individual
> "       
>         cap la var pc_wage_d                    "Ln wage of poached individua
> l at dest. firm"
>         cap la var pc_wage_d_lvl                "Wage of poached individual a
> t dest. firm (level)"
>         cap la var pc_wage_o_l1                 "Ln wage of poached individua
> l at origin firm in -1"  
>         cap la var pc_wage_o_l1_lvl             "Wage of poached individual a
> t origin firm in -1 (level)"
>         cap la var pc_ym                        "Poaching cohort"
>         cap la var ratio_cw_new_hire            "Destination firm (# raided w
> orkers / # new hires)"             
>         cap la var rd_coworker_fe               "Avg. AKM FE of raided cowork
> ers"   
>         cap la var rd_coworker_n                "Number of raided coworkers"
>         cap la var rd_coworker_n_ln             "Ln of number of raided cowor
> kers"      
>         cap la var rd_coworker_wage_d_lvl       "Wage of raided coworker at d
> est. firm (level)" 
>         cap la var rd_coworker_wage_o_lvl       "Wage of raided coworker at o
> rigin firm (level)" 
>         
>         // saving
>         save "${data}/202503_poach_ind_`e'", replace
>         
>         }
>                 
> *--------------------------*
> * EXIT
> *--------------------------*
> 
> // REMOVE TEMP FILES!!!! 
>         

end of do-file

.         *do "${prepare}/202503_poach_ind_LOOP5"
.         *do "${prepare}/202503_poach_ind_LOOP6"
.         *do "${prepare}/202503_poach_ind_LOOP7"
.         
.         // identifying event types (using destination occupation)
.         *do "${prepare}/evt_type_m"
.         
.         // imposing sample selection restrictions to the analysis
.         *do "${prepare}/sample_selection"
.         
. // PART IV: constructing main data sets
. 
.         *do "${prepare}/202503_poaching_evt"
. 
. *-----------------------------------------*
. * ANALYSIS (FINAL) - FELIPE: USE THIS
. *-----------------------------------------*
. 
. // MAIN ANALYSIS
. 
.         // imposing restrictions and listing the events we want
.         *do "${analysis}/eventlist"     
.         
.         // exhibits
.         *do "${analysis}/final_sumstats"
.         *do "${analysis}/final_pred1"
.         *do "${analysis}/final_pred2"
.         *do "${analysis}/final_pred3"
.         *do "${analysis}/final_pred4"
.         *do "${analysis}/final_pred5"
.         *do "${analysis}/final_pred6"
.         *do "${analysis}/final_pred7"
.         *do "${analysis}/final_alternatives"
.         
.         // other analyses
.         *do "${analysis}/final_preddelta"
.         
. // TESTING OTHER HYPOTHESES
. 
.         // hypothesis: managers are the owners of the destination firm (spino
> ffs)
.         *do "${analysis}/test_spinoffs"
.         
.         // hypothesis: tenure overlap + strength of information 
.         *do "${analysis}/summary_tenureoverlap"
.         
. // ROBUSTNESS: RESULTS WITHOUT RECLASSIFICATIONS        
. 
.         // imposing restrictions and listing the events we want
.         *do "${analysis}/eventlist_noreclass"
.         
.         // organing exhibits before submission
.         *do "${analysis}/final_pred1_noreclass"
.         *do "${analysis}/final_pred2_noreclass"
.         *do "${analysis}/final_pred3_noreclass"
.         *do "${analysis}/final_pred4_noreclass"
.         *do "${analysis}/final_pred5_noreclass"
.         *do "${analysis}/final_pred6_noreclass"
.         *do "${analysis}/final_pred7_noreclass"
.         *do "${analysis}/final_alternatives_noreclass"
. 
. // ROBUSTNESS: TABLES WITH 0 RAIDES
. 
.         *do "${analysis}/final_pred4_zero"
.         *do "${analysis}/final_pred5_zero"
.         *do "${analysis}/final_alternatives_zero"
.         
.         *do "${analysis}/final_pred4_zeroonly"
.         *do "${analysis}/final_pred5_zeroonly"
.         *do "${analysis}/final_alternatives_zeroonly"
. 
. *-----------------------------------------*
. * ANALYSIS (202503 WORK) -- FABIANO'S STUFF
. *-----------------------------------------*
. 
. // MAIN ANALYSIS
. 
.         // imposing restrictions and listing the events we want
.         *do "${analysis}/eventlist"     
.         
.         // exhibits
.         *do "${analysis}/202503_sumstats"
.         *do "${analysis}/202503_pred1"
.         *do "${analysis}/202503_pred2"
.         *do "${analysis}/final_pred3"
.         *do "${analysis}/202503_pred4"
.         *do "${analysis}/202503_pred5"
.         *do "${analysis}/202503_pred6"
.         *do "${analysis}/final_pred7"
.         *do "${analysis}/final_alternatives"
.         
.         // other analyses
.         *do "${analysis}/final_preddelta"
.         
. // TESTING OTHER HYPOTHESES
. 
.         // hypothesis: managers are the owners of the destination firm (spino
> ffs)
.         *do "${analysis}/test_spinoffs"
.         
.         // hypothesis: tenure overlap + strength of information 
.         *do "${analysis}/summary_tenureoverlap"
.         
. // ROBUSTNESS: RESULTS WITHOUT RECLASSIFICATIONS        
. 
.         // imposing restrictions and listing the events we want
.         *do "${analysis}/eventlist_noreclass"
.         
.         // organing exhibits before submission
.         *do "${analysis}/final_pred1_noreclass"
.         *do "${analysis}/final_pred2_noreclass"
.         *do "${analysis}/final_pred3_noreclass"
.         *do "${analysis}/final_pred4_noreclass"
.         *do "${analysis}/final_pred5_noreclass"
.         *do "${analysis}/final_pred6_noreclass"
.         *do "${analysis}/final_pred7_noreclass"
.         *do "${analysis}/final_alternatives_noreclass"
. 
. // ROBUSTNESS: TABLES WITH 0 RAIDES
. 
.         *do "${analysis}/final_pred4_zero"
.         *do "${analysis}/final_pred5_zero"
.         *do "${analysis}/final_alternatives_zero"
.         
.         *do "${analysis}/final_pred4_zeroonly"
.         *do "${analysis}/final_pred5_zeroonly"
.         *do "${analysis}/final_alternatives_zeroonly"
. 
. 
. 
. 
. 
.         
. 
. 
. 
.         
. 
. *****************************************************************************
> **
. /* ARCHIVE
> 
> *--------------------------- mar 27 2025 archive ----------------------------
> ---
> 
>         // Figure 1: 
>         
>                 // baseline graph
>                 do "${analysis}/es_baseline"
>         
>                 // understanding baseline (raw averages)
>                 do "${analysis}/es_baseline_raw" // FD NOTE: I haven't organi
> zed this yet
>         
>         // Figure 2: 
>         
>                 // quality of new hires
>                 do "${analysis}/quality_dest_hire"
>         
>         // Table 1:
>         
>                 // summary statistics
>                 do "${analysis}/summary_statistics"
>         
>         // Table 2
>         
>                 // information available
>                 do "${analysis}/table2"
>                 
>         // Table 3
>         
>                 // information is needed
>                 do "${analysis}/table3"
>                 
>         // Destination growth
>         
>                 // # of hires and # total employess
>                 do "${analysis}/destgrowth"
>                 
>         // Trying something different: overlap between spv-spv and emp-emp
>         do "${analysis}/overlap"
>         
>         // Review why there are missing values
>         do "${auxiliary}/review_missing_variables"
>         
>         // Check if some variables are created correctly
>         do "${auxiliary}/vars_dont_look_right"
>         
>         // Check creation of variables for which we nly had the log
>         do "${auxiliary}/check_vars_in_levels"
> 
> *--------------------------- nov 19 2024 archive ----------------------------
> ---
> 
>         // Figure 3: 
>         
>                 // CDF quality at origin
>                 do "${analysis}/quality_origin"
>         
>                 // reg quality at origin
>                 do "${analysis}/reg_quality_origin"
>                 
>                 // generating CDF for subset of events that have at least 1 r
> aided worker and at least 1 moveable worker
>                 do "${analysis}/quality_origin_sel_evts"
>                 
>         // Table 2:
>         
>                 // v1
>                 do "${analysis}/table2"
>         
>                 // v2: include ind. and event time FE
>                 do "${analysis}/table2_v2"
> 
>         // Table 3:
>         
>                 // v1
>                 do "${analysis}/table3"
>         
>                 // v2: include ind. and event time FE
>                 do "${analysis}/table3_v2"
>                 
> *-------------------------- other archive -----------------------------------
> --
> 
> 
>         // firm-level event study: baseline figures with raw averages
>         *do "${analysis}/es_raw_firm"
>         
>         // firm-level event study: analysis using regressions
>         *do "${analysis}/es_reg_firm"
>         
>                 // heterogeneity: by type of movement (to dir, to spv, to emp
> )
>                 *do "${analysis}/es_reg_firm_type"
>                 
>                 // heterogeneity: by origin firm size
>                 *do "${analysis}/es_reg_firm_originsize"
>                 
>                 // heterogeneity: by destination firm size
>                 *do "${analysis}/es_reg_firm_destinationsize"
>                 
>                 // heterogeneity: by region (same or different)
>                 *do "${analysis}/es_reg_firm_region"
>         
>         // hires-level "event study" -- ?? -- tentative analysis so far 
>         *do "${analysis}/es_reg_hires"
>         
>         // table: wage regressions
>         
>                 // testing information hypothesis
>                 *do "${analysis}/reg_wage_info"         
> 
> *------------------------------ monthly rs ----------------------------------
> ---
> 
>         // prepare
> 
>                 // organizing full RAIS (monthly panel)
>                 do "programs/prepare/archive_20240708/rais_m_rs"
>                 
>                 // identifying poaching events
>                 do "programs/prepare/archive_20240708/evt_m_rs"
>                 
>                 // constructing worker-level data set with poaching events in
>  t=0
>                 do "programs/prepare/archive_20240708/evt_work_m_rs"
>                 
>                 // constructing worker-level panel with coworkers only
>                 do "programs/prepare/archive_20240708/cowork_panel_m_rs"
>                 
>                 // constructing event-level panel with poaching plants (d_pla
> nts)
>                 do "programs/prepare/archive_20240708/evt_panel_m_rs"
>                 
>                 // auxiliary data set: wages for coworkers
>                 do "programs/prepare/archive_20240708/wage_real_ln_cw"
>                 
>         // analysis
>         
>                 // sample selection (imposing additional criteria on the even
> ts)
>                 do "programs/analysis/archive_20240708/sample_selection"
> 
>                 // summary stats
>                 do "programs/analysis/archive_20240708/sumstats"
>         
>                 // firm-level event study
>                 do "programs/analysis/archive_20240708/es_firm_dir"
>         
>                 // wage distribution: before vs. after poaching
>                 do "programs/analysis/archive_20240708/wage_dist_dir"
>         
>                 // wage regression: poached workers only; correlation with "i
> nformation"
>                 do "programs/analysis/archive_20240708/wage_corrinfo_dir"
>         
>                 // wage regression: comparison with similar retained workers
>                 do "programs/analysis/archive_20240708/wage_xretained_dir"
> 
> 
> *------------------------------- quarterly ----------------------------------
> ---
> 
>         // organizing quarterly panel
>         do "programs/prepare/archive_20240430/RAIS_Quarterly_RS"
>         
>         // identifying poaching events
>         do "programs/prepare/archive_20240430/PoachingEvents_Quarterly_RS"
>         
>                 // Daniela's version
>                 do "programs/prepare/archive_20240430/evtdefine"
>         
>         // constructing the panel with coworkers
>         do "programs/prepare/archive_20240430/CoWorkers_Panel_Quarterly_RS"
>         
>                 // Daniela's version
>                 do "programs/prepare/archive_20240430/coworker_panel_q_rs"
>         
>         // creating the panel with poaching firms
>         do "programs/prepare/archive_20240430/PoachingEvents_Panel_Quarterly_
> RS"
>         
>                 // Daniela's version
>                 do "programs/prepare/archive_20240430/events_panel_rs" 
>                 

end of do-file
